This file contains any messages produced by compilers while
running configure, to aid debugging if configure makes a mistake.

It was created by grit configure 0.8.14, which was
generated by GNU Autoconf 2.69.  Invocation command line was

  $ ./configure --prefix=/opt/radiofreedom/arm

## --------- ##
## Platform. ##
## --------- ##

hostname = nookie
uname -m = x86_64
uname -r = 3.13.0-119-generic
uname -s = Linux
uname -v = #166-Ubuntu SMP Wed May 3 12:18:55 UTC 2017

/usr/bin/uname -p = unknown
/bin/uname -X     = unknown

/bin/arch              = unknown
/usr/bin/arch -k       = unknown
/usr/convex/getsysinfo = unknown
/usr/bin/hostinfo      = unknown
/bin/machine           = unknown
/usr/bin/oslevel       = unknown
/bin/universe          = unknown

PATH: /usr/local/sbin
PATH: /usr/local/bin
PATH: /usr/sbin
PATH: /usr/bin
PATH: /sbin
PATH: /bin
PATH: /snap/bin
PATH: /opt/radiofreedom/arm/bin


## ----------- ##
## Core tests. ##
## ----------- ##

configure:2390: checking for a BSD-compatible install
configure:2458: result: /usr/bin/install -c
configure:2469: checking whether build environment is sane
configure:2524: result: yes
configure:2675: checking for a thread-safe mkdir -p
configure:2714: result: /bin/mkdir -p
configure:2721: checking for gawk
configure:2751: result: no
configure:2721: checking for mawk
configure:2737: found /usr/bin/mawk
configure:2748: result: mawk
configure:2759: checking whether make sets $(MAKE)
configure:2781: result: yes
configure:2927: checking for g++
configure:2943: found /usr/bin/g++
configure:2954: result: g++
configure:2981: checking for C++ compiler version
configure:2990: g++ --version >&5
g++ (Ubuntu 4.8.4-2ubuntu1~14.04.3) 4.8.4
Copyright (C) 2013 Free Software Foundation, Inc.
This is free software; see the source for copying conditions.  There is NO
warranty; not even for MERCHANTABILITY or FITNESS FOR A PARTICULAR PURPOSE.

configure:3001: $? = 0
configure:2990: g++ -v >&5
Using built-in specs.
COLLECT_GCC=g++
COLLECT_LTO_WRAPPER=/usr/lib/gcc/x86_64-linux-gnu/4.8/lto-wrapper
Target: x86_64-linux-gnu
Configured with: ../src/configure -v --with-pkgversion='Ubuntu 4.8.4-2ubuntu1~14.04.3' --with-bugurl=file:///usr/share/doc/gcc-4.8/README.Bugs --enable-languages=c,c++,java,go,d,fortran,objc,obj-c++ --prefix=/usr --program-suffix=-4.8 --enable-shared --enable-linker-build-id --libexecdir=/usr/lib --without-included-gettext --enable-threads=posix --with-gxx-include-dir=/usr/include/c++/4.8 --libdir=/usr/lib --enable-nls --with-sysroot=/ --enable-clocale=gnu --enable-libstdcxx-debug --enable-libstdcxx-time=yes --enable-gnu-unique-object --disable-libmudflap --enable-plugin --with-system-zlib --disable-browser-plugin --enable-java-awt=gtk --enable-gtk-cairo --with-java-home=/usr/lib/jvm/java-1.5.0-gcj-4.8-amd64/jre --enable-java-home --with-jvm-root-dir=/usr/lib/jvm/java-1.5.0-gcj-4.8-amd64 --with-jvm-jar-dir=/usr/lib/jvm-exports/java-1.5.0-gcj-4.8-amd64 --with-arch-directory=amd64 --with-ecj-jar=/usr/share/java/eclipse-ecj.jar --enable-objc-gc --enable-multiarch --disable-werror --with-arch-32=i686 --with-abi=m64 --with-multilib-list=m32,m64,mx32 --with-tune=generic --enable-checking=release --build=x86_64-linux-gnu --host=x86_64-linux-gnu --target=x86_64-linux-gnu
Thread model: posix
gcc version 4.8.4 (Ubuntu 4.8.4-2ubuntu1~14.04.3) 
configure:3001: $? = 0
configure:2990: g++ -V >&5
g++: error: unrecognized command line option '-V'
g++: fatal error: no input files
compilation terminated.
configure:3001: $? = 4
configure:2990: g++ -qversion >&5
g++: error: unrecognized command line option '-qversion'
g++: fatal error: no input files
compilation terminated.
configure:3001: $? = 4
configure:3021: checking whether the C++ compiler works
configure:3043: g++ -O2   conftest.cpp  >&5
configure:3047: $? = 0
configure:3095: result: yes
configure:3098: checking for C++ compiler default output file name
configure:3100: result: a.out
configure:3106: checking for suffix of executables
configure:3113: g++ -o conftest -O2   conftest.cpp  >&5
configure:3117: $? = 0
configure:3139: result: 
configure:3161: checking whether we are cross compiling
configure:3169: g++ -o conftest -O2   conftest.cpp  >&5
configure:3173: $? = 0
configure:3180: ./conftest
configure:3184: $? = 0
configure:3199: result: no
configure:3204: checking for suffix of object files
configure:3226: g++ -c -O2  conftest.cpp >&5
configure:3230: $? = 0
configure:3251: result: o
configure:3255: checking whether we are using the GNU C++ compiler
configure:3274: g++ -c -O2  conftest.cpp >&5
configure:3274: $? = 0
configure:3283: result: yes
configure:3292: checking whether g++ accepts -g
configure:3312: g++ -c -g  conftest.cpp >&5
configure:3312: $? = 0
configure:3353: result: yes
configure:3387: checking for style of include used by make
configure:3415: result: GNU
configure:3441: checking dependency style of g++
configure:3552: result: gcc3
configure:3572: checking build system type
configure:3586: result: x86_64-unknown-linux-gnu
configure:3606: checking host system type
configure:3619: result: x86_64-unknown-linux-gnu
configure:3686: checking how to print strings
configure:3713: result: printf
configure:3782: checking for gcc
configure:3798: found /usr/bin/gcc
configure:3809: result: gcc
configure:4038: checking for C compiler version
configure:4047: gcc --version >&5
gcc (Ubuntu 4.8.4-2ubuntu1~14.04.3) 4.8.4
Copyright (C) 2013 Free Software Foundation, Inc.
This is free software; see the source for copying conditions.  There is NO
warranty; not even for MERCHANTABILITY or FITNESS FOR A PARTICULAR PURPOSE.

configure:4058: $? = 0
configure:4047: gcc -v >&5
Using built-in specs.
COLLECT_GCC=gcc
COLLECT_LTO_WRAPPER=/usr/lib/gcc/x86_64-linux-gnu/4.8/lto-wrapper
Target: x86_64-linux-gnu
Configured with: ../src/configure -v --with-pkgversion='Ubuntu 4.8.4-2ubuntu1~14.04.3' --with-bugurl=file:///usr/share/doc/gcc-4.8/README.Bugs --enable-languages=c,c++,java,go,d,fortran,objc,obj-c++ --prefix=/usr --program-suffix=-4.8 --enable-shared --enable-linker-build-id --libexecdir=/usr/lib --without-included-gettext --enable-threads=posix --with-gxx-include-dir=/usr/include/c++/4.8 --libdir=/usr/lib --enable-nls --with-sysroot=/ --enable-clocale=gnu --enable-libstdcxx-debug --enable-libstdcxx-time=yes --enable-gnu-unique-object --disable-libmudflap --enable-plugin --with-system-zlib --disable-browser-plugin --enable-java-awt=gtk --enable-gtk-cairo --with-java-home=/usr/lib/jvm/java-1.5.0-gcj-4.8-amd64/jre --enable-java-home --with-jvm-root-dir=/usr/lib/jvm/java-1.5.0-gcj-4.8-amd64 --with-jvm-jar-dir=/usr/lib/jvm-exports/java-1.5.0-gcj-4.8-amd64 --with-arch-directory=amd64 --with-ecj-jar=/usr/share/java/eclipse-ecj.jar --enable-objc-gc --enable-multiarch --disable-werror --with-arch-32=i686 --with-abi=m64 --with-multilib-list=m32,m64,mx32 --with-tune=generic --enable-checking=release --build=x86_64-linux-gnu --host=x86_64-linux-gnu --target=x86_64-linux-gnu
Thread model: posix
gcc version 4.8.4 (Ubuntu 4.8.4-2ubuntu1~14.04.3) 
configure:4058: $? = 0
configure:4047: gcc -V >&5
gcc: error: unrecognized command line option '-V'
gcc: fatal error: no input files
compilation terminated.
configure:4058: $? = 4
configure:4047: gcc -qversion >&5
gcc: error: unrecognized command line option '-qversion'
gcc: fatal error: no input files
compilation terminated.
configure:4058: $? = 4
configure:4062: checking whether we are using the GNU C compiler
configure:4081: gcc -c -O2  conftest.c >&5
configure:4081: $? = 0
configure:4090: result: yes
configure:4099: checking whether gcc accepts -g
configure:4119: gcc -c -g  conftest.c >&5
configure:4119: $? = 0
configure:4160: result: yes
configure:4177: checking for gcc option to accept ISO C89
configure:4240: gcc  -c -O2  conftest.c >&5
configure:4240: $? = 0
configure:4253: result: none needed
configure:4275: checking dependency style of gcc
configure:4386: result: gcc3
configure:4401: checking for a sed that does not truncate output
configure:4465: result: /bin/sed
configure:4483: checking for grep that handles long lines and -e
configure:4541: result: /bin/grep
configure:4546: checking for egrep
configure:4608: result: /bin/grep -E
configure:4613: checking for fgrep
configure:4675: result: /bin/grep -F
configure:4710: checking for ld used by gcc
configure:4777: result: /usr/bin/ld
configure:4784: checking if the linker (/usr/bin/ld) is GNU ld
configure:4799: result: yes
configure:4811: checking for BSD- or MS-compatible name lister (nm)
configure:4865: result: /usr/bin/nm -B
configure:4995: checking the name lister (/usr/bin/nm -B) interface
configure:5002: gcc -c -O2  conftest.c >&5
configure:5005: /usr/bin/nm -B "conftest.o"
configure:5008: output
0000000000000000 B some_variable
configure:5015: result: BSD nm
configure:5018: checking whether ln -s works
configure:5022: result: yes
configure:5030: checking the maximum length of command line arguments
configure:5161: result: 1572864
configure:5209: checking how to convert x86_64-unknown-linux-gnu file names to x86_64-unknown-linux-gnu format
configure:5249: result: func_convert_file_noop
configure:5256: checking how to convert x86_64-unknown-linux-gnu file names to toolchain format
configure:5276: result: func_convert_file_noop
configure:5283: checking for /usr/bin/ld option to reload object files
configure:5290: result: -r
configure:5364: checking for objdump
configure:5380: found /usr/bin/objdump
configure:5391: result: objdump
configure:5423: checking how to recognize dependent libraries
configure:5623: result: pass_all
configure:5708: checking for dlltool
configure:5738: result: no
configure:5768: checking how to associate runtime and link libraries
configure:5795: result: printf %s\n
configure:5856: checking for ar
configure:5872: found /usr/bin/ar
configure:5883: result: ar
configure:5920: checking for archiver @FILE support
configure:5937: gcc -c -O2  conftest.c >&5
configure:5937: $? = 0
configure:5940: ar cru libconftest.a @conftest.lst >&5
configure:5943: $? = 0
configure:5948: ar cru libconftest.a @conftest.lst >&5
ar: conftest.o: No such file or directory
configure:5951: $? = 1
configure:5963: result: @
configure:6021: checking for strip
configure:6037: found /usr/bin/strip
configure:6048: result: strip
configure:6120: checking for ranlib
configure:6136: found /usr/bin/ranlib
configure:6147: result: ranlib
configure:6249: checking command to parse /usr/bin/nm -B output from gcc object
configure:6402: gcc -c -O2  conftest.c >&5
configure:6405: $? = 0
configure:6409: /usr/bin/nm -B conftest.o \| sed -n -e 's/^.*[ ]\([ABCDGIRSTW][ABCDGIRSTW]*\)[ ][ ]*\([_A-Za-z][_A-Za-z0-9]*\)$/\1 \2 \2/p' | sed '/ __gnu_lto/d' \> conftest.nm
configure:6412: $? = 0
configure:6478: gcc -o conftest -O2   conftest.c conftstm.o >&5
configure:6481: $? = 0
configure:6519: result: ok
configure:6566: checking for sysroot
configure:6596: result: no
configure:6603: checking for a working dd
configure:6641: result: /bin/dd
configure:6645: checking how to truncate binary pipes
configure:6660: result: /bin/dd bs=4096 count=1
configure:6796: gcc -c -O2  conftest.c >&5
configure:6799: $? = 0
configure:6989: checking for mt
configure:7005: found /bin/mt
configure:7016: result: mt
configure:7039: checking if mt is a manifest tool
configure:7045: mt '-?'
configure:7053: result: no
configure:7730: checking how to run the C preprocessor
configure:7761: gcc -E  conftest.c
configure:7761: $? = 0
configure:7775: gcc -E  conftest.c
conftest.c:11:28: fatal error: ac_nonexistent.h: No such file or directory
 #include <ac_nonexistent.h>
                            ^
compilation terminated.
configure:7775: $? = 1
configure: failed program was:
| /* confdefs.h */
| #define PACKAGE_NAME "grit"
| #define PACKAGE_TARNAME "grit"
| #define PACKAGE_VERSION "0.8.14"
| #define PACKAGE_STRING "grit 0.8.14"
| #define PACKAGE_BUGREPORT "https://github.com/devkitPro/grit/issues"
| #define PACKAGE_URL ""
| #define PACKAGE "grit"
| #define VERSION "0.8.14"
| /* end confdefs.h.  */
| #include <ac_nonexistent.h>
configure:7800: result: gcc -E
configure:7820: gcc -E  conftest.c
configure:7820: $? = 0
configure:7834: gcc -E  conftest.c
conftest.c:11:28: fatal error: ac_nonexistent.h: No such file or directory
 #include <ac_nonexistent.h>
                            ^
compilation terminated.
configure:7834: $? = 1
configure: failed program was:
| /* confdefs.h */
| #define PACKAGE_NAME "grit"
| #define PACKAGE_TARNAME "grit"
| #define PACKAGE_VERSION "0.8.14"
| #define PACKAGE_STRING "grit 0.8.14"
| #define PACKAGE_BUGREPORT "https://github.com/devkitPro/grit/issues"
| #define PACKAGE_URL ""
| #define PACKAGE "grit"
| #define VERSION "0.8.14"
| /* end confdefs.h.  */
| #include <ac_nonexistent.h>
configure:7863: checking for ANSI C header files
configure:7883: gcc -c -O2  conftest.c >&5
configure:7883: $? = 0
configure:7956: gcc -o conftest -O2   conftest.c  >&5
configure:7956: $? = 0
configure:7956: ./conftest
configure:7956: $? = 0
configure:7967: result: yes
configure:7980: checking for sys/types.h
configure:7980: gcc -c -O2  conftest.c >&5
configure:7980: $? = 0
configure:7980: result: yes
configure:7980: checking for sys/stat.h
configure:7980: gcc -c -O2  conftest.c >&5
configure:7980: $? = 0
configure:7980: result: yes
configure:7980: checking for stdlib.h
configure:7980: gcc -c -O2  conftest.c >&5
configure:7980: $? = 0
configure:7980: result: yes
configure:7980: checking for string.h
configure:7980: gcc -c -O2  conftest.c >&5
configure:7980: $? = 0
configure:7980: result: yes
configure:7980: checking for memory.h
configure:7980: gcc -c -O2  conftest.c >&5
configure:7980: $? = 0
configure:7980: result: yes
configure:7980: checking for strings.h
configure:7980: gcc -c -O2  conftest.c >&5
configure:7980: $? = 0
configure:7980: result: yes
configure:7980: checking for inttypes.h
configure:7980: gcc -c -O2  conftest.c >&5
configure:7980: $? = 0
configure:7980: result: yes
configure:7980: checking for stdint.h
configure:7980: gcc -c -O2  conftest.c >&5
configure:7980: $? = 0
configure:7980: result: yes
configure:7980: checking for unistd.h
configure:7980: gcc -c -O2  conftest.c >&5
configure:7980: $? = 0
configure:7980: result: yes
configure:7994: checking for dlfcn.h
configure:7994: gcc -c -O2  conftest.c >&5
configure:7994: $? = 0
configure:7994: result: yes
configure:8261: checking for objdir
configure:8276: result: .libs
configure:8540: checking if gcc supports -fno-rtti -fno-exceptions
configure:8558: gcc -c -O2  -fno-rtti -fno-exceptions conftest.c >&5
cc1: warning: command line option '-fno-rtti' is valid for C++/ObjC++ but not for C [enabled by default]
configure:8562: $? = 0
configure:8575: result: no
configure:8933: checking for gcc option to produce PIC
configure:8940: result: -fPIC -DPIC
configure:8948: checking if gcc PIC flag -fPIC -DPIC works
configure:8966: gcc -c -O2  -fPIC -DPIC -DPIC conftest.c >&5
configure:8970: $? = 0
configure:8983: result: yes
configure:9012: checking if gcc static flag -static works
configure:9040: result: yes
configure:9055: checking if gcc supports -c -o file.o
configure:9076: gcc -c -O2  -o out/conftest2.o conftest.c >&5
configure:9080: $? = 0
configure:9102: result: yes
configure:9110: checking if gcc supports -c -o file.o
configure:9157: result: yes
configure:9190: checking whether the gcc linker (/usr/bin/ld -m elf_x86_64) supports shared libraries
configure:10449: result: yes
configure:10486: checking whether -lc should be explicitly linked in
configure:10494: gcc -c -O2  conftest.c >&5
configure:10497: $? = 0
configure:10512: gcc -shared  -fPIC -DPIC conftest.o  -v -Wl,-soname -Wl,conftest -o conftest 2\>\&1 \| /bin/grep  -lc  \>/dev/null 2\>\&1
configure:10515: $? = 0
configure:10529: result: no
configure:10689: checking dynamic linker characteristics
configure:11276: gcc -o conftest -O2   -Wl,-rpath -Wl,/foo conftest.c  >&5
configure:11276: $? = 0
configure:11513: result: GNU/Linux ld.so
configure:11635: checking how to hardcode library paths into programs
configure:11660: result: immediate
configure:12208: checking whether stripping libraries is possible
configure:12213: result: yes
configure:12248: checking if libtool supports shared libraries
configure:12250: result: yes
configure:12253: checking whether to build shared libraries
configure:12278: result: yes
configure:12281: checking whether to build static libraries
configure:12285: result: yes
configure:12308: checking how to run the C++ preprocessor
configure:12335: g++ -E  conftest.cpp
configure:12335: $? = 0
configure:12349: g++ -E  conftest.cpp
conftest.cpp:23:28: fatal error: ac_nonexistent.h: No such file or directory
 #include <ac_nonexistent.h>
                            ^
compilation terminated.
configure:12349: $? = 1
configure: failed program was:
| /* confdefs.h */
| #define PACKAGE_NAME "grit"
| #define PACKAGE_TARNAME "grit"
| #define PACKAGE_VERSION "0.8.14"
| #define PACKAGE_STRING "grit 0.8.14"
| #define PACKAGE_BUGREPORT "https://github.com/devkitPro/grit/issues"
| #define PACKAGE_URL ""
| #define PACKAGE "grit"
| #define VERSION "0.8.14"
| #define STDC_HEADERS 1
| #define HAVE_SYS_TYPES_H 1
| #define HAVE_SYS_STAT_H 1
| #define HAVE_STDLIB_H 1
| #define HAVE_STRING_H 1
| #define HAVE_MEMORY_H 1
| #define HAVE_STRINGS_H 1
| #define HAVE_INTTYPES_H 1
| #define HAVE_STDINT_H 1
| #define HAVE_UNISTD_H 1
| #define HAVE_DLFCN_H 1
| #define LT_OBJDIR ".libs/"
| /* end confdefs.h.  */
| #include <ac_nonexistent.h>
configure:12374: result: g++ -E
configure:12394: g++ -E  conftest.cpp
configure:12394: $? = 0
configure:12408: g++ -E  conftest.cpp
conftest.cpp:23:28: fatal error: ac_nonexistent.h: No such file or directory
 #include <ac_nonexistent.h>
                            ^
compilation terminated.
configure:12408: $? = 1
configure: failed program was:
| /* confdefs.h */
| #define PACKAGE_NAME "grit"
| #define PACKAGE_TARNAME "grit"
| #define PACKAGE_VERSION "0.8.14"
| #define PACKAGE_STRING "grit 0.8.14"
| #define PACKAGE_BUGREPORT "https://github.com/devkitPro/grit/issues"
| #define PACKAGE_URL ""
| #define PACKAGE "grit"
| #define VERSION "0.8.14"
| #define STDC_HEADERS 1
| #define HAVE_SYS_TYPES_H 1
| #define HAVE_SYS_STAT_H 1
| #define HAVE_STDLIB_H 1
| #define HAVE_STRING_H 1
| #define HAVE_MEMORY_H 1
| #define HAVE_STRINGS_H 1
| #define HAVE_INTTYPES_H 1
| #define HAVE_STDINT_H 1
| #define HAVE_UNISTD_H 1
| #define HAVE_DLFCN_H 1
| #define LT_OBJDIR ".libs/"
| /* end confdefs.h.  */
| #include <ac_nonexistent.h>
configure:12570: checking for ld used by g++
configure:12637: result: /usr/bin/ld -m elf_x86_64
configure:12644: checking if the linker (/usr/bin/ld -m elf_x86_64) is GNU ld
configure:12659: result: yes
configure:12714: checking whether the g++ linker (/usr/bin/ld -m elf_x86_64) supports shared libraries
configure:13787: result: yes
configure:13823: g++ -c -O2  conftest.cpp >&5
configure:13826: $? = 0
configure:14307: checking for g++ option to produce PIC
configure:14314: result: -fPIC -DPIC
configure:14322: checking if g++ PIC flag -fPIC -DPIC works
configure:14340: g++ -c -O2  -fPIC -DPIC -DPIC conftest.cpp >&5
configure:14344: $? = 0
configure:14357: result: yes
configure:14380: checking if g++ static flag -static works
configure:14408: result: yes
configure:14420: checking if g++ supports -c -o file.o
configure:14441: g++ -c -O2  -o out/conftest2.o conftest.cpp >&5
configure:14445: $? = 0
configure:14467: result: yes
configure:14472: checking if g++ supports -c -o file.o
configure:14519: result: yes
configure:14549: checking whether the g++ linker (/usr/bin/ld -m elf_x86_64) supports shared libraries
configure:14589: result: yes
configure:14730: checking dynamic linker characteristics
configure:15480: result: GNU/Linux ld.so
configure:15545: checking how to hardcode library paths into programs
configure:15570: result: immediate
configure:15641: checking FreeImage.h usability
configure:15641: gcc -c -O2  conftest.c >&5
configure:15641: $? = 0
configure:15641: result: yes
configure:15641: checking FreeImage.h presence
configure:15641: gcc -E  conftest.c
configure:15641: $? = 0
configure:15641: result: yes
configure:15641: checking for FreeImage.h
configure:15641: result: yes
configure:15648: checking for libfreeimage
configure:15663: gcc -o conftest -O2   conftest.c  -lfreeimage  -lstdc++ -lm >&5
configure:15663: $? = 0
configure:15670: result: yes
configure:15829: checking that generated files are newer than configure
configure:15835: result: done
configure:15862: creating ./config.status

## ---------------------- ##
## Running config.status. ##
## ---------------------- ##

This file was extended by grit config.status 0.8.14, which was
generated by GNU Autoconf 2.69.  Invocation command line was

  CONFIG_FILES    = 
  CONFIG_HEADERS  = 
  CONFIG_LINKS    = 
  CONFIG_COMMANDS = 
  $ ./config.status 

on nookie

config.status:1066: creating Makefile
config.status:1238: executing depfiles commands
config.status:1238: executing libtool commands

## ---------------- ##
## Cache variables. ##
## ---------------- ##

ac_cv_build=x86_64-unknown-linux-gnu
ac_cv_c_compiler_gnu=yes
ac_cv_cxx_compiler_gnu=yes
ac_cv_env_CCC_set=
ac_cv_env_CCC_value=
ac_cv_env_CC_set=
ac_cv_env_CC_value=
ac_cv_env_CFLAGS_set=set
ac_cv_env_CFLAGS_value=-O2
ac_cv_env_CPPFLAGS_set=
ac_cv_env_CPPFLAGS_value=
ac_cv_env_CPP_set=
ac_cv_env_CPP_value=
ac_cv_env_CXXCPP_set=
ac_cv_env_CXXCPP_value=
ac_cv_env_CXXFLAGS_set=set
ac_cv_env_CXXFLAGS_value=-O2
ac_cv_env_CXX_set=
ac_cv_env_CXX_value=
ac_cv_env_LDFLAGS_set=
ac_cv_env_LDFLAGS_value=
ac_cv_env_LIBS_set=
ac_cv_env_LIBS_value=
ac_cv_env_LT_SYS_LIBRARY_PATH_set=
ac_cv_env_LT_SYS_LIBRARY_PATH_value=
ac_cv_env_build_alias_set=
ac_cv_env_build_alias_value=
ac_cv_env_host_alias_set=
ac_cv_env_host_alias_value=
ac_cv_env_target_alias_set=
ac_cv_env_target_alias_value=
ac_cv_header_FreeImage_h=yes
ac_cv_header_dlfcn_h=yes
ac_cv_header_inttypes_h=yes
ac_cv_header_memory_h=yes
ac_cv_header_stdc=yes
ac_cv_header_stdint_h=yes
ac_cv_header_stdlib_h=yes
ac_cv_header_string_h=yes
ac_cv_header_strings_h=yes
ac_cv_header_sys_stat_h=yes
ac_cv_header_sys_types_h=yes
ac_cv_header_unistd_h=yes
ac_cv_host=x86_64-unknown-linux-gnu
ac_cv_objext=o
ac_cv_path_EGREP='/bin/grep -E'
ac_cv_path_FGREP='/bin/grep -F'
ac_cv_path_GREP=/bin/grep
ac_cv_path_SED=/bin/sed
ac_cv_path_install='/usr/bin/install -c'
ac_cv_path_lt_DD=/bin/dd
ac_cv_path_mkdir=/bin/mkdir
ac_cv_prog_AWK=mawk
ac_cv_prog_CPP='gcc -E'
ac_cv_prog_CXXCPP='g++ -E'
ac_cv_prog_ac_ct_AR=ar
ac_cv_prog_ac_ct_CC=gcc
ac_cv_prog_ac_ct_CXX=g++
ac_cv_prog_ac_ct_MANIFEST_TOOL=mt
ac_cv_prog_ac_ct_OBJDUMP=objdump
ac_cv_prog_ac_ct_RANLIB=ranlib
ac_cv_prog_ac_ct_STRIP=strip
ac_cv_prog_cc_c89=
ac_cv_prog_cc_g=yes
ac_cv_prog_cxx_g=yes
ac_cv_prog_make_make_set=yes
am_cv_CC_dependencies_compiler_type=gcc3
am_cv_CXX_dependencies_compiler_type=gcc3
lt_cv_ar_at_file=@
lt_cv_archive_cmds_need_lc=no
lt_cv_deplibs_check_method=pass_all
lt_cv_file_magic_cmd='$MAGIC_CMD'
lt_cv_file_magic_test_file=
lt_cv_ld_reload_flag=-r
lt_cv_nm_interface='BSD nm'
lt_cv_objdir=.libs
lt_cv_path_LD=/usr/bin/ld
lt_cv_path_LDCXX='/usr/bin/ld -m elf_x86_64'
lt_cv_path_NM='/usr/bin/nm -B'
lt_cv_path_mainfest_tool=no
lt_cv_prog_compiler_c_o=yes
lt_cv_prog_compiler_c_o_CXX=yes
lt_cv_prog_compiler_pic='-fPIC -DPIC'
lt_cv_prog_compiler_pic_CXX='-fPIC -DPIC'
lt_cv_prog_compiler_pic_works=yes
lt_cv_prog_compiler_pic_works_CXX=yes
lt_cv_prog_compiler_rtti_exceptions=no
lt_cv_prog_compiler_static_works=yes
lt_cv_prog_compiler_static_works_CXX=yes
lt_cv_prog_gnu_ld=yes
lt_cv_prog_gnu_ldcxx=yes
lt_cv_sharedlib_from_linklib_cmd='printf %s\n'
lt_cv_shlibpath_overrides_runpath=no
lt_cv_sys_global_symbol_pipe='sed -n -e '\''s/^.*[	 ]\([ABCDGIRSTW][ABCDGIRSTW]*\)[	 ][	 ]*\([_A-Za-z][_A-Za-z0-9]*\)$/\1 \2 \2/p'\'' | sed '\''/ __gnu_lto/d'\'''
lt_cv_sys_global_symbol_to_c_name_address='sed -n -e '\''s/^: \(.*\) .*$/  {"\1", (void *) 0},/p'\'' -e '\''s/^[ABCDGIRSTW][ABCDGIRSTW]* .* \(.*\)$/  {"\1", (void *) \&\1},/p'\'''
lt_cv_sys_global_symbol_to_c_name_address_lib_prefix='sed -n -e '\''s/^: \(.*\) .*$/  {"\1", (void *) 0},/p'\'' -e '\''s/^[ABCDGIRSTW][ABCDGIRSTW]* .* \(lib.*\)$/  {"\1", (void *) \&\1},/p'\'' -e '\''s/^[ABCDGIRSTW][ABCDGIRSTW]* .* \(.*\)$/  {"lib\1", (void *) \&\1},/p'\'''
lt_cv_sys_global_symbol_to_cdecl='sed -n -e '\''s/^T .* \(.*\)$/extern int \1();/p'\'' -e '\''s/^[ABCDGIRSTW][ABCDGIRSTW]* .* \(.*\)$/extern char \1;/p'\'''
lt_cv_sys_global_symbol_to_import=
lt_cv_sys_max_cmd_len=1572864
lt_cv_to_host_file_cmd=func_convert_file_noop
lt_cv_to_tool_file_cmd=func_convert_file_noop
lt_cv_truncate_bin='/bin/dd bs=4096 count=1'

## ----------------- ##
## Output variables. ##
## ----------------- ##

ACLOCAL='${SHELL} /usr/local/src/c.cpp.h/_/plex/build/devkitpro/grit/0.8.14/missing --run aclocal-1.12'
AMDEPBACKSLASH='\'
AMDEP_FALSE='#'
AMDEP_TRUE=''
AMTAR='$${TAR-tar}'
AR='ar'
AUTOCONF='${SHELL} /usr/local/src/c.cpp.h/_/plex/build/devkitpro/grit/0.8.14/missing --run autoconf'
AUTOHEADER='${SHELL} /usr/local/src/c.cpp.h/_/plex/build/devkitpro/grit/0.8.14/missing --run autoheader'
AUTOMAKE='${SHELL} /usr/local/src/c.cpp.h/_/plex/build/devkitpro/grit/0.8.14/missing --run automake-1.12'
AWK='mawk'
CC='gcc'
CCDEPMODE='depmode=gcc3'
CFLAGS='-O2'
CPP='gcc -E'
CPPFLAGS=''
CXX='g++'
CXXCPP='g++ -E'
CXXDEPMODE='depmode=gcc3'
CXXFLAGS='-O2'
CYGPATH_W='echo'
DEFS='-DPACKAGE_NAME=\"grit\" -DPACKAGE_TARNAME=\"grit\" -DPACKAGE_VERSION=\"0.8.14\" -DPACKAGE_STRING=\"grit\ 0.8.14\" -DPACKAGE_BUGREPORT=\"https://github.com/devkitPro/grit/issues\" -DPACKAGE_URL=\"\" -DPACKAGE=\"grit\" -DVERSION=\"0.8.14\" -DSTDC_HEADERS=1 -DHAVE_SYS_TYPES_H=1 -DHAVE_SYS_STAT_H=1 -DHAVE_STDLIB_H=1 -DHAVE_STRING_H=1 -DHAVE_MEMORY_H=1 -DHAVE_STRINGS_H=1 -DHAVE_INTTYPES_H=1 -DHAVE_STDINT_H=1 -DHAVE_UNISTD_H=1 -DHAVE_DLFCN_H=1 -DLT_OBJDIR=\".libs/\"'
DEPDIR='.deps'
DLLTOOL='false'
DSYMUTIL=''
DUMPBIN=''
ECHO_C=''
ECHO_N='-n'
ECHO_T=''
EGREP='/bin/grep -E'
EXEEXT=''
FGREP='/bin/grep -F'
FREEIMAGE_LIBS='-lfreeimage  -lstdc++ -lm'
GREP='/bin/grep'
INSTALL_DATA='${INSTALL} -m 644'
INSTALL_PROGRAM='${INSTALL}'
INSTALL_SCRIPT='${INSTALL}'
INSTALL_STRIP_PROGRAM='$(install_sh) -c -s'
LD='/usr/bin/ld -m elf_x86_64'
LDFLAGS=''
LIBOBJS=''
LIBS=''
LIBTOOL='$(SHELL) $(top_builddir)/libtool'
LIPO=''
LN_S='ln -s'
LTLIBOBJS=''
LT_SYS_LIBRARY_PATH=''
MAKEINFO='${SHELL} /usr/local/src/c.cpp.h/_/plex/build/devkitpro/grit/0.8.14/missing --run makeinfo'
MANIFEST_TOOL=':'
MKDIR_P='/bin/mkdir -p'
NM='/usr/bin/nm -B'
NMEDIT=''
OBJDUMP='objdump'
OBJEXT='o'
OTOOL64=''
OTOOL=''
PACKAGE='grit'
PACKAGE_BUGREPORT='https://github.com/devkitPro/grit/issues'
PACKAGE_NAME='grit'
PACKAGE_STRING='grit 0.8.14'
PACKAGE_TARNAME='grit'
PACKAGE_URL=''
PACKAGE_VERSION='0.8.14'
PATH_SEPARATOR=':'
RANLIB='ranlib'
SED='/bin/sed'
SET_MAKE=''
SHELL='/bin/bash'
STRIP='strip'
VERSION='0.8.14'
ac_ct_AR='ar'
ac_ct_CC='gcc'
ac_ct_CXX='g++'
ac_ct_DUMPBIN=''
am__EXEEXT_FALSE=''
am__EXEEXT_TRUE='#'
am__fastdepCC_FALSE='#'
am__fastdepCC_TRUE=''
am__fastdepCXX_FALSE='#'
am__fastdepCXX_TRUE=''
am__include='include'
am__isrc=''
am__leading_dot='.'
am__nodep='_no'
am__quote=''
am__tar='$${TAR-tar} chof - "$$tardir"'
am__untar='$${TAR-tar} xf -'
bindir='${exec_prefix}/bin'
build='x86_64-unknown-linux-gnu'
build_alias=''
build_cpu='x86_64'
build_os='linux-gnu'
build_vendor='unknown'
datadir='${datarootdir}'
datarootdir='${prefix}/share'
docdir='${datarootdir}/doc/${PACKAGE_TARNAME}'
dvidir='${docdir}'
exec_prefix='${prefix}'
host='x86_64-unknown-linux-gnu'
host_alias=''
host_cpu='x86_64'
host_os='linux-gnu'
host_vendor='unknown'
htmldir='${docdir}'
includedir='${prefix}/include'
infodir='${datarootdir}/info'
install_sh='${SHELL} /usr/local/src/c.cpp.h/_/plex/build/devkitpro/grit/0.8.14/install-sh'
libdir='${exec_prefix}/lib'
libexecdir='${exec_prefix}/libexec'
localedir='${datarootdir}/locale'
localstatedir='${prefix}/var'
mandir='${datarootdir}/man'
mkdir_p='$(MKDIR_P)'
oldincludedir='/usr/include'
pdfdir='${docdir}'
prefix='/opt/radiofreedom/arm'
program_transform_name='s,x,x,'
psdir='${docdir}'
sbindir='${exec_prefix}/sbin'
sharedstatedir='${prefix}/com'
sysconfdir='${prefix}/etc'
target_alias=''

## ----------- ##
## confdefs.h. ##
## ----------- ##

/* confdefs.h */
#define PACKAGE_NAME "grit"
#define PACKAGE_TARNAME "grit"
#define PACKAGE_VERSION "0.8.14"
#define PACKAGE_STRING "grit 0.8.14"
#define PACKAGE_BUGREPORT "https://github.com/devkitPro/grit/issues"
#define PACKAGE_URL ""
#define PACKAGE "grit"
#define VERSION "0.8.14"
#define STDC_HEADERS 1
#define HAVE_SYS_TYPES_H 1
#define HAVE_SYS_STAT_H 1
#define HAVE_STDLIB_H 1
#define HAVE_STRING_H 1
#define HAVE_MEMORY_H 1
#define HAVE_STRINGS_H 1
#define HAVE_INTTYPES_H 1
#define HAVE_STDINT_H 1
#define HAVE_UNISTD_H 1
#define HAVE_DLFCN_H 1
#define LT_OBJDIR ".libs/"

configure: exit 0
