This file contains any messages produced by compilers while
running configure, to aid debugging if configure makes a mistake.

It was created by gamecube-tools configure 1.0.1, which was
generated by GNU Autoconf 2.69.  Invocation command line was

  $ ./configure --prefix=/opt/radiofreedom/ppc

## --------- ##
## Platform. ##
## --------- ##

hostname = nookie
uname -m = x86_64
uname -r = 3.13.0-119-generic
uname -s = Linux
uname -v = #166-Ubuntu SMP Wed May 3 12:18:55 UTC 2017

/usr/bin/uname -p = unknown
/bin/uname -X     = unknown

/bin/arch              = unknown
/usr/bin/arch -k       = unknown
/usr/convex/getsysinfo = unknown
/usr/bin/hostinfo      = unknown
/bin/machine           = unknown
/usr/bin/oslevel       = unknown
/bin/universe          = unknown

PATH: /usr/local/sbin
PATH: /usr/local/bin
PATH: /usr/sbin
PATH: /usr/bin
PATH: /sbin
PATH: /bin
PATH: /snap/bin
PATH: /opt/radiofreedom/ppc/bin


## ----------- ##
## Core tests. ##
## ----------- ##

configure:2390: checking for a BSD-compatible install
configure:2458: result: /usr/bin/install -c
configure:2469: checking whether build environment is sane
configure:2524: result: yes
configure:2675: checking for a thread-safe mkdir -p
configure:2714: result: /bin/mkdir -p
configure:2721: checking for gawk
configure:2751: result: no
configure:2721: checking for mawk
configure:2737: found /usr/bin/mawk
configure:2748: result: mawk
configure:2759: checking whether make sets $(MAKE)
configure:2781: result: yes
configure:2919: checking for gcc
configure:2935: found /usr/bin/gcc
configure:2946: result: gcc
configure:3175: checking for C compiler version
configure:3184: gcc --version >&5
gcc (Ubuntu 4.8.4-2ubuntu1~14.04.3) 4.8.4
Copyright (C) 2013 Free Software Foundation, Inc.
This is free software; see the source for copying conditions.  There is NO
warranty; not even for MERCHANTABILITY or FITNESS FOR A PARTICULAR PURPOSE.

configure:3195: $? = 0
configure:3184: gcc -v >&5
Using built-in specs.
COLLECT_GCC=gcc
COLLECT_LTO_WRAPPER=/usr/lib/gcc/x86_64-linux-gnu/4.8/lto-wrapper
Target: x86_64-linux-gnu
Configured with: ../src/configure -v --with-pkgversion='Ubuntu 4.8.4-2ubuntu1~14.04.3' --with-bugurl=file:///usr/share/doc/gcc-4.8/README.Bugs --enable-languages=c,c++,java,go,d,fortran,objc,obj-c++ --prefix=/usr --program-suffix=-4.8 --enable-shared --enable-linker-build-id --libexecdir=/usr/lib --without-included-gettext --enable-threads=posix --with-gxx-include-dir=/usr/include/c++/4.8 --libdir=/usr/lib --enable-nls --with-sysroot=/ --enable-clocale=gnu --enable-libstdcxx-debug --enable-libstdcxx-time=yes --enable-gnu-unique-object --disable-libmudflap --enable-plugin --with-system-zlib --disable-browser-plugin --enable-java-awt=gtk --enable-gtk-cairo --with-java-home=/usr/lib/jvm/java-1.5.0-gcj-4.8-amd64/jre --enable-java-home --with-jvm-root-dir=/usr/lib/jvm/java-1.5.0-gcj-4.8-amd64 --with-jvm-jar-dir=/usr/lib/jvm-exports/java-1.5.0-gcj-4.8-amd64 --with-arch-directory=amd64 --with-ecj-jar=/usr/share/java/eclipse-ecj.jar --enable-objc-gc --enable-multiarch --disable-werror --with-arch-32=i686 --with-abi=m64 --with-multilib-list=m32,m64,mx32 --with-tune=generic --enable-checking=release --build=x86_64-linux-gnu --host=x86_64-linux-gnu --target=x86_64-linux-gnu
Thread model: posix
gcc version 4.8.4 (Ubuntu 4.8.4-2ubuntu1~14.04.3) 
configure:3195: $? = 0
configure:3184: gcc -V >&5
gcc: error: unrecognized command line option '-V'
gcc: fatal error: no input files
compilation terminated.
configure:3195: $? = 4
configure:3184: gcc -qversion >&5
gcc: error: unrecognized command line option '-qversion'
gcc: fatal error: no input files
compilation terminated.
configure:3195: $? = 4
configure:3215: checking whether the C compiler works
configure:3237: gcc    conftest.c  >&5
configure:3241: $? = 0
configure:3289: result: yes
configure:3292: checking for C compiler default output file name
configure:3294: result: a.out
configure:3300: checking for suffix of executables
configure:3307: gcc -o conftest    conftest.c  >&5
configure:3311: $? = 0
configure:3333: result: 
configure:3355: checking whether we are cross compiling
configure:3363: gcc -o conftest    conftest.c  >&5
configure:3367: $? = 0
configure:3374: ./conftest
configure:3378: $? = 0
configure:3393: result: no
configure:3398: checking for suffix of object files
configure:3420: gcc -c   conftest.c >&5
configure:3424: $? = 0
configure:3445: result: o
configure:3449: checking whether we are using the GNU C compiler
configure:3468: gcc -c   conftest.c >&5
configure:3468: $? = 0
configure:3477: result: yes
configure:3486: checking whether gcc accepts -g
configure:3506: gcc -c -g  conftest.c >&5
configure:3506: $? = 0
configure:3547: result: yes
configure:3564: checking for gcc option to accept ISO C89
configure:3627: gcc  -c -g -O2  conftest.c >&5
configure:3627: $? = 0
configure:3640: result: none needed
configure:3671: checking for style of include used by make
configure:3699: result: GNU
configure:3725: checking dependency style of gcc
configure:3836: result: gcc3
configure:3909: checking for g++
configure:3925: found /usr/bin/g++
configure:3936: result: g++
configure:3963: checking for C++ compiler version
configure:3972: g++ --version >&5
g++ (Ubuntu 4.8.4-2ubuntu1~14.04.3) 4.8.4
Copyright (C) 2013 Free Software Foundation, Inc.
This is free software; see the source for copying conditions.  There is NO
warranty; not even for MERCHANTABILITY or FITNESS FOR A PARTICULAR PURPOSE.

configure:3983: $? = 0
configure:3972: g++ -v >&5
Using built-in specs.
COLLECT_GCC=g++
COLLECT_LTO_WRAPPER=/usr/lib/gcc/x86_64-linux-gnu/4.8/lto-wrapper
Target: x86_64-linux-gnu
Configured with: ../src/configure -v --with-pkgversion='Ubuntu 4.8.4-2ubuntu1~14.04.3' --with-bugurl=file:///usr/share/doc/gcc-4.8/README.Bugs --enable-languages=c,c++,java,go,d,fortran,objc,obj-c++ --prefix=/usr --program-suffix=-4.8 --enable-shared --enable-linker-build-id --libexecdir=/usr/lib --without-included-gettext --enable-threads=posix --with-gxx-include-dir=/usr/include/c++/4.8 --libdir=/usr/lib --enable-nls --with-sysroot=/ --enable-clocale=gnu --enable-libstdcxx-debug --enable-libstdcxx-time=yes --enable-gnu-unique-object --disable-libmudflap --enable-plugin --with-system-zlib --disable-browser-plugin --enable-java-awt=gtk --enable-gtk-cairo --with-java-home=/usr/lib/jvm/java-1.5.0-gcj-4.8-amd64/jre --enable-java-home --with-jvm-root-dir=/usr/lib/jvm/java-1.5.0-gcj-4.8-amd64 --with-jvm-jar-dir=/usr/lib/jvm-exports/java-1.5.0-gcj-4.8-amd64 --with-arch-directory=amd64 --with-ecj-jar=/usr/share/java/eclipse-ecj.jar --enable-objc-gc --enable-multiarch --disable-werror --with-arch-32=i686 --with-abi=m64 --with-multilib-list=m32,m64,mx32 --with-tune=generic --enable-checking=release --build=x86_64-linux-gnu --host=x86_64-linux-gnu --target=x86_64-linux-gnu
Thread model: posix
gcc version 4.8.4 (Ubuntu 4.8.4-2ubuntu1~14.04.3) 
configure:3983: $? = 0
configure:3972: g++ -V >&5
g++: error: unrecognized command line option '-V'
g++: fatal error: no input files
compilation terminated.
configure:3983: $? = 4
configure:3972: g++ -qversion >&5
g++: error: unrecognized command line option '-qversion'
g++: fatal error: no input files
compilation terminated.
configure:3983: $? = 4
configure:3987: checking whether we are using the GNU C++ compiler
configure:4006: g++ -c   conftest.cpp >&5
configure:4006: $? = 0
configure:4015: result: yes
configure:4024: checking whether g++ accepts -g
configure:4044: g++ -c -g  conftest.cpp >&5
configure:4044: $? = 0
configure:4085: result: yes
configure:4110: checking dependency style of g++
configure:4221: result: gcc3
configure:4241: checking build system type
configure:4255: result: x86_64-unknown-linux-gnu
configure:4275: checking host system type
configure:4288: result: x86_64-unknown-linux-gnu
configure:4355: checking how to print strings
configure:4382: result: printf
configure:4403: checking for a sed that does not truncate output
configure:4467: result: /bin/sed
configure:4485: checking for grep that handles long lines and -e
configure:4543: result: /bin/grep
configure:4548: checking for egrep
configure:4610: result: /bin/grep -E
configure:4615: checking for fgrep
configure:4677: result: /bin/grep -F
configure:4712: checking for ld used by gcc
configure:4779: result: /usr/bin/ld
configure:4786: checking if the linker (/usr/bin/ld) is GNU ld
configure:4801: result: yes
configure:4813: checking for BSD- or MS-compatible name lister (nm)
configure:4867: result: /usr/bin/nm -B
configure:4997: checking the name lister (/usr/bin/nm -B) interface
configure:5004: gcc -c -g -O2  conftest.c >&5
configure:5007: /usr/bin/nm -B "conftest.o"
configure:5010: output
0000000000000000 B some_variable
configure:5017: result: BSD nm
configure:5020: checking whether ln -s works
configure:5024: result: yes
configure:5032: checking the maximum length of command line arguments
configure:5163: result: 1572864
configure:5211: checking how to convert x86_64-unknown-linux-gnu file names to x86_64-unknown-linux-gnu format
configure:5251: result: func_convert_file_noop
configure:5258: checking how to convert x86_64-unknown-linux-gnu file names to toolchain format
configure:5278: result: func_convert_file_noop
configure:5285: checking for /usr/bin/ld option to reload object files
configure:5292: result: -r
configure:5366: checking for objdump
configure:5382: found /usr/bin/objdump
configure:5393: result: objdump
configure:5425: checking how to recognize dependent libraries
configure:5625: result: pass_all
configure:5710: checking for dlltool
configure:5740: result: no
configure:5770: checking how to associate runtime and link libraries
configure:5797: result: printf %s\n
configure:5858: checking for ar
configure:5874: found /usr/bin/ar
configure:5885: result: ar
configure:5922: checking for archiver @FILE support
configure:5939: gcc -c -g -O2  conftest.c >&5
configure:5939: $? = 0
configure:5942: ar cru libconftest.a @conftest.lst >&5
configure:5945: $? = 0
configure:5950: ar cru libconftest.a @conftest.lst >&5
ar: conftest.o: No such file or directory
configure:5953: $? = 1
configure:5965: result: @
configure:6023: checking for strip
configure:6039: found /usr/bin/strip
configure:6050: result: strip
configure:6122: checking for ranlib
configure:6138: found /usr/bin/ranlib
configure:6149: result: ranlib
configure:6251: checking command to parse /usr/bin/nm -B output from gcc object
configure:6404: gcc -c -g -O2  conftest.c >&5
configure:6407: $? = 0
configure:6411: /usr/bin/nm -B conftest.o \| sed -n -e 's/^.*[ ]\([ABCDGIRSTW][ABCDGIRSTW]*\)[ ][ ]*\([_A-Za-z][_A-Za-z0-9]*\)$/\1 \2 \2/p' | sed '/ __gnu_lto/d' \> conftest.nm
configure:6414: $? = 0
configure:6480: gcc -o conftest -g -O2   conftest.c conftstm.o >&5
configure:6483: $? = 0
configure:6521: result: ok
configure:6568: checking for sysroot
configure:6598: result: no
configure:6605: checking for a working dd
configure:6643: result: /bin/dd
configure:6647: checking how to truncate binary pipes
configure:6662: result: /bin/dd bs=4096 count=1
configure:6798: gcc -c -g -O2  conftest.c >&5
configure:6801: $? = 0
configure:6991: checking for mt
configure:7007: found /bin/mt
configure:7018: result: mt
configure:7041: checking if mt is a manifest tool
configure:7047: mt '-?'
configure:7055: result: no
configure:7732: checking how to run the C preprocessor
configure:7763: gcc -E  conftest.c
configure:7763: $? = 0
configure:7777: gcc -E  conftest.c
conftest.c:11:28: fatal error: ac_nonexistent.h: No such file or directory
 #include <ac_nonexistent.h>
                            ^
compilation terminated.
configure:7777: $? = 1
configure: failed program was:
| /* confdefs.h */
| #define PACKAGE_NAME "gamecube-tools"
| #define PACKAGE_TARNAME "gamecube-tools"
| #define PACKAGE_VERSION "1.0.1"
| #define PACKAGE_STRING "gamecube-tools 1.0.1"
| #define PACKAGE_BUGREPORT "https://github.com/devkitPro/gamecube-tools/issues"
| #define PACKAGE_URL ""
| #define PACKAGE "gamecube-tools"
| #define VERSION "1.0.1"
| /* end confdefs.h.  */
| #include <ac_nonexistent.h>
configure:7802: result: gcc -E
configure:7822: gcc -E  conftest.c
configure:7822: $? = 0
configure:7836: gcc -E  conftest.c
conftest.c:11:28: fatal error: ac_nonexistent.h: No such file or directory
 #include <ac_nonexistent.h>
                            ^
compilation terminated.
configure:7836: $? = 1
configure: failed program was:
| /* confdefs.h */
| #define PACKAGE_NAME "gamecube-tools"
| #define PACKAGE_TARNAME "gamecube-tools"
| #define PACKAGE_VERSION "1.0.1"
| #define PACKAGE_STRING "gamecube-tools 1.0.1"
| #define PACKAGE_BUGREPORT "https://github.com/devkitPro/gamecube-tools/issues"
| #define PACKAGE_URL ""
| #define PACKAGE "gamecube-tools"
| #define VERSION "1.0.1"
| /* end confdefs.h.  */
| #include <ac_nonexistent.h>
configure:7865: checking for ANSI C header files
configure:7885: gcc -c -g -O2  conftest.c >&5
configure:7885: $? = 0
configure:7958: gcc -o conftest -g -O2   conftest.c  >&5
configure:7958: $? = 0
configure:7958: ./conftest
configure:7958: $? = 0
configure:7969: result: yes
configure:7982: checking for sys/types.h
configure:7982: gcc -c -g -O2  conftest.c >&5
configure:7982: $? = 0
configure:7982: result: yes
configure:7982: checking for sys/stat.h
configure:7982: gcc -c -g -O2  conftest.c >&5
configure:7982: $? = 0
configure:7982: result: yes
configure:7982: checking for stdlib.h
configure:7982: gcc -c -g -O2  conftest.c >&5
configure:7982: $? = 0
configure:7982: result: yes
configure:7982: checking for string.h
configure:7982: gcc -c -g -O2  conftest.c >&5
configure:7982: $? = 0
configure:7982: result: yes
configure:7982: checking for memory.h
configure:7982: gcc -c -g -O2  conftest.c >&5
configure:7982: $? = 0
configure:7982: result: yes
configure:7982: checking for strings.h
configure:7982: gcc -c -g -O2  conftest.c >&5
configure:7982: $? = 0
configure:7982: result: yes
configure:7982: checking for inttypes.h
configure:7982: gcc -c -g -O2  conftest.c >&5
configure:7982: $? = 0
configure:7982: result: yes
configure:7982: checking for stdint.h
configure:7982: gcc -c -g -O2  conftest.c >&5
configure:7982: $? = 0
configure:7982: result: yes
configure:7982: checking for unistd.h
configure:7982: gcc -c -g -O2  conftest.c >&5
configure:7982: $? = 0
configure:7982: result: yes
configure:7996: checking for dlfcn.h
configure:7996: gcc -c -g -O2  conftest.c >&5
configure:7996: $? = 0
configure:7996: result: yes
configure:8263: checking for objdir
configure:8278: result: .libs
configure:8542: checking if gcc supports -fno-rtti -fno-exceptions
configure:8560: gcc -c -g -O2  -fno-rtti -fno-exceptions conftest.c >&5
cc1: warning: command line option '-fno-rtti' is valid for C++/ObjC++ but not for C [enabled by default]
configure:8564: $? = 0
configure:8577: result: no
configure:8935: checking for gcc option to produce PIC
configure:8942: result: -fPIC -DPIC
configure:8950: checking if gcc PIC flag -fPIC -DPIC works
configure:8968: gcc -c -g -O2  -fPIC -DPIC -DPIC conftest.c >&5
configure:8972: $? = 0
configure:8985: result: yes
configure:9014: checking if gcc static flag -static works
configure:9042: result: yes
configure:9057: checking if gcc supports -c -o file.o
configure:9078: gcc -c -g -O2  -o out/conftest2.o conftest.c >&5
configure:9082: $? = 0
configure:9104: result: yes
configure:9112: checking if gcc supports -c -o file.o
configure:9159: result: yes
configure:9192: checking whether the gcc linker (/usr/bin/ld -m elf_x86_64) supports shared libraries
configure:10451: result: yes
configure:10488: checking whether -lc should be explicitly linked in
configure:10496: gcc -c -g -O2  conftest.c >&5
configure:10499: $? = 0
configure:10514: gcc -shared  -fPIC -DPIC conftest.o  -v -Wl,-soname -Wl,conftest -o conftest 2\>\&1 \| /bin/grep  -lc  \>/dev/null 2\>\&1
configure:10517: $? = 0
configure:10531: result: no
configure:10691: checking dynamic linker characteristics
configure:11278: gcc -o conftest -g -O2   -Wl,-rpath -Wl,/foo conftest.c  >&5
configure:11278: $? = 0
configure:11515: result: GNU/Linux ld.so
configure:11637: checking how to hardcode library paths into programs
configure:11662: result: immediate
configure:12210: checking whether stripping libraries is possible
configure:12215: result: yes
configure:12250: checking if libtool supports shared libraries
configure:12252: result: yes
configure:12255: checking whether to build shared libraries
configure:12280: result: yes
configure:12283: checking whether to build static libraries
configure:12287: result: yes
configure:12310: checking how to run the C++ preprocessor
configure:12337: g++ -E  conftest.cpp
configure:12337: $? = 0
configure:12351: g++ -E  conftest.cpp
conftest.cpp:23:28: fatal error: ac_nonexistent.h: No such file or directory
 #include <ac_nonexistent.h>
                            ^
compilation terminated.
configure:12351: $? = 1
configure: failed program was:
| /* confdefs.h */
| #define PACKAGE_NAME "gamecube-tools"
| #define PACKAGE_TARNAME "gamecube-tools"
| #define PACKAGE_VERSION "1.0.1"
| #define PACKAGE_STRING "gamecube-tools 1.0.1"
| #define PACKAGE_BUGREPORT "https://github.com/devkitPro/gamecube-tools/issues"
| #define PACKAGE_URL ""
| #define PACKAGE "gamecube-tools"
| #define VERSION "1.0.1"
| #define STDC_HEADERS 1
| #define HAVE_SYS_TYPES_H 1
| #define HAVE_SYS_STAT_H 1
| #define HAVE_STDLIB_H 1
| #define HAVE_STRING_H 1
| #define HAVE_MEMORY_H 1
| #define HAVE_STRINGS_H 1
| #define HAVE_INTTYPES_H 1
| #define HAVE_STDINT_H 1
| #define HAVE_UNISTD_H 1
| #define HAVE_DLFCN_H 1
| #define LT_OBJDIR ".libs/"
| /* end confdefs.h.  */
| #include <ac_nonexistent.h>
configure:12376: result: g++ -E
configure:12396: g++ -E  conftest.cpp
configure:12396: $? = 0
configure:12410: g++ -E  conftest.cpp
conftest.cpp:23:28: fatal error: ac_nonexistent.h: No such file or directory
 #include <ac_nonexistent.h>
                            ^
compilation terminated.
configure:12410: $? = 1
configure: failed program was:
| /* confdefs.h */
| #define PACKAGE_NAME "gamecube-tools"
| #define PACKAGE_TARNAME "gamecube-tools"
| #define PACKAGE_VERSION "1.0.1"
| #define PACKAGE_STRING "gamecube-tools 1.0.1"
| #define PACKAGE_BUGREPORT "https://github.com/devkitPro/gamecube-tools/issues"
| #define PACKAGE_URL ""
| #define PACKAGE "gamecube-tools"
| #define VERSION "1.0.1"
| #define STDC_HEADERS 1
| #define HAVE_SYS_TYPES_H 1
| #define HAVE_SYS_STAT_H 1
| #define HAVE_STDLIB_H 1
| #define HAVE_STRING_H 1
| #define HAVE_MEMORY_H 1
| #define HAVE_STRINGS_H 1
| #define HAVE_INTTYPES_H 1
| #define HAVE_STDINT_H 1
| #define HAVE_UNISTD_H 1
| #define HAVE_DLFCN_H 1
| #define LT_OBJDIR ".libs/"
| /* end confdefs.h.  */
| #include <ac_nonexistent.h>
configure:12572: checking for ld used by g++
configure:12639: result: /usr/bin/ld -m elf_x86_64
configure:12646: checking if the linker (/usr/bin/ld -m elf_x86_64) is GNU ld
configure:12661: result: yes
configure:12716: checking whether the g++ linker (/usr/bin/ld -m elf_x86_64) supports shared libraries
configure:13789: result: yes
configure:13825: g++ -c -g -O2  conftest.cpp >&5
configure:13828: $? = 0
configure:14309: checking for g++ option to produce PIC
configure:14316: result: -fPIC -DPIC
configure:14324: checking if g++ PIC flag -fPIC -DPIC works
configure:14342: g++ -c -g -O2  -fPIC -DPIC -DPIC conftest.cpp >&5
configure:14346: $? = 0
configure:14359: result: yes
configure:14382: checking if g++ static flag -static works
configure:14410: result: yes
configure:14422: checking if g++ supports -c -o file.o
configure:14443: g++ -c -g -O2  -o out/conftest2.o conftest.cpp >&5
configure:14447: $? = 0
configure:14469: result: yes
configure:14474: checking if g++ supports -c -o file.o
configure:14521: result: yes
configure:14551: checking whether the g++ linker (/usr/bin/ld -m elf_x86_64) supports shared libraries
configure:14591: result: yes
configure:14732: checking dynamic linker characteristics
configure:15482: result: GNU/Linux ld.so
configure:15547: checking how to hardcode library paths into programs
configure:15572: result: immediate
configure:15634: checking whether gcc and cc understand -c and -o together
configure:15665: gcc -c conftest.c -o conftest2.o >&5
configure:15669: $? = 0
configure:15675: gcc -c conftest.c -o conftest2.o >&5
configure:15679: $? = 0
configure:15690: cc -c conftest.c >&5
configure:15694: $? = 0
configure:15702: cc -c conftest.c -o conftest2.o >&5
configure:15706: $? = 0
configure:15712: cc -c conftest.c -o conftest2.o >&5
configure:15716: $? = 0
configure:15734: result: yes
configure:15769: checking FreeImage.h usability
configure:15769: gcc -c -g -O2  conftest.c >&5
configure:15769: $? = 0
configure:15769: result: yes
configure:15769: checking FreeImage.h presence
configure:15769: gcc -E  conftest.c
configure:15769: $? = 0
configure:15769: result: yes
configure:15769: checking for FreeImage.h
configure:15769: result: yes
configure:15776: checking for libfreeimage
configure:15791: gcc -o conftest -g -O2   conftest.c  -lfreeimage  -lstdc++ -lm >&5
configure:15791: $? = 0
configure:15798: result: yes
configure:15956: checking that generated files are newer than configure
configure:15962: result: done
configure:15989: creating ./config.status

## ---------------------- ##
## Running config.status. ##
## ---------------------- ##

This file was extended by gamecube-tools config.status 1.0.1, which was
generated by GNU Autoconf 2.69.  Invocation command line was

  CONFIG_FILES    = 
  CONFIG_HEADERS  = 
  CONFIG_LINKS    = 
  CONFIG_COMMANDS = 
  $ ./config.status 

on nookie

config.status:1066: creating Makefile
config.status:1238: executing depfiles commands
config.status:1238: executing libtool commands

## ---------------- ##
## Cache variables. ##
## ---------------- ##

ac_cv_build=x86_64-unknown-linux-gnu
ac_cv_c_compiler_gnu=yes
ac_cv_cxx_compiler_gnu=yes
ac_cv_env_CCC_set=
ac_cv_env_CCC_value=
ac_cv_env_CC_set=
ac_cv_env_CC_value=
ac_cv_env_CFLAGS_set=
ac_cv_env_CFLAGS_value=
ac_cv_env_CPPFLAGS_set=
ac_cv_env_CPPFLAGS_value=
ac_cv_env_CPP_set=
ac_cv_env_CPP_value=
ac_cv_env_CXXCPP_set=
ac_cv_env_CXXCPP_value=
ac_cv_env_CXXFLAGS_set=
ac_cv_env_CXXFLAGS_value=
ac_cv_env_CXX_set=
ac_cv_env_CXX_value=
ac_cv_env_LDFLAGS_set=
ac_cv_env_LDFLAGS_value=
ac_cv_env_LIBS_set=
ac_cv_env_LIBS_value=
ac_cv_env_LT_SYS_LIBRARY_PATH_set=
ac_cv_env_LT_SYS_LIBRARY_PATH_value=
ac_cv_env_build_alias_set=
ac_cv_env_build_alias_value=
ac_cv_env_host_alias_set=
ac_cv_env_host_alias_value=
ac_cv_env_target_alias_set=
ac_cv_env_target_alias_value=
ac_cv_header_FreeImage_h=yes
ac_cv_header_dlfcn_h=yes
ac_cv_header_inttypes_h=yes
ac_cv_header_memory_h=yes
ac_cv_header_stdc=yes
ac_cv_header_stdint_h=yes
ac_cv_header_stdlib_h=yes
ac_cv_header_string_h=yes
ac_cv_header_strings_h=yes
ac_cv_header_sys_stat_h=yes
ac_cv_header_sys_types_h=yes
ac_cv_header_unistd_h=yes
ac_cv_host=x86_64-unknown-linux-gnu
ac_cv_objext=o
ac_cv_path_EGREP='/bin/grep -E'
ac_cv_path_FGREP='/bin/grep -F'
ac_cv_path_GREP=/bin/grep
ac_cv_path_SED=/bin/sed
ac_cv_path_install='/usr/bin/install -c'
ac_cv_path_lt_DD=/bin/dd
ac_cv_path_mkdir=/bin/mkdir
ac_cv_prog_AWK=mawk
ac_cv_prog_CPP='gcc -E'
ac_cv_prog_CXXCPP='g++ -E'
ac_cv_prog_ac_ct_AR=ar
ac_cv_prog_ac_ct_CC=gcc
ac_cv_prog_ac_ct_CXX=g++
ac_cv_prog_ac_ct_MANIFEST_TOOL=mt
ac_cv_prog_ac_ct_OBJDUMP=objdump
ac_cv_prog_ac_ct_RANLIB=ranlib
ac_cv_prog_ac_ct_STRIP=strip
ac_cv_prog_cc_c89=
ac_cv_prog_cc_g=yes
ac_cv_prog_cc_gcc_c_o=yes
ac_cv_prog_cxx_g=yes
ac_cv_prog_make_make_set=yes
am_cv_CC_dependencies_compiler_type=gcc3
am_cv_CXX_dependencies_compiler_type=gcc3
lt_cv_ar_at_file=@
lt_cv_archive_cmds_need_lc=no
lt_cv_deplibs_check_method=pass_all
lt_cv_file_magic_cmd='$MAGIC_CMD'
lt_cv_file_magic_test_file=
lt_cv_ld_reload_flag=-r
lt_cv_nm_interface='BSD nm'
lt_cv_objdir=.libs
lt_cv_path_LD=/usr/bin/ld
lt_cv_path_LDCXX='/usr/bin/ld -m elf_x86_64'
lt_cv_path_NM='/usr/bin/nm -B'
lt_cv_path_mainfest_tool=no
lt_cv_prog_compiler_c_o=yes
lt_cv_prog_compiler_c_o_CXX=yes
lt_cv_prog_compiler_pic='-fPIC -DPIC'
lt_cv_prog_compiler_pic_CXX='-fPIC -DPIC'
lt_cv_prog_compiler_pic_works=yes
lt_cv_prog_compiler_pic_works_CXX=yes
lt_cv_prog_compiler_rtti_exceptions=no
lt_cv_prog_compiler_static_works=yes
lt_cv_prog_compiler_static_works_CXX=yes
lt_cv_prog_gnu_ld=yes
lt_cv_prog_gnu_ldcxx=yes
lt_cv_sharedlib_from_linklib_cmd='printf %s\n'
lt_cv_shlibpath_overrides_runpath=no
lt_cv_sys_global_symbol_pipe='sed -n -e '\''s/^.*[	 ]\([ABCDGIRSTW][ABCDGIRSTW]*\)[	 ][	 ]*\([_A-Za-z][_A-Za-z0-9]*\)$/\1 \2 \2/p'\'' | sed '\''/ __gnu_lto/d'\'''
lt_cv_sys_global_symbol_to_c_name_address='sed -n -e '\''s/^: \(.*\) .*$/  {"\1", (void *) 0},/p'\'' -e '\''s/^[ABCDGIRSTW][ABCDGIRSTW]* .* \(.*\)$/  {"\1", (void *) \&\1},/p'\'''
lt_cv_sys_global_symbol_to_c_name_address_lib_prefix='sed -n -e '\''s/^: \(.*\) .*$/  {"\1", (void *) 0},/p'\'' -e '\''s/^[ABCDGIRSTW][ABCDGIRSTW]* .* \(lib.*\)$/  {"\1", (void *) \&\1},/p'\'' -e '\''s/^[ABCDGIRSTW][ABCDGIRSTW]* .* \(.*\)$/  {"lib\1", (void *) \&\1},/p'\'''
lt_cv_sys_global_symbol_to_cdecl='sed -n -e '\''s/^T .* \(.*\)$/extern int \1();/p'\'' -e '\''s/^[ABCDGIRSTW][ABCDGIRSTW]* .* \(.*\)$/extern char \1;/p'\'''
lt_cv_sys_global_symbol_to_import=
lt_cv_sys_max_cmd_len=1572864
lt_cv_to_host_file_cmd=func_convert_file_noop
lt_cv_to_tool_file_cmd=func_convert_file_noop
lt_cv_truncate_bin='/bin/dd bs=4096 count=1'

## ----------------- ##
## Output variables. ##
## ----------------- ##

ACLOCAL='${SHELL} /usr/local/src/c.cpp.h/_/plex/build/devkitpro/gamecube-tools/1.0.1/missing --run aclocal-1.12'
AMDEPBACKSLASH='\'
AMDEP_FALSE='#'
AMDEP_TRUE=''
AMTAR='$${TAR-tar}'
AR='ar'
AUTOCONF='${SHELL} /usr/local/src/c.cpp.h/_/plex/build/devkitpro/gamecube-tools/1.0.1/missing --run autoconf'
AUTOHEADER='${SHELL} /usr/local/src/c.cpp.h/_/plex/build/devkitpro/gamecube-tools/1.0.1/missing --run autoheader'
AUTOMAKE='${SHELL} /usr/local/src/c.cpp.h/_/plex/build/devkitpro/gamecube-tools/1.0.1/missing --run automake-1.12'
AWK='mawk'
CC='gcc'
CCDEPMODE='depmode=gcc3'
CFLAGS='-g -O2'
CPP='gcc -E'
CPPFLAGS=''
CXX='g++'
CXXCPP='g++ -E'
CXXDEPMODE='depmode=gcc3'
CXXFLAGS='-g -O2'
CYGPATH_W='echo'
DEFS='-DPACKAGE_NAME=\"gamecube-tools\" -DPACKAGE_TARNAME=\"gamecube-tools\" -DPACKAGE_VERSION=\"1.0.1\" -DPACKAGE_STRING=\"gamecube-tools\ 1.0.1\" -DPACKAGE_BUGREPORT=\"https://github.com/devkitPro/gamecube-tools/issues\" -DPACKAGE_URL=\"\" -DPACKAGE=\"gamecube-tools\" -DVERSION=\"1.0.1\" -DSTDC_HEADERS=1 -DHAVE_SYS_TYPES_H=1 -DHAVE_SYS_STAT_H=1 -DHAVE_STDLIB_H=1 -DHAVE_STRING_H=1 -DHAVE_MEMORY_H=1 -DHAVE_STRINGS_H=1 -DHAVE_INTTYPES_H=1 -DHAVE_STDINT_H=1 -DHAVE_UNISTD_H=1 -DHAVE_DLFCN_H=1 -DLT_OBJDIR=\".libs/\"'
DEPDIR='.deps'
DLLTOOL='false'
DSYMUTIL=''
DUMPBIN=''
ECHO_C=''
ECHO_N='-n'
ECHO_T=''
EGREP='/bin/grep -E'
EXEEXT=''
FGREP='/bin/grep -F'
FREEIMAGE_LIBS='-lfreeimage  -lstdc++ -lm'
GREP='/bin/grep'
INSTALL_DATA='${INSTALL} -m 644'
INSTALL_PROGRAM='${INSTALL}'
INSTALL_SCRIPT='${INSTALL}'
INSTALL_STRIP_PROGRAM='$(install_sh) -c -s'
LD='/usr/bin/ld -m elf_x86_64'
LDFLAGS=''
LIBOBJS=''
LIBS=''
LIBTOOL='$(SHELL) $(top_builddir)/libtool'
LIPO=''
LN_S='ln -s'
LTLIBOBJS=''
LT_SYS_LIBRARY_PATH=''
MAKEINFO='${SHELL} /usr/local/src/c.cpp.h/_/plex/build/devkitpro/gamecube-tools/1.0.1/missing --run makeinfo'
MANIFEST_TOOL=':'
MKDIR_P='/bin/mkdir -p'
NM='/usr/bin/nm -B'
NMEDIT=''
OBJDUMP='objdump'
OBJEXT='o'
OTOOL64=''
OTOOL=''
PACKAGE='gamecube-tools'
PACKAGE_BUGREPORT='https://github.com/devkitPro/gamecube-tools/issues'
PACKAGE_NAME='gamecube-tools'
PACKAGE_STRING='gamecube-tools 1.0.1'
PACKAGE_TARNAME='gamecube-tools'
PACKAGE_URL=''
PACKAGE_VERSION='1.0.1'
PATH_SEPARATOR=':'
RANLIB='ranlib'
SED='/bin/sed'
SET_MAKE=''
SHELL='/bin/bash'
STRIP='strip'
VERSION='1.0.1'
ac_ct_AR='ar'
ac_ct_CC='gcc'
ac_ct_CXX='g++'
ac_ct_DUMPBIN=''
am__EXEEXT_FALSE=''
am__EXEEXT_TRUE='#'
am__fastdepCC_FALSE='#'
am__fastdepCC_TRUE=''
am__fastdepCXX_FALSE='#'
am__fastdepCXX_TRUE=''
am__include='include'
am__isrc=''
am__leading_dot='.'
am__nodep='_no'
am__quote=''
am__tar='$${TAR-tar} chof - "$$tardir"'
am__untar='$${TAR-tar} xf -'
bindir='${exec_prefix}/bin'
build='x86_64-unknown-linux-gnu'
build_alias=''
build_cpu='x86_64'
build_os='linux-gnu'
build_vendor='unknown'
datadir='${datarootdir}'
datarootdir='${prefix}/share'
docdir='${datarootdir}/doc/${PACKAGE_TARNAME}'
dvidir='${docdir}'
exec_prefix='${prefix}'
host='x86_64-unknown-linux-gnu'
host_alias=''
host_cpu='x86_64'
host_os='linux-gnu'
host_vendor='unknown'
htmldir='${docdir}'
includedir='${prefix}/include'
infodir='${datarootdir}/info'
install_sh='${SHELL} /usr/local/src/c.cpp.h/_/plex/build/devkitpro/gamecube-tools/1.0.1/install-sh'
libdir='${exec_prefix}/lib'
libexecdir='${exec_prefix}/libexec'
localedir='${datarootdir}/locale'
localstatedir='${prefix}/var'
mandir='${datarootdir}/man'
mkdir_p='$(MKDIR_P)'
oldincludedir='/usr/include'
pdfdir='${docdir}'
prefix='/opt/radiofreedom/ppc'
program_transform_name='s,x,x,'
psdir='${docdir}'
sbindir='${exec_prefix}/sbin'
sharedstatedir='${prefix}/com'
sysconfdir='${prefix}/etc'
target_alias=''

## ----------- ##
## confdefs.h. ##
## ----------- ##

/* confdefs.h */
#define PACKAGE_NAME "gamecube-tools"
#define PACKAGE_TARNAME "gamecube-tools"
#define PACKAGE_VERSION "1.0.1"
#define PACKAGE_STRING "gamecube-tools 1.0.1"
#define PACKAGE_BUGREPORT "https://github.com/devkitPro/gamecube-tools/issues"
#define PACKAGE_URL ""
#define PACKAGE "gamecube-tools"
#define VERSION "1.0.1"
#define STDC_HEADERS 1
#define HAVE_SYS_TYPES_H 1
#define HAVE_SYS_STAT_H 1
#define HAVE_STDLIB_H 1
#define HAVE_STRING_H 1
#define HAVE_MEMORY_H 1
#define HAVE_STRINGS_H 1
#define HAVE_INTTYPES_H 1
#define HAVE_STDINT_H 1
#define HAVE_UNISTD_H 1
#define HAVE_DLFCN_H 1
#define LT_OBJDIR ".libs/"

configure: exit 0
