This file contains any messages produced by compilers while
running configure, to aid debugging if configure makes a mistake.

It was created by stlink configure 0.5.8, which was
generated by GNU Autoconf 2.69.  Invocation command line was

  $ ./configure --prefix=/usr/local/src/c.cpp.h/devkitPro/devkitARM --disable-dependency-tracking

## --------- ##
## Platform. ##
## --------- ##

hostname = nookie
uname -m = x86_64
uname -r = 3.13.0-45-generic
uname -s = Linux
uname -v = #74-Ubuntu SMP Tue Jan 13 19:36:28 UTC 2015

/usr/bin/uname -p = unknown
/bin/uname -X     = unknown

/bin/arch              = unknown
/usr/bin/arch -k       = unknown
/usr/convex/getsysinfo = unknown
/usr/bin/hostinfo      = unknown
/bin/machine           = unknown
/usr/bin/oslevel       = unknown
/bin/universe          = unknown

PATH: /usr/local/sbin
PATH: /usr/local/bin
PATH: /usr/sbin
PATH: /usr/bin
PATH: /sbin
PATH: /bin
PATH: /usr/local/src/c.cpp.h/devkitPro/devkitARM/bin


## ----------- ##
## Core tests. ##
## ----------- ##

configure:2231: checking for a BSD-compatible install
configure:2299: result: /usr/bin/install -c
configure:2310: checking whether build environment is sane
configure:2360: result: yes
configure:2501: checking for a thread-safe mkdir -p
configure:2540: result: /bin/mkdir -p
configure:2553: checking for gawk
configure:2583: result: no
configure:2553: checking for mawk
configure:2569: found /usr/bin/mawk
configure:2580: result: mawk
configure:2591: checking whether /usr/bin/make sets $(MAKE)
configure:2613: result: yes
configure:2745: checking for gcc
configure:2761: found /usr/bin/gcc
configure:2772: result: gcc
configure:3001: checking for C compiler version
configure:3010: gcc --version >&5
gcc (Ubuntu 4.8.2-19ubuntu1) 4.8.2
Copyright (C) 2013 Free Software Foundation, Inc.
This is free software; see the source for copying conditions.  There is NO
warranty; not even for MERCHANTABILITY or FITNESS FOR A PARTICULAR PURPOSE.

configure:3021: $? = 0
configure:3010: gcc -v >&5
Using built-in specs.
COLLECT_GCC=gcc
COLLECT_LTO_WRAPPER=/usr/lib/gcc/x86_64-linux-gnu/4.8/lto-wrapper
Target: x86_64-linux-gnu
Configured with: ../src/configure -v --with-pkgversion='Ubuntu 4.8.2-19ubuntu1' --with-bugurl=file:///usr/share/doc/gcc-4.8/README.Bugs --enable-languages=c,c++,java,go,d,fortran,objc,obj-c++ --prefix=/usr --program-suffix=-4.8 --enable-shared --enable-linker-build-id --libexecdir=/usr/lib --without-included-gettext --enable-threads=posix --with-gxx-include-dir=/usr/include/c++/4.8 --libdir=/usr/lib --enable-nls --with-sysroot=/ --enable-clocale=gnu --enable-libstdcxx-debug --enable-libstdcxx-time=yes --enable-gnu-unique-object --disable-libmudflap --enable-plugin --with-system-zlib --disable-browser-plugin --enable-java-awt=gtk --enable-gtk-cairo --with-java-home=/usr/lib/jvm/java-1.5.0-gcj-4.8-amd64/jre --enable-java-home --with-jvm-root-dir=/usr/lib/jvm/java-1.5.0-gcj-4.8-amd64 --with-jvm-jar-dir=/usr/lib/jvm-exports/java-1.5.0-gcj-4.8-amd64 --with-arch-directory=amd64 --with-ecj-jar=/usr/share/java/eclipse-ecj.jar --enable-objc-gc --enable-multiarch --disable-werror --with-arch-32=i686 --with-abi=m64 --with-multilib-list=m32,m64,mx32 --with-tune=generic --enable-checking=release --build=x86_64-linux-gnu --host=x86_64-linux-gnu --target=x86_64-linux-gnu
Thread model: posix
gcc version 4.8.2 (Ubuntu 4.8.2-19ubuntu1) 
configure:3021: $? = 0
configure:3010: gcc -V >&5
gcc: error: unrecognized command line option '-V'
gcc: fatal error: no input files
compilation terminated.
configure:3021: $? = 4
configure:3010: gcc -qversion >&5
gcc: error: unrecognized command line option '-qversion'
gcc: fatal error: no input files
compilation terminated.
configure:3021: $? = 4
configure:3041: checking whether the C compiler works
configure:3063: gcc    conftest.c  >&5
configure:3067: $? = 0
configure:3115: result: yes
configure:3118: checking for C compiler default output file name
configure:3120: result: a.out
configure:3126: checking for suffix of executables
configure:3133: gcc -o conftest    conftest.c  >&5
configure:3137: $? = 0
configure:3159: result: 
configure:3181: checking whether we are cross compiling
configure:3189: gcc -o conftest    conftest.c  >&5
configure:3193: $? = 0
configure:3200: ./conftest
configure:3204: $? = 0
configure:3219: result: no
configure:3224: checking for suffix of object files
configure:3246: gcc -c   conftest.c >&5
configure:3250: $? = 0
configure:3271: result: o
configure:3275: checking whether we are using the GNU C compiler
configure:3294: gcc -c   conftest.c >&5
configure:3294: $? = 0
configure:3303: result: yes
configure:3312: checking whether gcc accepts -g
configure:3332: gcc -c -g  conftest.c >&5
configure:3332: $? = 0
configure:3373: result: yes
configure:3390: checking for gcc option to accept ISO C89
configure:3453: gcc  -c   conftest.c >&5
configure:3453: $? = 0
configure:3466: result: none needed
configure:3497: checking for style of include used by /usr/bin/make
configure:3525: result: GNU
configure:3551: checking dependency style of gcc
configure:3662: result: none
configure:3682: checking build system type
configure:3696: result: x86_64-unknown-linux-gnu
configure:3716: checking host system type
configure:3729: result: x86_64-unknown-linux-gnu
configure:3793: checking for ranlib
configure:3809: found /usr/bin/ranlib
configure:3820: result: ranlib
configure:3843: checking whether gcc and cc understand -c and -o together
configure:3874: gcc -c conftest.c -o conftest2.o >&5
configure:3878: $? = 0
configure:3884: gcc -c conftest.c -o conftest2.o >&5
configure:3888: $? = 0
configure:3899: cc -c conftest.c >&5
configure:3903: $? = 0
configure:3911: cc -c conftest.c -o conftest2.o >&5
configure:3915: $? = 0
configure:3921: cc -c conftest.c -o conftest2.o >&5
configure:3925: $? = 0
configure:3943: result: yes
configure:3975: checking how to run the C preprocessor
configure:4006: gcc -E  conftest.c
configure:4006: $? = 0
configure:4020: gcc -E  conftest.c
conftest.c:11:28: fatal error: ac_nonexistent.h: No such file or directory
 #include <ac_nonexistent.h>
                            ^
compilation terminated.
configure:4020: $? = 1
configure: failed program was:
| /* confdefs.h */
| #define PACKAGE_NAME "stlink"
| #define PACKAGE_TARNAME "stlink"
| #define PACKAGE_VERSION "0.5.8"
| #define PACKAGE_STRING "stlink 0.5.8"
| #define PACKAGE_BUGREPORT "davem@devkitpro.org"
| #define PACKAGE_URL ""
| #define PACKAGE "stlink"
| #define VERSION "0.5.8"
| /* end confdefs.h.  */
| #include <ac_nonexistent.h>
configure:4045: result: gcc -E
configure:4065: gcc -E  conftest.c
configure:4065: $? = 0
configure:4079: gcc -E  conftest.c
conftest.c:11:28: fatal error: ac_nonexistent.h: No such file or directory
 #include <ac_nonexistent.h>
                            ^
compilation terminated.
configure:4079: $? = 1
configure: failed program was:
| /* confdefs.h */
| #define PACKAGE_NAME "stlink"
| #define PACKAGE_TARNAME "stlink"
| #define PACKAGE_VERSION "0.5.8"
| #define PACKAGE_STRING "stlink 0.5.8"
| #define PACKAGE_BUGREPORT "davem@devkitpro.org"
| #define PACKAGE_URL ""
| #define PACKAGE "stlink"
| #define VERSION "0.5.8"
| /* end confdefs.h.  */
| #include <ac_nonexistent.h>
configure:4108: checking for grep that handles long lines and -e
configure:4166: result: /bin/grep
configure:4171: checking for egrep
configure:4233: result: /bin/grep -E
configure:4238: checking for ANSI C header files
configure:4258: gcc -c   conftest.c >&5
configure:4258: $? = 0
configure:4331: gcc -o conftest    conftest.c  >&5
configure:4331: $? = 0
configure:4331: ./conftest
configure:4331: $? = 0
configure:4342: result: yes
configure:4355: checking for sys/types.h
configure:4355: gcc -c   conftest.c >&5
configure:4355: $? = 0
configure:4355: result: yes
configure:4355: checking for sys/stat.h
configure:4355: gcc -c   conftest.c >&5
configure:4355: $? = 0
configure:4355: result: yes
configure:4355: checking for stdlib.h
configure:4355: gcc -c   conftest.c >&5
configure:4355: $? = 0
configure:4355: result: yes
configure:4355: checking for string.h
configure:4355: gcc -c   conftest.c >&5
configure:4355: $? = 0
configure:4355: result: yes
configure:4355: checking for memory.h
configure:4355: gcc -c   conftest.c >&5
configure:4355: $? = 0
configure:4355: result: yes
configure:4355: checking for strings.h
configure:4355: gcc -c   conftest.c >&5
configure:4355: $? = 0
configure:4355: result: yes
configure:4355: checking for inttypes.h
configure:4355: gcc -c   conftest.c >&5
configure:4355: $? = 0
configure:4355: result: yes
configure:4355: checking for stdint.h
configure:4355: gcc -c   conftest.c >&5
configure:4355: $? = 0
configure:4355: result: yes
configure:4355: checking for unistd.h
configure:4355: gcc -c   conftest.c >&5
configure:4355: $? = 0
configure:4355: result: yes
configure:4369: checking sys/mman.h usability
configure:4369: gcc -c   conftest.c >&5
configure:4369: $? = 0
configure:4369: result: yes
configure:4369: checking sys/mman.h presence
configure:4369: gcc -E  conftest.c
configure:4369: $? = 0
configure:4369: result: yes
configure:4369: checking for sys/mman.h
configure:4369: result: yes
configure:4381: checking sys/poll.h usability
configure:4381: gcc -c   conftest.c >&5
configure:4381: $? = 0
configure:4381: result: yes
configure:4381: checking sys/poll.h presence
configure:4381: gcc -E  conftest.c
configure:4381: $? = 0
configure:4381: result: yes
configure:4381: checking for sys/poll.h
configure:4381: result: yes
configure:4391: checking for mmap
configure:4391: gcc -o conftest    conftest.c  >&5
configure:4391: $? = 0
configure:4391: result: yes
configure:4461: checking for pkg-config
configure:4479: found /usr/bin/pkg-config
configure:4491: result: /usr/bin/pkg-config
configure:4516: checking pkg-config is at least version 0.9.0
configure:4519: result: yes
configure:4531: checking for USB
configure:4538: $PKG_CONFIG --exists --print-errors "libusb-1.0 >= 1.0.0"
configure:4541: $? = 0
configure:4555: $PKG_CONFIG --exists --print-errors "libusb-1.0 >= 1.0.0"
configure:4558: $? = 0
configure:4596: result: yes
configure:4601: checking for usb_path2devnum in -lusbpath
configure:4626: gcc -o conftest    conftest.c -lusbpath -lusb  >&5
/usr/bin/ld: cannot find -lusbpath
/usr/bin/ld: cannot find -lusb
collect2: error: ld returned 1 exit status
configure:4626: $? = 1
configure: failed program was:
| /* confdefs.h */
| #define PACKAGE_NAME "stlink"
| #define PACKAGE_TARNAME "stlink"
| #define PACKAGE_VERSION "0.5.8"
| #define PACKAGE_STRING "stlink 0.5.8"
| #define PACKAGE_BUGREPORT "davem@devkitpro.org"
| #define PACKAGE_URL ""
| #define PACKAGE "stlink"
| #define VERSION "0.5.8"
| #define STDC_HEADERS 1
| #define HAVE_SYS_TYPES_H 1
| #define HAVE_SYS_STAT_H 1
| #define HAVE_STDLIB_H 1
| #define HAVE_STRING_H 1
| #define HAVE_MEMORY_H 1
| #define HAVE_STRINGS_H 1
| #define HAVE_INTTYPES_H 1
| #define HAVE_STDINT_H 1
| #define HAVE_UNISTD_H 1
| #define HAVE_SYS_MMAN_H 1
| #define HAVE_SYS_POLL_H 1
| #define HAVE_MMAP 1
| /* end confdefs.h.  */
| 
| /* Override any GCC internal prototype to avoid an error.
|    Use char because int might match the return type of a GCC
|    builtin and then its argument prototype would still apply.  */
| #ifdef __cplusplus
| extern "C"
| #endif
| char usb_path2devnum ();
| int
| main ()
| {
| return usb_path2devnum ();
|   ;
|   return 0;
| }
configure:4635: result: no
configure:5021: creating ./config.status

## ---------------------- ##
## Running config.status. ##
## ---------------------- ##

This file was extended by stlink config.status 0.5.8, which was
generated by GNU Autoconf 2.69.  Invocation command line was

  CONFIG_FILES    = 
  CONFIG_HEADERS  = 
  CONFIG_LINKS    = 
  CONFIG_COMMANDS = 
  $ ./config.status 

on nookie

config.status:793: creating Makefile
config.status:965: executing depfiles commands

## ---------------- ##
## Cache variables. ##
## ---------------- ##

ac_cv_build=x86_64-unknown-linux-gnu
ac_cv_c_compiler_gnu=yes
ac_cv_env_CC_set=
ac_cv_env_CC_value=
ac_cv_env_CFLAGS_set=set
ac_cv_env_CFLAGS_value=
ac_cv_env_CPPFLAGS_set=
ac_cv_env_CPPFLAGS_value=
ac_cv_env_CPP_set=
ac_cv_env_CPP_value=
ac_cv_env_GLIB_CFLAGS_set=
ac_cv_env_GLIB_CFLAGS_value=
ac_cv_env_GLIB_LIBS_set=
ac_cv_env_GLIB_LIBS_value=
ac_cv_env_GTK_CFLAGS_set=
ac_cv_env_GTK_CFLAGS_value=
ac_cv_env_GTK_LIBS_set=
ac_cv_env_GTK_LIBS_value=
ac_cv_env_LDFLAGS_set=set
ac_cv_env_LDFLAGS_value=
ac_cv_env_LIBS_set=
ac_cv_env_LIBS_value=
ac_cv_env_PKG_CONFIG_LIBDIR_set=
ac_cv_env_PKG_CONFIG_LIBDIR_value=
ac_cv_env_PKG_CONFIG_PATH_set=
ac_cv_env_PKG_CONFIG_PATH_value=
ac_cv_env_PKG_CONFIG_set=
ac_cv_env_PKG_CONFIG_value=
ac_cv_env_USB_CFLAGS_set=
ac_cv_env_USB_CFLAGS_value=
ac_cv_env_USB_LIBS_set=
ac_cv_env_USB_LIBS_value=
ac_cv_env_build_alias_set=
ac_cv_env_build_alias_value=
ac_cv_env_host_alias_set=
ac_cv_env_host_alias_value=
ac_cv_env_target_alias_set=
ac_cv_env_target_alias_value=
ac_cv_func_mmap=yes
ac_cv_header_inttypes_h=yes
ac_cv_header_memory_h=yes
ac_cv_header_stdc=yes
ac_cv_header_stdint_h=yes
ac_cv_header_stdlib_h=yes
ac_cv_header_string_h=yes
ac_cv_header_strings_h=yes
ac_cv_header_sys_mman_h=yes
ac_cv_header_sys_poll_h=yes
ac_cv_header_sys_stat_h=yes
ac_cv_header_sys_types_h=yes
ac_cv_header_unistd_h=yes
ac_cv_host=x86_64-unknown-linux-gnu
ac_cv_lib_usbpath_usb_path2devnum=no
ac_cv_objext=o
ac_cv_path_EGREP='/bin/grep -E'
ac_cv_path_GREP=/bin/grep
ac_cv_path_ac_pt_PKG_CONFIG=/usr/bin/pkg-config
ac_cv_path_install='/usr/bin/install -c'
ac_cv_path_mkdir=/bin/mkdir
ac_cv_prog_AWK=mawk
ac_cv_prog_CPP='gcc -E'
ac_cv_prog_ac_ct_CC=gcc
ac_cv_prog_ac_ct_RANLIB=ranlib
ac_cv_prog_cc_c89=
ac_cv_prog_cc_g=yes
ac_cv_prog_cc_gcc_c_o=yes
ac_cv_prog_make__usr_bin_make_set=yes
am_cv_CC_dependencies_compiler_type=none
pkg_cv_USB_CFLAGS='-I/usr/local/include/libusb-1.0  '
pkg_cv_USB_LIBS='-pthread -L/usr/local/lib -lusb-1.0 -lrt  '

## ----------------- ##
## Output variables. ##
## ----------------- ##

ACLOCAL='${SHELL} /usr/local/src/c.cpp.h/devkitPro/buildscripts/.devkitARM/stlink-0.5.8/missing --run aclocal-1.11'
AMDEPBACKSLASH=''
AMDEP_FALSE=''
AMDEP_TRUE='#'
AMTAR='$${TAR-tar}'
AUTOCONF='${SHELL} /usr/local/src/c.cpp.h/devkitPro/buildscripts/.devkitARM/stlink-0.5.8/missing --run autoconf'
AUTOHEADER='${SHELL} /usr/local/src/c.cpp.h/devkitPro/buildscripts/.devkitARM/stlink-0.5.8/missing --run autoheader'
AUTOMAKE='${SHELL} /usr/local/src/c.cpp.h/devkitPro/buildscripts/.devkitARM/stlink-0.5.8/missing --run automake-1.11'
AWK='mawk'
CC='gcc'
CCDEPMODE='depmode=none'
CFLAGS=' -I/usr/local/include/libusb-1.0  '
CPP='gcc -E'
CPPFLAGS=''
CYGPATH_W='echo'
DEFS='-DPACKAGE_NAME=\"stlink\" -DPACKAGE_TARNAME=\"stlink\" -DPACKAGE_VERSION=\"0.5.8\" -DPACKAGE_STRING=\"stlink\ 0.5.8\" -DPACKAGE_BUGREPORT=\"davem@devkitpro.org\" -DPACKAGE_URL=\"\" -DPACKAGE=\"stlink\" -DVERSION=\"0.5.8\" -DSTDC_HEADERS=1 -DHAVE_SYS_TYPES_H=1 -DHAVE_SYS_STAT_H=1 -DHAVE_STDLIB_H=1 -DHAVE_STRING_H=1 -DHAVE_MEMORY_H=1 -DHAVE_STRINGS_H=1 -DHAVE_INTTYPES_H=1 -DHAVE_STDINT_H=1 -DHAVE_UNISTD_H=1 -DHAVE_SYS_MMAN_H=1 -DHAVE_SYS_POLL_H=1 -DHAVE_MMAP=1'
DEPDIR='.deps'
ECHO_C=''
ECHO_N='-n'
ECHO_T=''
EGREP='/bin/grep -E'
EXEEXT=''
GLIB_CFLAGS=''
GLIB_LIBS=''
GREP='/bin/grep'
GTK_CFLAGS=''
GTK_LIBS=''
INSTALL_DATA='${INSTALL} -m 644'
INSTALL_PROGRAM='${INSTALL}'
INSTALL_SCRIPT='${INSTALL}'
INSTALL_STRIP_PROGRAM='$(install_sh) -c -s'
LDFLAGS=''
LIBOBJS=''
LIBS=' -pthread -L/usr/local/lib -lusb-1.0 -lrt  '
LTLIBOBJS=''
MAKEINFO='${SHELL} /usr/local/src/c.cpp.h/devkitPro/buildscripts/.devkitARM/stlink-0.5.8/missing --run makeinfo'
MAYBE_GUI=''
MKDIR_P='/bin/mkdir -p'
OBJEXT='o'
PACKAGE='stlink'
PACKAGE_BUGREPORT='davem@devkitpro.org'
PACKAGE_NAME='stlink'
PACKAGE_STRING='stlink 0.5.8'
PACKAGE_TARNAME='stlink'
PACKAGE_URL=''
PACKAGE_VERSION='0.5.8'
PATH_SEPARATOR=':'
PKG_CONFIG='/usr/bin/pkg-config'
PKG_CONFIG_LIBDIR=''
PKG_CONFIG_PATH=''
RANLIB='ranlib'
SET_MAKE=''
SHELL='/bin/bash'
STRIP=''
USB_CFLAGS='-I/usr/local/include/libusb-1.0  '
USB_LIBS='-pthread -L/usr/local/lib -lusb-1.0 -lrt  '
VERSION='0.5.8'
ac_ct_CC='gcc'
am__EXEEXT_FALSE=''
am__EXEEXT_TRUE='#'
am__fastdepCC_FALSE=''
am__fastdepCC_TRUE='#'
am__include='include'
am__isrc=''
am__leading_dot='.'
am__nodep=''
am__quote=''
am__tar='$${TAR-tar} chof - "$$tardir"'
am__untar='$${TAR-tar} xf -'
bindir='${exec_prefix}/bin'
build='x86_64-unknown-linux-gnu'
build_alias=''
build_cpu='x86_64'
build_os='linux-gnu'
build_vendor='unknown'
datadir='${datarootdir}'
datarootdir='${prefix}/share'
docdir='${datarootdir}/doc/${PACKAGE_TARNAME}'
dvidir='${docdir}'
exec_prefix='${prefix}'
host='x86_64-unknown-linux-gnu'
host_alias=''
host_cpu='x86_64'
host_os='linux-gnu'
host_vendor='unknown'
htmldir='${docdir}'
includedir='${prefix}/include'
infodir='${datarootdir}/info'
install_sh='${SHELL} /usr/local/src/c.cpp.h/devkitPro/buildscripts/.devkitARM/stlink-0.5.8/install-sh'
libdir='${exec_prefix}/lib'
libexecdir='${exec_prefix}/libexec'
localedir='${datarootdir}/locale'
localstatedir='${prefix}/var'
mandir='${datarootdir}/man'
mkdir_p='/bin/mkdir -p'
oldincludedir='/usr/include'
pdfdir='${docdir}'
prefix='/usr/local/src/c.cpp.h/devkitPro/devkitARM'
program_transform_name='s,x,x,'
psdir='${docdir}'
sbindir='${exec_prefix}/sbin'
sharedstatedir='${prefix}/com'
sysconfdir='${prefix}/etc'
target_alias=''

## ----------- ##
## confdefs.h. ##
## ----------- ##

/* confdefs.h */
#define PACKAGE_NAME "stlink"
#define PACKAGE_TARNAME "stlink"
#define PACKAGE_VERSION "0.5.8"
#define PACKAGE_STRING "stlink 0.5.8"
#define PACKAGE_BUGREPORT "davem@devkitpro.org"
#define PACKAGE_URL ""
#define PACKAGE "stlink"
#define VERSION "0.5.8"
#define STDC_HEADERS 1
#define HAVE_SYS_TYPES_H 1
#define HAVE_SYS_STAT_H 1
#define HAVE_STDLIB_H 1
#define HAVE_STRING_H 1
#define HAVE_MEMORY_H 1
#define HAVE_STRINGS_H 1
#define HAVE_INTTYPES_H 1
#define HAVE_STDINT_H 1
#define HAVE_UNISTD_H 1
#define HAVE_SYS_MMAN_H 1
#define HAVE_SYS_POLL_H 1
#define HAVE_MMAP 1

configure: exit 0
