This file contains any messages produced by compilers while
running configure, to aid debugging if configure makes a mistake.

It was created by gamecube-tools configure 1.0.0, which was
generated by GNU Autoconf 2.69.  Invocation command line was

  $ ./configure --prefix=/opt/radiofreedom/ppc

## --------- ##
## Platform. ##
## --------- ##

hostname = nookie
uname -m = x86_64
uname -r = 3.13.0-46-generic
uname -s = Linux
uname -v = #77-Ubuntu SMP Mon Mar 2 18:23:39 UTC 2015

/usr/bin/uname -p = unknown
/bin/uname -X     = unknown

/bin/arch              = unknown
/usr/bin/arch -k       = unknown
/usr/convex/getsysinfo = unknown
/usr/bin/hostinfo      = unknown
/bin/machine           = unknown
/usr/bin/oslevel       = unknown
/bin/universe          = unknown

PATH: /usr/local/sbin
PATH: /usr/local/bin
PATH: /usr/sbin
PATH: /usr/bin
PATH: /sbin
PATH: /bin
PATH: /opt/radiofreedom/ppc/bin


## ----------- ##
## Core tests. ##
## ----------- ##

configure:2381: checking for a BSD-compatible install
configure:2449: result: /usr/bin/install -c
configure:2460: checking whether build environment is sane
configure:2515: result: yes
configure:2666: checking for a thread-safe mkdir -p
configure:2705: result: /bin/mkdir -p
configure:2712: checking for gawk
configure:2742: result: no
configure:2712: checking for mawk
configure:2728: found /usr/bin/mawk
configure:2739: result: mawk
configure:2750: checking whether make sets $(MAKE)
configure:2772: result: yes
configure:2910: checking for gcc
configure:2926: found /usr/bin/gcc
configure:2937: result: gcc
configure:3166: checking for C compiler version
configure:3175: gcc --version >&5
gcc (Ubuntu 4.8.2-19ubuntu1) 4.8.2
Copyright (C) 2013 Free Software Foundation, Inc.
This is free software; see the source for copying conditions.  There is NO
warranty; not even for MERCHANTABILITY or FITNESS FOR A PARTICULAR PURPOSE.

configure:3186: $? = 0
configure:3175: gcc -v >&5
Using built-in specs.
COLLECT_GCC=gcc
COLLECT_LTO_WRAPPER=/usr/lib/gcc/x86_64-linux-gnu/4.8/lto-wrapper
Target: x86_64-linux-gnu
Configured with: ../src/configure -v --with-pkgversion='Ubuntu 4.8.2-19ubuntu1' --with-bugurl=file:///usr/share/doc/gcc-4.8/README.Bugs --enable-languages=c,c++,java,go,d,fortran,objc,obj-c++ --prefix=/usr --program-suffix=-4.8 --enable-shared --enable-linker-build-id --libexecdir=/usr/lib --without-included-gettext --enable-threads=posix --with-gxx-include-dir=/usr/include/c++/4.8 --libdir=/usr/lib --enable-nls --with-sysroot=/ --enable-clocale=gnu --enable-libstdcxx-debug --enable-libstdcxx-time=yes --enable-gnu-unique-object --disable-libmudflap --enable-plugin --with-system-zlib --disable-browser-plugin --enable-java-awt=gtk --enable-gtk-cairo --with-java-home=/usr/lib/jvm/java-1.5.0-gcj-4.8-amd64/jre --enable-java-home --with-jvm-root-dir=/usr/lib/jvm/java-1.5.0-gcj-4.8-amd64 --with-jvm-jar-dir=/usr/lib/jvm-exports/java-1.5.0-gcj-4.8-amd64 --with-arch-directory=amd64 --with-ecj-jar=/usr/share/java/eclipse-ecj.jar --enable-objc-gc --enable-multiarch --disable-werror --with-arch-32=i686 --with-abi=m64 --with-multilib-list=m32,m64,mx32 --with-tune=generic --enable-checking=release --build=x86_64-linux-gnu --host=x86_64-linux-gnu --target=x86_64-linux-gnu
Thread model: posix
gcc version 4.8.2 (Ubuntu 4.8.2-19ubuntu1) 
configure:3186: $? = 0
configure:3175: gcc -V >&5
gcc: error: unrecognized command line option '-V'
gcc: fatal error: no input files
compilation terminated.
configure:3186: $? = 4
configure:3175: gcc -qversion >&5
gcc: error: unrecognized command line option '-qversion'
gcc: fatal error: no input files
compilation terminated.
configure:3186: $? = 4
configure:3206: checking whether the C compiler works
configure:3228: gcc    conftest.c  >&5
configure:3232: $? = 0
configure:3280: result: yes
configure:3283: checking for C compiler default output file name
configure:3285: result: a.out
configure:3291: checking for suffix of executables
configure:3298: gcc -o conftest    conftest.c  >&5
configure:3302: $? = 0
configure:3324: result: 
configure:3346: checking whether we are cross compiling
configure:3354: gcc -o conftest    conftest.c  >&5
configure:3358: $? = 0
configure:3365: ./conftest
configure:3369: $? = 0
configure:3384: result: no
configure:3389: checking for suffix of object files
configure:3411: gcc -c   conftest.c >&5
configure:3415: $? = 0
configure:3436: result: o
configure:3440: checking whether we are using the GNU C compiler
configure:3459: gcc -c   conftest.c >&5
configure:3459: $? = 0
configure:3468: result: yes
configure:3477: checking whether gcc accepts -g
configure:3497: gcc -c -g  conftest.c >&5
configure:3497: $? = 0
configure:3538: result: yes
configure:3555: checking for gcc option to accept ISO C89
configure:3618: gcc  -c -g -O2  conftest.c >&5
configure:3618: $? = 0
configure:3631: result: none needed
configure:3662: checking for style of include used by make
configure:3690: result: GNU
configure:3716: checking dependency style of gcc
configure:3827: result: gcc3
configure:3900: checking for g++
configure:3916: found /usr/bin/g++
configure:3927: result: g++
configure:3954: checking for C++ compiler version
configure:3963: g++ --version >&5
g++ (Ubuntu 4.8.2-19ubuntu1) 4.8.2
Copyright (C) 2013 Free Software Foundation, Inc.
This is free software; see the source for copying conditions.  There is NO
warranty; not even for MERCHANTABILITY or FITNESS FOR A PARTICULAR PURPOSE.

configure:3974: $? = 0
configure:3963: g++ -v >&5
Using built-in specs.
COLLECT_GCC=g++
COLLECT_LTO_WRAPPER=/usr/lib/gcc/x86_64-linux-gnu/4.8/lto-wrapper
Target: x86_64-linux-gnu
Configured with: ../src/configure -v --with-pkgversion='Ubuntu 4.8.2-19ubuntu1' --with-bugurl=file:///usr/share/doc/gcc-4.8/README.Bugs --enable-languages=c,c++,java,go,d,fortran,objc,obj-c++ --prefix=/usr --program-suffix=-4.8 --enable-shared --enable-linker-build-id --libexecdir=/usr/lib --without-included-gettext --enable-threads=posix --with-gxx-include-dir=/usr/include/c++/4.8 --libdir=/usr/lib --enable-nls --with-sysroot=/ --enable-clocale=gnu --enable-libstdcxx-debug --enable-libstdcxx-time=yes --enable-gnu-unique-object --disable-libmudflap --enable-plugin --with-system-zlib --disable-browser-plugin --enable-java-awt=gtk --enable-gtk-cairo --with-java-home=/usr/lib/jvm/java-1.5.0-gcj-4.8-amd64/jre --enable-java-home --with-jvm-root-dir=/usr/lib/jvm/java-1.5.0-gcj-4.8-amd64 --with-jvm-jar-dir=/usr/lib/jvm-exports/java-1.5.0-gcj-4.8-amd64 --with-arch-directory=amd64 --with-ecj-jar=/usr/share/java/eclipse-ecj.jar --enable-objc-gc --enable-multiarch --disable-werror --with-arch-32=i686 --with-abi=m64 --with-multilib-list=m32,m64,mx32 --with-tune=generic --enable-checking=release --build=x86_64-linux-gnu --host=x86_64-linux-gnu --target=x86_64-linux-gnu
Thread model: posix
gcc version 4.8.2 (Ubuntu 4.8.2-19ubuntu1) 
configure:3974: $? = 0
configure:3963: g++ -V >&5
g++: error: unrecognized command line option '-V'
g++: fatal error: no input files
compilation terminated.
configure:3974: $? = 4
configure:3963: g++ -qversion >&5
g++: error: unrecognized command line option '-qversion'
g++: fatal error: no input files
compilation terminated.
configure:3974: $? = 4
configure:3978: checking whether we are using the GNU C++ compiler
configure:3997: g++ -c   conftest.cpp >&5
configure:3997: $? = 0
configure:4006: result: yes
configure:4015: checking whether g++ accepts -g
configure:4035: g++ -c -g  conftest.cpp >&5
configure:4035: $? = 0
configure:4076: result: yes
configure:4101: checking dependency style of g++
configure:4212: result: gcc3
configure:4232: checking build system type
configure:4246: result: x86_64-unknown-linux-gnu
configure:4266: checking host system type
configure:4279: result: x86_64-unknown-linux-gnu
configure:4346: checking how to print strings
configure:4373: result: printf
configure:4394: checking for a sed that does not truncate output
configure:4458: result: /bin/sed
configure:4476: checking for grep that handles long lines and -e
configure:4534: result: /bin/grep
configure:4539: checking for egrep
configure:4601: result: /bin/grep -E
configure:4606: checking for fgrep
configure:4668: result: /bin/grep -F
configure:4703: checking for ld used by gcc
configure:4770: result: /usr/bin/ld
configure:4777: checking if the linker (/usr/bin/ld) is GNU ld
configure:4792: result: yes
configure:4804: checking for BSD- or MS-compatible name lister (nm)
configure:4853: result: /usr/bin/nm -B
configure:4983: checking the name lister (/usr/bin/nm -B) interface
configure:4990: gcc -c -g -O2  conftest.c >&5
configure:4993: /usr/bin/nm -B "conftest.o"
configure:4996: output
0000000000000000 B some_variable
configure:5003: result: BSD nm
configure:5006: checking whether ln -s works
configure:5010: result: yes
configure:5018: checking the maximum length of command line arguments
configure:5148: result: 1572864
configure:5165: checking whether the shell understands some XSI constructs
configure:5175: result: yes
configure:5179: checking whether the shell understands "+="
configure:5185: result: yes
configure:5220: checking how to convert x86_64-unknown-linux-gnu file names to x86_64-unknown-linux-gnu format
configure:5282: result: func_convert_file_noop
configure:5289: checking how to convert x86_64-unknown-linux-gnu file names to toolchain format
configure:5309: result: func_convert_file_noop
configure:5316: checking for /usr/bin/ld option to reload object files
configure:5323: result: -r
configure:5397: checking for objdump
configure:5413: found /usr/bin/objdump
configure:5424: result: objdump
configure:5456: checking how to recognize dependent libraries
configure:5658: result: pass_all
configure:5743: checking for dlltool
configure:5773: result: no
configure:5803: checking how to associate runtime and link libraries
configure:5830: result: printf %s\n
configure:5891: checking for ar
configure:5907: found /usr/bin/ar
configure:5918: result: ar
configure:5955: checking for archiver @FILE support
configure:5972: gcc -c -g -O2  conftest.c >&5
configure:5972: $? = 0
configure:5975: ar cru libconftest.a @conftest.lst >&5
configure:5978: $? = 0
configure:5983: ar cru libconftest.a @conftest.lst >&5
ar: conftest.o: No such file or directory
configure:5986: $? = 1
configure:5998: result: @
configure:6056: checking for strip
configure:6072: found /usr/bin/strip
configure:6083: result: strip
configure:6155: checking for ranlib
configure:6171: found /usr/bin/ranlib
configure:6182: result: ranlib
configure:6284: checking command to parse /usr/bin/nm -B output from gcc object
configure:6404: gcc -c -g -O2  conftest.c >&5
configure:6407: $? = 0
configure:6411: /usr/bin/nm -B conftest.o \| sed -n -e 's/^.*[ ]\([ABCDGIRSTW][ABCDGIRSTW]*\)[ ][ ]*\([_A-Za-z][_A-Za-z0-9]*\)$/\1 \2 \2/p' | sed '/ __gnu_lto/d' \> conftest.nm
configure:6414: $? = 0
configure:6480: gcc -o conftest -g -O2   conftest.c conftstm.o >&5
configure:6483: $? = 0
configure:6521: result: ok
configure:6558: checking for sysroot
configure:6588: result: no
configure:6665: gcc -c -g -O2  conftest.c >&5
configure:6668: $? = 0
configure:6844: checking for mt
configure:6860: found /bin/mt
configure:6871: result: mt
configure:6894: checking if mt is a manifest tool
configure:6900: mt '-?'
configure:6908: result: no
configure:7550: checking how to run the C preprocessor
configure:7581: gcc -E  conftest.c
configure:7581: $? = 0
configure:7595: gcc -E  conftest.c
conftest.c:11:28: fatal error: ac_nonexistent.h: No such file or directory
 #include <ac_nonexistent.h>
                            ^
compilation terminated.
configure:7595: $? = 1
configure: failed program was:
| /* confdefs.h */
| #define PACKAGE_NAME "gamecube-tools"
| #define PACKAGE_TARNAME "gamecube-tools"
| #define PACKAGE_VERSION "1.0.0"
| #define PACKAGE_STRING "gamecube-tools 1.0.0"
| #define PACKAGE_BUGREPORT "davem@devkitpro.org"
| #define PACKAGE_URL ""
| #define PACKAGE "gamecube-tools"
| #define VERSION "1.0.0"
| /* end confdefs.h.  */
| #include <ac_nonexistent.h>
configure:7620: result: gcc -E
configure:7640: gcc -E  conftest.c
configure:7640: $? = 0
configure:7654: gcc -E  conftest.c
conftest.c:11:28: fatal error: ac_nonexistent.h: No such file or directory
 #include <ac_nonexistent.h>
                            ^
compilation terminated.
configure:7654: $? = 1
configure: failed program was:
| /* confdefs.h */
| #define PACKAGE_NAME "gamecube-tools"
| #define PACKAGE_TARNAME "gamecube-tools"
| #define PACKAGE_VERSION "1.0.0"
| #define PACKAGE_STRING "gamecube-tools 1.0.0"
| #define PACKAGE_BUGREPORT "davem@devkitpro.org"
| #define PACKAGE_URL ""
| #define PACKAGE "gamecube-tools"
| #define VERSION "1.0.0"
| /* end confdefs.h.  */
| #include <ac_nonexistent.h>
configure:7683: checking for ANSI C header files
configure:7703: gcc -c -g -O2  conftest.c >&5
configure:7703: $? = 0
configure:7776: gcc -o conftest -g -O2   conftest.c  >&5
configure:7776: $? = 0
configure:7776: ./conftest
configure:7776: $? = 0
configure:7787: result: yes
configure:7800: checking for sys/types.h
configure:7800: gcc -c -g -O2  conftest.c >&5
configure:7800: $? = 0
configure:7800: result: yes
configure:7800: checking for sys/stat.h
configure:7800: gcc -c -g -O2  conftest.c >&5
configure:7800: $? = 0
configure:7800: result: yes
configure:7800: checking for stdlib.h
configure:7800: gcc -c -g -O2  conftest.c >&5
configure:7800: $? = 0
configure:7800: result: yes
configure:7800: checking for string.h
configure:7800: gcc -c -g -O2  conftest.c >&5
configure:7800: $? = 0
configure:7800: result: yes
configure:7800: checking for memory.h
configure:7800: gcc -c -g -O2  conftest.c >&5
configure:7800: $? = 0
configure:7800: result: yes
configure:7800: checking for strings.h
configure:7800: gcc -c -g -O2  conftest.c >&5
configure:7800: $? = 0
configure:7800: result: yes
configure:7800: checking for inttypes.h
configure:7800: gcc -c -g -O2  conftest.c >&5
configure:7800: $? = 0
configure:7800: result: yes
configure:7800: checking for stdint.h
configure:7800: gcc -c -g -O2  conftest.c >&5
configure:7800: $? = 0
configure:7800: result: yes
configure:7800: checking for unistd.h
configure:7800: gcc -c -g -O2  conftest.c >&5
configure:7800: $? = 0
configure:7800: result: yes
configure:7814: checking for dlfcn.h
configure:7814: gcc -c -g -O2  conftest.c >&5
configure:7814: $? = 0
configure:7814: result: yes
configure:8031: checking for objdir
configure:8046: result: .libs
configure:8317: checking if gcc supports -fno-rtti -fno-exceptions
configure:8335: gcc -c -g -O2  -fno-rtti -fno-exceptions conftest.c >&5
cc1: warning: command line option '-fno-rtti' is valid for C++/ObjC++ but not for C [enabled by default]
configure:8339: $? = 0
configure:8352: result: no
configure:8679: checking for gcc option to produce PIC
configure:8686: result: -fPIC -DPIC
configure:8694: checking if gcc PIC flag -fPIC -DPIC works
configure:8712: gcc -c -g -O2  -fPIC -DPIC -DPIC conftest.c >&5
configure:8716: $? = 0
configure:8729: result: yes
configure:8758: checking if gcc static flag -static works
configure:8786: result: yes
configure:8801: checking if gcc supports -c -o file.o
configure:8822: gcc -c -g -O2  -o out/conftest2.o conftest.c >&5
configure:8826: $? = 0
configure:8848: result: yes
configure:8856: checking if gcc supports -c -o file.o
configure:8903: result: yes
configure:8936: checking whether the gcc linker (/usr/bin/ld -m elf_x86_64) supports shared libraries
configure:10089: result: yes
configure:10126: checking whether -lc should be explicitly linked in
configure:10134: gcc -c -g -O2  conftest.c >&5
configure:10137: $? = 0
configure:10152: gcc -shared  -fPIC -DPIC conftest.o  -v -Wl,-soname -Wl,conftest -o conftest 2\>\&1 \| /bin/grep  -lc  \>/dev/null 2\>\&1
configure:10155: $? = 0
configure:10169: result: no
configure:10329: checking dynamic linker characteristics
configure:10846: gcc -o conftest -g -O2   -Wl,-rpath -Wl,/foo conftest.c  >&5
configure:10846: $? = 0
configure:11068: result: GNU/Linux ld.so
configure:11175: checking how to hardcode library paths into programs
configure:11200: result: immediate
configure:11740: checking whether stripping libraries is possible
configure:11745: result: yes
configure:11780: checking if libtool supports shared libraries
configure:11782: result: yes
configure:11785: checking whether to build shared libraries
configure:11806: result: yes
configure:11809: checking whether to build static libraries
configure:11813: result: yes
configure:11836: checking how to run the C++ preprocessor
configure:11863: g++ -E  conftest.cpp
configure:11863: $? = 0
configure:11877: g++ -E  conftest.cpp
conftest.cpp:23:28: fatal error: ac_nonexistent.h: No such file or directory
 #include <ac_nonexistent.h>
                            ^
compilation terminated.
configure:11877: $? = 1
configure: failed program was:
| /* confdefs.h */
| #define PACKAGE_NAME "gamecube-tools"
| #define PACKAGE_TARNAME "gamecube-tools"
| #define PACKAGE_VERSION "1.0.0"
| #define PACKAGE_STRING "gamecube-tools 1.0.0"
| #define PACKAGE_BUGREPORT "davem@devkitpro.org"
| #define PACKAGE_URL ""
| #define PACKAGE "gamecube-tools"
| #define VERSION "1.0.0"
| #define STDC_HEADERS 1
| #define HAVE_SYS_TYPES_H 1
| #define HAVE_SYS_STAT_H 1
| #define HAVE_STDLIB_H 1
| #define HAVE_STRING_H 1
| #define HAVE_MEMORY_H 1
| #define HAVE_STRINGS_H 1
| #define HAVE_INTTYPES_H 1
| #define HAVE_STDINT_H 1
| #define HAVE_UNISTD_H 1
| #define HAVE_DLFCN_H 1
| #define LT_OBJDIR ".libs/"
| /* end confdefs.h.  */
| #include <ac_nonexistent.h>
configure:11902: result: g++ -E
configure:11922: g++ -E  conftest.cpp
configure:11922: $? = 0
configure:11936: g++ -E  conftest.cpp
conftest.cpp:23:28: fatal error: ac_nonexistent.h: No such file or directory
 #include <ac_nonexistent.h>
                            ^
compilation terminated.
configure:11936: $? = 1
configure: failed program was:
| /* confdefs.h */
| #define PACKAGE_NAME "gamecube-tools"
| #define PACKAGE_TARNAME "gamecube-tools"
| #define PACKAGE_VERSION "1.0.0"
| #define PACKAGE_STRING "gamecube-tools 1.0.0"
| #define PACKAGE_BUGREPORT "davem@devkitpro.org"
| #define PACKAGE_URL ""
| #define PACKAGE "gamecube-tools"
| #define VERSION "1.0.0"
| #define STDC_HEADERS 1
| #define HAVE_SYS_TYPES_H 1
| #define HAVE_SYS_STAT_H 1
| #define HAVE_STDLIB_H 1
| #define HAVE_STRING_H 1
| #define HAVE_MEMORY_H 1
| #define HAVE_STRINGS_H 1
| #define HAVE_INTTYPES_H 1
| #define HAVE_STDINT_H 1
| #define HAVE_UNISTD_H 1
| #define HAVE_DLFCN_H 1
| #define LT_OBJDIR ".libs/"
| /* end confdefs.h.  */
| #include <ac_nonexistent.h>
configure:12105: checking for ld used by g++
configure:12172: result: /usr/bin/ld -m elf_x86_64
configure:12179: checking if the linker (/usr/bin/ld -m elf_x86_64) is GNU ld
configure:12194: result: yes
configure:12249: checking whether the g++ linker (/usr/bin/ld -m elf_x86_64) supports shared libraries
configure:13254: result: yes
configure:13290: g++ -c -g -O2  conftest.cpp >&5
configure:13293: $? = 0
configure:13813: checking for g++ option to produce PIC
configure:13820: result: -fPIC -DPIC
configure:13828: checking if g++ PIC flag -fPIC -DPIC works
configure:13846: g++ -c -g -O2  -fPIC -DPIC -DPIC conftest.cpp >&5
configure:13850: $? = 0
configure:13863: result: yes
configure:13886: checking if g++ static flag -static works
configure:13914: result: yes
configure:13926: checking if g++ supports -c -o file.o
configure:13947: g++ -c -g -O2  -o out/conftest2.o conftest.cpp >&5
configure:13951: $? = 0
configure:13973: result: yes
configure:13978: checking if g++ supports -c -o file.o
configure:14025: result: yes
configure:14055: checking whether the g++ linker (/usr/bin/ld -m elf_x86_64) supports shared libraries
configure:14091: result: yes
configure:14232: checking dynamic linker characteristics
configure:14904: result: GNU/Linux ld.so
configure:14957: checking how to hardcode library paths into programs
configure:14982: result: immediate
configure:15044: checking whether gcc and cc understand -c and -o together
configure:15075: gcc -c conftest.c -o conftest2.o >&5
configure:15079: $? = 0
configure:15085: gcc -c conftest.c -o conftest2.o >&5
configure:15089: $? = 0
configure:15100: cc -c conftest.c >&5
configure:15104: $? = 0
configure:15112: cc -c conftest.c -o conftest2.o >&5
configure:15116: $? = 0
configure:15122: cc -c conftest.c -o conftest2.o >&5
configure:15126: $? = 0
configure:15144: result: yes
configure:15179: checking FreeImage.h usability
configure:15179: gcc -c -g -O2  conftest.c >&5
configure:15179: $? = 0
configure:15179: result: yes
configure:15179: checking FreeImage.h presence
configure:15179: gcc -E  conftest.c
configure:15179: $? = 0
configure:15179: result: yes
configure:15179: checking for FreeImage.h
configure:15179: result: yes
configure:15186: checking for libfreeimage
configure:15201: gcc -o conftest -g -O2   conftest.c  -lfreeimage  -lstdc++ >&5
configure:15201: $? = 0
configure:15208: result: yes
configure:15366: checking that generated files are newer than configure
configure:15372: result: done
configure:15399: creating ./config.status

## ---------------------- ##
## Running config.status. ##
## ---------------------- ##

This file was extended by gamecube-tools config.status 1.0.0, which was
generated by GNU Autoconf 2.69.  Invocation command line was

  CONFIG_FILES    = 
  CONFIG_HEADERS  = 
  CONFIG_LINKS    = 
  CONFIG_COMMANDS = 
  $ ./config.status 

on nookie

config.status:1063: creating Makefile
config.status:1235: executing depfiles commands
config.status:1235: executing libtool commands

## ---------------- ##
## Cache variables. ##
## ---------------- ##

ac_cv_build=x86_64-unknown-linux-gnu
ac_cv_c_compiler_gnu=yes
ac_cv_cxx_compiler_gnu=yes
ac_cv_env_CCC_set=
ac_cv_env_CCC_value=
ac_cv_env_CC_set=
ac_cv_env_CC_value=
ac_cv_env_CFLAGS_set=
ac_cv_env_CFLAGS_value=
ac_cv_env_CPPFLAGS_set=
ac_cv_env_CPPFLAGS_value=
ac_cv_env_CPP_set=
ac_cv_env_CPP_value=
ac_cv_env_CXXCPP_set=
ac_cv_env_CXXCPP_value=
ac_cv_env_CXXFLAGS_set=
ac_cv_env_CXXFLAGS_value=
ac_cv_env_CXX_set=
ac_cv_env_CXX_value=
ac_cv_env_LDFLAGS_set=
ac_cv_env_LDFLAGS_value=
ac_cv_env_LIBS_set=
ac_cv_env_LIBS_value=
ac_cv_env_build_alias_set=
ac_cv_env_build_alias_value=
ac_cv_env_host_alias_set=
ac_cv_env_host_alias_value=
ac_cv_env_target_alias_set=
ac_cv_env_target_alias_value=
ac_cv_header_FreeImage_h=yes
ac_cv_header_dlfcn_h=yes
ac_cv_header_inttypes_h=yes
ac_cv_header_memory_h=yes
ac_cv_header_stdc=yes
ac_cv_header_stdint_h=yes
ac_cv_header_stdlib_h=yes
ac_cv_header_string_h=yes
ac_cv_header_strings_h=yes
ac_cv_header_sys_stat_h=yes
ac_cv_header_sys_types_h=yes
ac_cv_header_unistd_h=yes
ac_cv_host=x86_64-unknown-linux-gnu
ac_cv_objext=o
ac_cv_path_EGREP='/bin/grep -E'
ac_cv_path_FGREP='/bin/grep -F'
ac_cv_path_GREP=/bin/grep
ac_cv_path_SED=/bin/sed
ac_cv_path_install='/usr/bin/install -c'
ac_cv_path_mkdir=/bin/mkdir
ac_cv_prog_AWK=mawk
ac_cv_prog_CPP='gcc -E'
ac_cv_prog_CXXCPP='g++ -E'
ac_cv_prog_ac_ct_AR=ar
ac_cv_prog_ac_ct_CC=gcc
ac_cv_prog_ac_ct_CXX=g++
ac_cv_prog_ac_ct_MANIFEST_TOOL=mt
ac_cv_prog_ac_ct_OBJDUMP=objdump
ac_cv_prog_ac_ct_RANLIB=ranlib
ac_cv_prog_ac_ct_STRIP=strip
ac_cv_prog_cc_c89=
ac_cv_prog_cc_g=yes
ac_cv_prog_cc_gcc_c_o=yes
ac_cv_prog_cxx_g=yes
ac_cv_prog_make_make_set=yes
am_cv_CC_dependencies_compiler_type=gcc3
am_cv_CXX_dependencies_compiler_type=gcc3
lt_cv_ar_at_file=@
lt_cv_archive_cmds_need_lc=no
lt_cv_deplibs_check_method=pass_all
lt_cv_file_magic_cmd='$MAGIC_CMD'
lt_cv_file_magic_test_file=
lt_cv_ld_reload_flag=-r
lt_cv_nm_interface='BSD nm'
lt_cv_objdir=.libs
lt_cv_path_LD=/usr/bin/ld
lt_cv_path_LDCXX='/usr/bin/ld -m elf_x86_64'
lt_cv_path_NM='/usr/bin/nm -B'
lt_cv_path_mainfest_tool=no
lt_cv_prog_compiler_c_o=yes
lt_cv_prog_compiler_c_o_CXX=yes
lt_cv_prog_compiler_pic='-fPIC -DPIC'
lt_cv_prog_compiler_pic_CXX='-fPIC -DPIC'
lt_cv_prog_compiler_pic_works=yes
lt_cv_prog_compiler_pic_works_CXX=yes
lt_cv_prog_compiler_rtti_exceptions=no
lt_cv_prog_compiler_static_works=yes
lt_cv_prog_compiler_static_works_CXX=yes
lt_cv_prog_gnu_ld=yes
lt_cv_prog_gnu_ldcxx=yes
lt_cv_sharedlib_from_linklib_cmd='printf %s\n'
lt_cv_shlibpath_overrides_runpath=no
lt_cv_sys_global_symbol_pipe='sed -n -e '\''s/^.*[	 ]\([ABCDGIRSTW][ABCDGIRSTW]*\)[	 ][	 ]*\([_A-Za-z][_A-Za-z0-9]*\)$/\1 \2 \2/p'\'' | sed '\''/ __gnu_lto/d'\'''
lt_cv_sys_global_symbol_to_c_name_address='sed -n -e '\''s/^: \([^ ]*\)[ ]*$/  {\"\1\", (void *) 0},/p'\'' -e '\''s/^[ABCDGIRSTW]* \([^ ]*\) \([^ ]*\)$/  {"\2", (void *) \&\2},/p'\'''
lt_cv_sys_global_symbol_to_c_name_address_lib_prefix='sed -n -e '\''s/^: \([^ ]*\)[ ]*$/  {\"\1\", (void *) 0},/p'\'' -e '\''s/^[ABCDGIRSTW]* \([^ ]*\) \(lib[^ ]*\)$/  {"\2", (void *) \&\2},/p'\'' -e '\''s/^[ABCDGIRSTW]* \([^ ]*\) \([^ ]*\)$/  {"lib\2", (void *) \&\2},/p'\'''
lt_cv_sys_global_symbol_to_cdecl='sed -n -e '\''s/^T .* \(.*\)$/extern int \1();/p'\'' -e '\''s/^[ABCDGIRSTW]* .* \(.*\)$/extern char \1;/p'\'''
lt_cv_sys_max_cmd_len=1572864
lt_cv_to_host_file_cmd=func_convert_file_noop
lt_cv_to_tool_file_cmd=func_convert_file_noop

## ----------------- ##
## Output variables. ##
## ----------------- ##

ACLOCAL='${SHELL} /usr/local/src/c.cpp.h/_/plex/build/devkitpro/gamecube-tools-1.0.0/missing --run aclocal-1.12'
AMDEPBACKSLASH='\'
AMDEP_FALSE='#'
AMDEP_TRUE=''
AMTAR='$${TAR-tar}'
AR='ar'
AUTOCONF='${SHELL} /usr/local/src/c.cpp.h/_/plex/build/devkitpro/gamecube-tools-1.0.0/missing --run autoconf'
AUTOHEADER='${SHELL} /usr/local/src/c.cpp.h/_/plex/build/devkitpro/gamecube-tools-1.0.0/missing --run autoheader'
AUTOMAKE='${SHELL} /usr/local/src/c.cpp.h/_/plex/build/devkitpro/gamecube-tools-1.0.0/missing --run automake-1.12'
AWK='mawk'
CC='gcc'
CCDEPMODE='depmode=gcc3'
CFLAGS='-g -O2'
CPP='gcc -E'
CPPFLAGS=''
CXX='g++'
CXXCPP='g++ -E'
CXXDEPMODE='depmode=gcc3'
CXXFLAGS='-g -O2'
CYGPATH_W='echo'
DEFS='-DPACKAGE_NAME=\"gamecube-tools\" -DPACKAGE_TARNAME=\"gamecube-tools\" -DPACKAGE_VERSION=\"1.0.0\" -DPACKAGE_STRING=\"gamecube-tools\ 1.0.0\" -DPACKAGE_BUGREPORT=\"davem@devkitpro.org\" -DPACKAGE_URL=\"\" -DPACKAGE=\"gamecube-tools\" -DVERSION=\"1.0.0\" -DSTDC_HEADERS=1 -DHAVE_SYS_TYPES_H=1 -DHAVE_SYS_STAT_H=1 -DHAVE_STDLIB_H=1 -DHAVE_STRING_H=1 -DHAVE_MEMORY_H=1 -DHAVE_STRINGS_H=1 -DHAVE_INTTYPES_H=1 -DHAVE_STDINT_H=1 -DHAVE_UNISTD_H=1 -DHAVE_DLFCN_H=1 -DLT_OBJDIR=\".libs/\"'
DEPDIR='.deps'
DLLTOOL='false'
DSYMUTIL=''
DUMPBIN=''
ECHO_C=''
ECHO_N='-n'
ECHO_T=''
EGREP='/bin/grep -E'
EXEEXT=''
FGREP='/bin/grep -F'
FREEIMAGE_LIBS='-lfreeimage  -lstdc++'
GREP='/bin/grep'
INSTALL_DATA='${INSTALL} -m 644'
INSTALL_PROGRAM='${INSTALL}'
INSTALL_SCRIPT='${INSTALL}'
INSTALL_STRIP_PROGRAM='$(install_sh) -c -s'
LD='/usr/bin/ld -m elf_x86_64'
LDFLAGS=''
LIBOBJS=''
LIBS=''
LIBTOOL='$(SHELL) $(top_builddir)/libtool'
LIPO=''
LN_S='ln -s'
LTLIBOBJS=''
MAKEINFO='${SHELL} /usr/local/src/c.cpp.h/_/plex/build/devkitpro/gamecube-tools-1.0.0/missing --run makeinfo'
MANIFEST_TOOL=':'
MKDIR_P='/bin/mkdir -p'
NM='/usr/bin/nm -B'
NMEDIT=''
OBJDUMP='objdump'
OBJEXT='o'
OTOOL64=''
OTOOL=''
PACKAGE='gamecube-tools'
PACKAGE_BUGREPORT='davem@devkitpro.org'
PACKAGE_NAME='gamecube-tools'
PACKAGE_STRING='gamecube-tools 1.0.0'
PACKAGE_TARNAME='gamecube-tools'
PACKAGE_URL=''
PACKAGE_VERSION='1.0.0'
PATH_SEPARATOR=':'
RANLIB='ranlib'
SED='/bin/sed'
SET_MAKE=''
SHELL='/bin/bash'
STRIP='strip'
VERSION='1.0.0'
ac_ct_AR='ar'
ac_ct_CC='gcc'
ac_ct_CXX='g++'
ac_ct_DUMPBIN=''
am__EXEEXT_FALSE=''
am__EXEEXT_TRUE='#'
am__fastdepCC_FALSE='#'
am__fastdepCC_TRUE=''
am__fastdepCXX_FALSE='#'
am__fastdepCXX_TRUE=''
am__include='include'
am__isrc=''
am__leading_dot='.'
am__nodep='_no'
am__quote=''
am__tar='$${TAR-tar} chof - "$$tardir"'
am__untar='$${TAR-tar} xf -'
bindir='${exec_prefix}/bin'
build='x86_64-unknown-linux-gnu'
build_alias=''
build_cpu='x86_64'
build_os='linux-gnu'
build_vendor='unknown'
datadir='${datarootdir}'
datarootdir='${prefix}/share'
docdir='${datarootdir}/doc/${PACKAGE_TARNAME}'
dvidir='${docdir}'
exec_prefix='${prefix}'
host='x86_64-unknown-linux-gnu'
host_alias=''
host_cpu='x86_64'
host_os='linux-gnu'
host_vendor='unknown'
htmldir='${docdir}'
includedir='${prefix}/include'
infodir='${datarootdir}/info'
install_sh='${SHELL} /usr/local/src/c.cpp.h/_/plex/build/devkitpro/gamecube-tools-1.0.0/install-sh'
libdir='${exec_prefix}/lib'
libexecdir='${exec_prefix}/libexec'
localedir='${datarootdir}/locale'
localstatedir='${prefix}/var'
mandir='${datarootdir}/man'
mkdir_p='$(MKDIR_P)'
oldincludedir='/usr/include'
pdfdir='${docdir}'
prefix='/opt/radiofreedom/ppc'
program_transform_name='s,x,x,'
psdir='${docdir}'
sbindir='${exec_prefix}/sbin'
sharedstatedir='${prefix}/com'
sysconfdir='${prefix}/etc'
target_alias=''

## ----------- ##
## confdefs.h. ##
## ----------- ##

/* confdefs.h */
#define PACKAGE_NAME "gamecube-tools"
#define PACKAGE_TARNAME "gamecube-tools"
#define PACKAGE_VERSION "1.0.0"
#define PACKAGE_STRING "gamecube-tools 1.0.0"
#define PACKAGE_BUGREPORT "davem@devkitpro.org"
#define PACKAGE_URL ""
#define PACKAGE "gamecube-tools"
#define VERSION "1.0.0"
#define STDC_HEADERS 1
#define HAVE_SYS_TYPES_H 1
#define HAVE_SYS_STAT_H 1
#define HAVE_STDLIB_H 1
#define HAVE_STRING_H 1
#define HAVE_MEMORY_H 1
#define HAVE_STRINGS_H 1
#define HAVE_INTTYPES_H 1
#define HAVE_STDINT_H 1
#define HAVE_UNISTD_H 1
#define HAVE_DLFCN_H 1
#define LT_OBJDIR ".libs/"

configure: exit 0
