This file contains any messages produced by compilers while
running configure, to aid debugging if configure makes a mistake.

It was created by dfu-util configure 0.8.1, which was
generated by GNU Autoconf 2.69.  Invocation command line was

  $ ./configure --prefix=/opt/radiofreedom/arm

## --------- ##
## Platform. ##
## --------- ##

hostname = nookie
uname -m = x86_64
uname -r = 3.13.0-48-generic
uname -s = Linux
uname -v = #80-Ubuntu SMP Thu Mar 12 11:16:15 UTC 2015

/usr/bin/uname -p = unknown
/bin/uname -X     = unknown

/bin/arch              = unknown
/usr/bin/arch -k       = unknown
/usr/convex/getsysinfo = unknown
/usr/bin/hostinfo      = unknown
/bin/machine           = unknown
/usr/bin/oslevel       = unknown
/bin/universe          = unknown

PATH: /usr/local/sbin
PATH: /usr/local/bin
PATH: /usr/sbin
PATH: /usr/bin
PATH: /sbin
PATH: /bin
PATH: /opt/radiofreedom/arm/bin


## ----------- ##
## Core tests. ##
## ----------- ##

configure:2257: checking for a BSD-compatible install
configure:2325: result: /usr/bin/install -c
configure:2336: checking whether build environment is sane
configure:2386: result: yes
configure:2527: checking for a thread-safe mkdir -p
configure:2566: result: /bin/mkdir -p
configure:2579: checking for gawk
configure:2609: result: no
configure:2579: checking for mawk
configure:2595: found /usr/bin/mawk
configure:2606: result: mawk
configure:2617: checking whether make sets $(MAKE)
configure:2639: result: yes
configure:2736: checking whether make supports nested variables
configure:2753: result: yes
configure:2814: checking for gcc
configure:2830: found /usr/bin/gcc
configure:2841: result: gcc
configure:3070: checking for C compiler version
configure:3079: gcc --version >&5
gcc (Ubuntu 4.8.2-19ubuntu1) 4.8.2
Copyright (C) 2013 Free Software Foundation, Inc.
This is free software; see the source for copying conditions.  There is NO
warranty; not even for MERCHANTABILITY or FITNESS FOR A PARTICULAR PURPOSE.

configure:3090: $? = 0
configure:3079: gcc -v >&5
Using built-in specs.
COLLECT_GCC=gcc
COLLECT_LTO_WRAPPER=/usr/lib/gcc/x86_64-linux-gnu/4.8/lto-wrapper
Target: x86_64-linux-gnu
Configured with: ../src/configure -v --with-pkgversion='Ubuntu 4.8.2-19ubuntu1' --with-bugurl=file:///usr/share/doc/gcc-4.8/README.Bugs --enable-languages=c,c++,java,go,d,fortran,objc,obj-c++ --prefix=/usr --program-suffix=-4.8 --enable-shared --enable-linker-build-id --libexecdir=/usr/lib --without-included-gettext --enable-threads=posix --with-gxx-include-dir=/usr/include/c++/4.8 --libdir=/usr/lib --enable-nls --with-sysroot=/ --enable-clocale=gnu --enable-libstdcxx-debug --enable-libstdcxx-time=yes --enable-gnu-unique-object --disable-libmudflap --enable-plugin --with-system-zlib --disable-browser-plugin --enable-java-awt=gtk --enable-gtk-cairo --with-java-home=/usr/lib/jvm/java-1.5.0-gcj-4.8-amd64/jre --enable-java-home --with-jvm-root-dir=/usr/lib/jvm/java-1.5.0-gcj-4.8-amd64 --with-jvm-jar-dir=/usr/lib/jvm-exports/java-1.5.0-gcj-4.8-amd64 --with-arch-directory=amd64 --with-ecj-jar=/usr/share/java/eclipse-ecj.jar --enable-objc-gc --enable-multiarch --disable-werror --with-arch-32=i686 --with-abi=m64 --with-multilib-list=m32,m64,mx32 --with-tune=generic --enable-checking=release --build=x86_64-linux-gnu --host=x86_64-linux-gnu --target=x86_64-linux-gnu
Thread model: posix
gcc version 4.8.2 (Ubuntu 4.8.2-19ubuntu1) 
configure:3090: $? = 0
configure:3079: gcc -V >&5
gcc: error: unrecognized command line option '-V'
gcc: fatal error: no input files
compilation terminated.
configure:3090: $? = 4
configure:3079: gcc -qversion >&5
gcc: error: unrecognized command line option '-qversion'
gcc: fatal error: no input files
compilation terminated.
configure:3090: $? = 4
configure:3110: checking whether the C compiler works
configure:3132: gcc -O2   conftest.c  >&5
configure:3136: $? = 0
configure:3184: result: yes
configure:3187: checking for C compiler default output file name
configure:3189: result: a.out
configure:3195: checking for suffix of executables
configure:3202: gcc -o conftest -O2   conftest.c  >&5
configure:3206: $? = 0
configure:3228: result: 
configure:3250: checking whether we are cross compiling
configure:3258: gcc -o conftest -O2   conftest.c  >&5
configure:3262: $? = 0
configure:3269: ./conftest
configure:3273: $? = 0
configure:3288: result: no
configure:3293: checking for suffix of object files
configure:3315: gcc -c -O2  conftest.c >&5
configure:3319: $? = 0
configure:3340: result: o
configure:3344: checking whether we are using the GNU C compiler
configure:3363: gcc -c -O2  conftest.c >&5
configure:3363: $? = 0
configure:3372: result: yes
configure:3381: checking whether gcc accepts -g
configure:3401: gcc -c -g  conftest.c >&5
configure:3401: $? = 0
configure:3442: result: yes
configure:3459: checking for gcc option to accept ISO C89
configure:3522: gcc  -c -O2  conftest.c >&5
configure:3522: $? = 0
configure:3535: result: none needed
configure:3566: checking for style of include used by make
configure:3594: result: GNU
configure:3620: checking dependency style of gcc
configure:3731: result: gcc3
configure:3750: checking for libusb_init in -lusb
configure:3775: gcc -o conftest -O2   conftest.c -lusb   >&5
/usr/bin/ld: cannot find -lusb
collect2: error: ld returned 1 exit status
configure:3775: $? = 1
configure: failed program was:
| /* confdefs.h */
| #define PACKAGE_NAME "dfu-util"
| #define PACKAGE_TARNAME "dfu-util"
| #define PACKAGE_VERSION "0.8.1"
| #define PACKAGE_STRING "dfu-util 0.8.1"
| #define PACKAGE_BUGREPORT "dfu-util@lists.gnumonks.org"
| #define PACKAGE_URL "http://dfu-util.gnumonks.org"
| #define PACKAGE "dfu-util"
| #define VERSION "0.8.1"
| /* end confdefs.h.  */
| 
| /* Override any GCC internal prototype to avoid an error.
|    Use char because int might match the return type of a GCC
|    builtin and then its argument prototype would still apply.  */
| #ifdef __cplusplus
| extern "C"
| #endif
| char libusb_init ();
| int
| main ()
| {
| return libusb_init ();
|   ;
|   return 0;
| }
configure:3784: result: no
configure:3851: checking for pkg-config
configure:3869: found /usr/bin/pkg-config
configure:3881: result: /usr/bin/pkg-config
configure:3906: checking pkg-config is at least version 0.9.0
configure:3909: result: yes
configure:3923: checking for USB
configure:3930: $PKG_CONFIG --exists --print-errors "libusb-1.0 >= 1.0.0"
configure:3933: $? = 0
configure:3947: $PKG_CONFIG --exists --print-errors "libusb-1.0 >= 1.0.0"
configure:3950: $? = 0
configure:3988: result: yes
configure:3995: checking for usb_path2devnum in -lusbpath
configure:4020: gcc -o conftest -O2   conftest.c -lusbpath -lusb  >&5
/usr/bin/ld: cannot find -lusbpath
/usr/bin/ld: cannot find -lusb
collect2: error: ld returned 1 exit status
configure:4020: $? = 1
configure: failed program was:
| /* confdefs.h */
| #define PACKAGE_NAME "dfu-util"
| #define PACKAGE_TARNAME "dfu-util"
| #define PACKAGE_VERSION "0.8.1"
| #define PACKAGE_STRING "dfu-util 0.8.1"
| #define PACKAGE_BUGREPORT "dfu-util@lists.gnumonks.org"
| #define PACKAGE_URL "http://dfu-util.gnumonks.org"
| #define PACKAGE "dfu-util"
| #define VERSION "0.8.1"
| /* end confdefs.h.  */
| 
| /* Override any GCC internal prototype to avoid an error.
|    Use char because int might match the return type of a GCC
|    builtin and then its argument prototype would still apply.  */
| #ifdef __cplusplus
| extern "C"
| #endif
| char usb_path2devnum ();
| int
| main ()
| {
| return usb_path2devnum ();
|   ;
|   return 0;
| }
configure:4029: result: no
configure:4050: checking how to run the C preprocessor
configure:4081: gcc -E  conftest.c
configure:4081: $? = 0
configure:4095: gcc -E  conftest.c
conftest.c:11:28: fatal error: ac_nonexistent.h: No such file or directory
 #include <ac_nonexistent.h>
                            ^
compilation terminated.
configure:4095: $? = 1
configure: failed program was:
| /* confdefs.h */
| #define PACKAGE_NAME "dfu-util"
| #define PACKAGE_TARNAME "dfu-util"
| #define PACKAGE_VERSION "0.8.1"
| #define PACKAGE_STRING "dfu-util 0.8.1"
| #define PACKAGE_BUGREPORT "dfu-util@lists.gnumonks.org"
| #define PACKAGE_URL "http://dfu-util.gnumonks.org"
| #define PACKAGE "dfu-util"
| #define VERSION "0.8.1"
| /* end confdefs.h.  */
| #include <ac_nonexistent.h>
configure:4120: result: gcc -E
configure:4140: gcc -E  conftest.c
configure:4140: $? = 0
configure:4154: gcc -E  conftest.c
conftest.c:11:28: fatal error: ac_nonexistent.h: No such file or directory
 #include <ac_nonexistent.h>
                            ^
compilation terminated.
configure:4154: $? = 1
configure: failed program was:
| /* confdefs.h */
| #define PACKAGE_NAME "dfu-util"
| #define PACKAGE_TARNAME "dfu-util"
| #define PACKAGE_VERSION "0.8.1"
| #define PACKAGE_STRING "dfu-util 0.8.1"
| #define PACKAGE_BUGREPORT "dfu-util@lists.gnumonks.org"
| #define PACKAGE_URL "http://dfu-util.gnumonks.org"
| #define PACKAGE "dfu-util"
| #define VERSION "0.8.1"
| /* end confdefs.h.  */
| #include <ac_nonexistent.h>
configure:4183: checking for grep that handles long lines and -e
configure:4241: result: /bin/grep
configure:4246: checking for egrep
configure:4308: result: /bin/grep -E
configure:4313: checking for ANSI C header files
configure:4333: gcc -c -O2 -I/usr/local/include/libusb-1.0    conftest.c >&5
configure:4333: $? = 0
configure:4406: gcc -o conftest -O2 -I/usr/local/include/libusb-1.0     conftest.c  -pthread -L/usr/local/lib -lusb-1.0 -lrt   >&5
configure:4406: $? = 0
configure:4406: ./conftest
configure:4406: $? = 0
configure:4417: result: yes
configure:4430: checking for sys/types.h
configure:4430: gcc -c -O2 -I/usr/local/include/libusb-1.0    conftest.c >&5
configure:4430: $? = 0
configure:4430: result: yes
configure:4430: checking for sys/stat.h
configure:4430: gcc -c -O2 -I/usr/local/include/libusb-1.0    conftest.c >&5
configure:4430: $? = 0
configure:4430: result: yes
configure:4430: checking for stdlib.h
configure:4430: gcc -c -O2 -I/usr/local/include/libusb-1.0    conftest.c >&5
configure:4430: $? = 0
configure:4430: result: yes
configure:4430: checking for string.h
configure:4430: gcc -c -O2 -I/usr/local/include/libusb-1.0    conftest.c >&5
configure:4430: $? = 0
configure:4430: result: yes
configure:4430: checking for memory.h
configure:4430: gcc -c -O2 -I/usr/local/include/libusb-1.0    conftest.c >&5
configure:4430: $? = 0
configure:4430: result: yes
configure:4430: checking for strings.h
configure:4430: gcc -c -O2 -I/usr/local/include/libusb-1.0    conftest.c >&5
configure:4430: $? = 0
configure:4430: result: yes
configure:4430: checking for inttypes.h
configure:4430: gcc -c -O2 -I/usr/local/include/libusb-1.0    conftest.c >&5
configure:4430: $? = 0
configure:4430: result: yes
configure:4430: checking for stdint.h
configure:4430: gcc -c -O2 -I/usr/local/include/libusb-1.0    conftest.c >&5
configure:4430: $? = 0
configure:4430: result: yes
configure:4430: checking for unistd.h
configure:4430: gcc -c -O2 -I/usr/local/include/libusb-1.0    conftest.c >&5
configure:4430: $? = 0
configure:4430: result: yes
configure:4445: checking usbpath.h usability
configure:4445: gcc -c -O2 -I/usr/local/include/libusb-1.0    conftest.c >&5
conftest.c:54:21: fatal error: usbpath.h: No such file or directory
 #include <usbpath.h>
                     ^
compilation terminated.
configure:4445: $? = 1
configure: failed program was:
| /* confdefs.h */
| #define PACKAGE_NAME "dfu-util"
| #define PACKAGE_TARNAME "dfu-util"
| #define PACKAGE_VERSION "0.8.1"
| #define PACKAGE_STRING "dfu-util 0.8.1"
| #define PACKAGE_BUGREPORT "dfu-util@lists.gnumonks.org"
| #define PACKAGE_URL "http://dfu-util.gnumonks.org"
| #define PACKAGE "dfu-util"
| #define VERSION "0.8.1"
| #define STDC_HEADERS 1
| #define HAVE_SYS_TYPES_H 1
| #define HAVE_SYS_STAT_H 1
| #define HAVE_STDLIB_H 1
| #define HAVE_STRING_H 1
| #define HAVE_MEMORY_H 1
| #define HAVE_STRINGS_H 1
| #define HAVE_INTTYPES_H 1
| #define HAVE_STDINT_H 1
| #define HAVE_UNISTD_H 1
| /* end confdefs.h.  */
| #include <stdio.h>
| #ifdef HAVE_SYS_TYPES_H
| # include <sys/types.h>
| #endif
| #ifdef HAVE_SYS_STAT_H
| # include <sys/stat.h>
| #endif
| #ifdef STDC_HEADERS
| # include <stdlib.h>
| # include <stddef.h>
| #else
| # ifdef HAVE_STDLIB_H
| #  include <stdlib.h>
| # endif
| #endif
| #ifdef HAVE_STRING_H
| # if !defined STDC_HEADERS && defined HAVE_MEMORY_H
| #  include <memory.h>
| # endif
| # include <string.h>
| #endif
| #ifdef HAVE_STRINGS_H
| # include <strings.h>
| #endif
| #ifdef HAVE_INTTYPES_H
| # include <inttypes.h>
| #endif
| #ifdef HAVE_STDINT_H
| # include <stdint.h>
| #endif
| #ifdef HAVE_UNISTD_H
| # include <unistd.h>
| #endif
| #include <usbpath.h>
configure:4445: result: no
configure:4445: checking usbpath.h presence
configure:4445: gcc -E  conftest.c
conftest.c:21:21: fatal error: usbpath.h: No such file or directory
 #include <usbpath.h>
                     ^
compilation terminated.
configure:4445: $? = 1
configure: failed program was:
| /* confdefs.h */
| #define PACKAGE_NAME "dfu-util"
| #define PACKAGE_TARNAME "dfu-util"
| #define PACKAGE_VERSION "0.8.1"
| #define PACKAGE_STRING "dfu-util 0.8.1"
| #define PACKAGE_BUGREPORT "dfu-util@lists.gnumonks.org"
| #define PACKAGE_URL "http://dfu-util.gnumonks.org"
| #define PACKAGE "dfu-util"
| #define VERSION "0.8.1"
| #define STDC_HEADERS 1
| #define HAVE_SYS_TYPES_H 1
| #define HAVE_SYS_STAT_H 1
| #define HAVE_STDLIB_H 1
| #define HAVE_STRING_H 1
| #define HAVE_MEMORY_H 1
| #define HAVE_STRINGS_H 1
| #define HAVE_INTTYPES_H 1
| #define HAVE_STDINT_H 1
| #define HAVE_UNISTD_H 1
| /* end confdefs.h.  */
| #include <usbpath.h>
configure:4445: result: no
configure:4445: checking for usbpath.h
configure:4445: result: no
configure:4445: checking windows.h usability
configure:4445: gcc -c -O2 -I/usr/local/include/libusb-1.0    conftest.c >&5
conftest.c:54:21: fatal error: windows.h: No such file or directory
 #include <windows.h>
                     ^
compilation terminated.
configure:4445: $? = 1
configure: failed program was:
| /* confdefs.h */
| #define PACKAGE_NAME "dfu-util"
| #define PACKAGE_TARNAME "dfu-util"
| #define PACKAGE_VERSION "0.8.1"
| #define PACKAGE_STRING "dfu-util 0.8.1"
| #define PACKAGE_BUGREPORT "dfu-util@lists.gnumonks.org"
| #define PACKAGE_URL "http://dfu-util.gnumonks.org"
| #define PACKAGE "dfu-util"
| #define VERSION "0.8.1"
| #define STDC_HEADERS 1
| #define HAVE_SYS_TYPES_H 1
| #define HAVE_SYS_STAT_H 1
| #define HAVE_STDLIB_H 1
| #define HAVE_STRING_H 1
| #define HAVE_MEMORY_H 1
| #define HAVE_STRINGS_H 1
| #define HAVE_INTTYPES_H 1
| #define HAVE_STDINT_H 1
| #define HAVE_UNISTD_H 1
| /* end confdefs.h.  */
| #include <stdio.h>
| #ifdef HAVE_SYS_TYPES_H
| # include <sys/types.h>
| #endif
| #ifdef HAVE_SYS_STAT_H
| # include <sys/stat.h>
| #endif
| #ifdef STDC_HEADERS
| # include <stdlib.h>
| # include <stddef.h>
| #else
| # ifdef HAVE_STDLIB_H
| #  include <stdlib.h>
| # endif
| #endif
| #ifdef HAVE_STRING_H
| # if !defined STDC_HEADERS && defined HAVE_MEMORY_H
| #  include <memory.h>
| # endif
| # include <string.h>
| #endif
| #ifdef HAVE_STRINGS_H
| # include <strings.h>
| #endif
| #ifdef HAVE_INTTYPES_H
| # include <inttypes.h>
| #endif
| #ifdef HAVE_STDINT_H
| # include <stdint.h>
| #endif
| #ifdef HAVE_UNISTD_H
| # include <unistd.h>
| #endif
| #include <windows.h>
configure:4445: result: no
configure:4445: checking windows.h presence
configure:4445: gcc -E  conftest.c
conftest.c:21:21: fatal error: windows.h: No such file or directory
 #include <windows.h>
                     ^
compilation terminated.
configure:4445: $? = 1
configure: failed program was:
| /* confdefs.h */
| #define PACKAGE_NAME "dfu-util"
| #define PACKAGE_TARNAME "dfu-util"
| #define PACKAGE_VERSION "0.8.1"
| #define PACKAGE_STRING "dfu-util 0.8.1"
| #define PACKAGE_BUGREPORT "dfu-util@lists.gnumonks.org"
| #define PACKAGE_URL "http://dfu-util.gnumonks.org"
| #define PACKAGE "dfu-util"
| #define VERSION "0.8.1"
| #define STDC_HEADERS 1
| #define HAVE_SYS_TYPES_H 1
| #define HAVE_SYS_STAT_H 1
| #define HAVE_STDLIB_H 1
| #define HAVE_STRING_H 1
| #define HAVE_MEMORY_H 1
| #define HAVE_STRINGS_H 1
| #define HAVE_INTTYPES_H 1
| #define HAVE_STDINT_H 1
| #define HAVE_UNISTD_H 1
| /* end confdefs.h.  */
| #include <windows.h>
configure:4445: result: no
configure:4445: checking for windows.h
configure:4445: result: no
configure:4445: checking sysexits.h usability
configure:4445: gcc -c -O2 -I/usr/local/include/libusb-1.0    conftest.c >&5
configure:4445: $? = 0
configure:4445: result: yes
configure:4445: checking sysexits.h presence
configure:4445: gcc -E  conftest.c
configure:4445: $? = 0
configure:4445: result: yes
configure:4445: checking for sysexits.h
configure:4445: result: yes
configure:4457: checking for an ANSI C-conforming const
configure:4523: gcc -c -O2 -I/usr/local/include/libusb-1.0    conftest.c >&5
configure:4523: $? = 0
configure:4530: result: yes
configure:4538: checking for size_t
configure:4538: gcc -c -O2 -I/usr/local/include/libusb-1.0    conftest.c >&5
configure:4538: $? = 0
configure:4538: gcc -c -O2 -I/usr/local/include/libusb-1.0    conftest.c >&5
conftest.c: In function 'main':
conftest.c:58:21: error: expected expression before ')' token
 if (sizeof ((size_t)))
                     ^
configure:4538: $? = 1
configure: failed program was:
| /* confdefs.h */
| #define PACKAGE_NAME "dfu-util"
| #define PACKAGE_TARNAME "dfu-util"
| #define PACKAGE_VERSION "0.8.1"
| #define PACKAGE_STRING "dfu-util 0.8.1"
| #define PACKAGE_BUGREPORT "dfu-util@lists.gnumonks.org"
| #define PACKAGE_URL "http://dfu-util.gnumonks.org"
| #define PACKAGE "dfu-util"
| #define VERSION "0.8.1"
| #define STDC_HEADERS 1
| #define HAVE_SYS_TYPES_H 1
| #define HAVE_SYS_STAT_H 1
| #define HAVE_STDLIB_H 1
| #define HAVE_STRING_H 1
| #define HAVE_MEMORY_H 1
| #define HAVE_STRINGS_H 1
| #define HAVE_INTTYPES_H 1
| #define HAVE_STDINT_H 1
| #define HAVE_UNISTD_H 1
| #define HAVE_SYSEXITS_H 1
| /* end confdefs.h.  */
| #include <stdio.h>
| #ifdef HAVE_SYS_TYPES_H
| # include <sys/types.h>
| #endif
| #ifdef HAVE_SYS_STAT_H
| # include <sys/stat.h>
| #endif
| #ifdef STDC_HEADERS
| # include <stdlib.h>
| # include <stddef.h>
| #else
| # ifdef HAVE_STDLIB_H
| #  include <stdlib.h>
| # endif
| #endif
| #ifdef HAVE_STRING_H
| # if !defined STDC_HEADERS && defined HAVE_MEMORY_H
| #  include <memory.h>
| # endif
| # include <string.h>
| #endif
| #ifdef HAVE_STRINGS_H
| # include <strings.h>
| #endif
| #ifdef HAVE_INTTYPES_H
| # include <inttypes.h>
| #endif
| #ifdef HAVE_STDINT_H
| # include <stdint.h>
| #endif
| #ifdef HAVE_UNISTD_H
| # include <unistd.h>
| #endif
| int
| main ()
| {
| if (sizeof ((size_t)))
| 	    return 0;
|   ;
|   return 0;
| }
configure:4538: result: yes
configure:4551: checking for working memcmp
configure:4594: gcc -o conftest -O2 -I/usr/local/include/libusb-1.0     conftest.c  -pthread -L/usr/local/lib -lusb-1.0 -lrt   >&5
configure:4594: $? = 0
configure:4594: ./conftest
configure:4594: $? = 0
configure:4604: result: yes
configure:4616: checking for ftruncate
configure:4616: gcc -o conftest -O2 -I/usr/local/include/libusb-1.0     conftest.c  -pthread -L/usr/local/lib -lusb-1.0 -lrt   >&5
configure:4616: $? = 0
configure:4616: result: yes
configure:4616: checking for getpagesize
configure:4616: gcc -o conftest -O2 -I/usr/local/include/libusb-1.0     conftest.c  -pthread -L/usr/local/lib -lusb-1.0 -lrt   >&5
configure:4616: $? = 0
configure:4616: result: yes
configure:4616: checking for nanosleep
configure:4616: gcc -o conftest -O2 -I/usr/local/include/libusb-1.0     conftest.c  -pthread -L/usr/local/lib -lusb-1.0 -lrt   >&5
configure:4616: $? = 0
configure:4616: result: yes
configure:4616: checking for err
configure:4616: gcc -o conftest -O2 -I/usr/local/include/libusb-1.0     conftest.c  -pthread -L/usr/local/lib -lusb-1.0 -lrt   >&5
configure:4616: $? = 0
configure:4616: result: yes
configure:4758: creating ./config.status

## ---------------------- ##
## Running config.status. ##
## ---------------------- ##

This file was extended by dfu-util config.status 0.8.1, which was
generated by GNU Autoconf 2.69.  Invocation command line was

  CONFIG_FILES    = 
  CONFIG_HEADERS  = 
  CONFIG_LINKS    = 
  CONFIG_COMMANDS = 
  $ ./config.status 

on nookie

config.status:865: creating Makefile
config.status:865: creating src/Makefile
config.status:865: creating doc/Makefile
config.status:865: creating config.h
config.status:1046: config.h is unchanged
config.status:1094: executing depfiles commands

## ---------------- ##
## Cache variables. ##
## ---------------- ##

ac_cv_c_compiler_gnu=yes
ac_cv_c_const=yes
ac_cv_env_CC_set=
ac_cv_env_CC_value=
ac_cv_env_CFLAGS_set=set
ac_cv_env_CFLAGS_value=-O2
ac_cv_env_CPPFLAGS_set=
ac_cv_env_CPPFLAGS_value=
ac_cv_env_CPP_set=
ac_cv_env_CPP_value=
ac_cv_env_LDFLAGS_set=
ac_cv_env_LDFLAGS_value=
ac_cv_env_LIBS_set=
ac_cv_env_LIBS_value=
ac_cv_env_PKG_CONFIG_LIBDIR_set=
ac_cv_env_PKG_CONFIG_LIBDIR_value=
ac_cv_env_PKG_CONFIG_PATH_set=
ac_cv_env_PKG_CONFIG_PATH_value=
ac_cv_env_PKG_CONFIG_set=
ac_cv_env_PKG_CONFIG_value=
ac_cv_env_USB_CFLAGS_set=
ac_cv_env_USB_CFLAGS_value=
ac_cv_env_USB_LIBS_set=
ac_cv_env_USB_LIBS_value=
ac_cv_env_build_alias_set=
ac_cv_env_build_alias_value=
ac_cv_env_host_alias_set=
ac_cv_env_host_alias_value=
ac_cv_env_target_alias_set=
ac_cv_env_target_alias_value=
ac_cv_func_err=yes
ac_cv_func_ftruncate=yes
ac_cv_func_getpagesize=yes
ac_cv_func_memcmp_working=yes
ac_cv_func_nanosleep=yes
ac_cv_header_inttypes_h=yes
ac_cv_header_memory_h=yes
ac_cv_header_stdc=yes
ac_cv_header_stdint_h=yes
ac_cv_header_stdlib_h=yes
ac_cv_header_string_h=yes
ac_cv_header_strings_h=yes
ac_cv_header_sys_stat_h=yes
ac_cv_header_sys_types_h=yes
ac_cv_header_sysexits_h=yes
ac_cv_header_unistd_h=yes
ac_cv_header_usbpath_h=no
ac_cv_header_windows_h=no
ac_cv_lib_usb_libusb_init=no
ac_cv_lib_usbpath_usb_path2devnum=no
ac_cv_objext=o
ac_cv_path_EGREP='/bin/grep -E'
ac_cv_path_GREP=/bin/grep
ac_cv_path_ac_pt_PKG_CONFIG=/usr/bin/pkg-config
ac_cv_path_install='/usr/bin/install -c'
ac_cv_path_mkdir=/bin/mkdir
ac_cv_prog_AWK=mawk
ac_cv_prog_CPP='gcc -E'
ac_cv_prog_ac_ct_CC=gcc
ac_cv_prog_cc_c89=
ac_cv_prog_cc_g=yes
ac_cv_prog_make_make_set=yes
ac_cv_type_size_t=yes
am_cv_CC_dependencies_compiler_type=gcc3
am_cv_make_support_nested_variables=yes
pkg_cv_USB_CFLAGS='-I/usr/local/include/libusb-1.0  '
pkg_cv_USB_LIBS='-pthread -L/usr/local/lib -lusb-1.0 -lrt  '

## ----------------- ##
## Output variables. ##
## ----------------- ##

ACLOCAL='${SHELL} /usr/local/src/c.cpp.h/_/plex/build/devkitpro/dfu-util-0.8.1/m4/missing --run aclocal-1.11'
AMDEPBACKSLASH='\'
AMDEP_FALSE='#'
AMDEP_TRUE=''
AMTAR='$${TAR-tar}'
AM_BACKSLASH='\'
AM_DEFAULT_V='$(AM_DEFAULT_VERBOSITY)'
AM_DEFAULT_VERBOSITY='0'
AM_V='$(V)'
AUTOCONF='${SHELL} /usr/local/src/c.cpp.h/_/plex/build/devkitpro/dfu-util-0.8.1/m4/missing --run autoconf'
AUTOHEADER='${SHELL} /usr/local/src/c.cpp.h/_/plex/build/devkitpro/dfu-util-0.8.1/m4/missing --run autoheader'
AUTOMAKE='${SHELL} /usr/local/src/c.cpp.h/_/plex/build/devkitpro/dfu-util-0.8.1/m4/missing --run automake-1.11'
AWK='mawk'
CC='gcc'
CCDEPMODE='depmode=gcc3'
CFLAGS='-O2 -I/usr/local/include/libusb-1.0  '
CPP='gcc -E'
CPPFLAGS=''
CYGPATH_W='echo'
DEFS='-DHAVE_CONFIG_H'
DEPDIR='.deps'
ECHO_C=''
ECHO_N='-n'
ECHO_T=''
EGREP='/bin/grep -E'
EXEEXT=''
GREP='/bin/grep'
INSTALL_DATA='${INSTALL} -m 644'
INSTALL_PROGRAM='${INSTALL}'
INSTALL_SCRIPT='${INSTALL}'
INSTALL_STRIP_PROGRAM='$(install_sh) -c -s'
LDFLAGS=''
LIBOBJS=''
LIBS=' -pthread -L/usr/local/lib -lusb-1.0 -lrt  '
LTLIBOBJS=''
MAKEINFO='${SHELL} /usr/local/src/c.cpp.h/_/plex/build/devkitpro/dfu-util-0.8.1/m4/missing --run makeinfo'
MKDIR_P='/bin/mkdir -p'
OBJEXT='o'
PACKAGE='dfu-util'
PACKAGE_BUGREPORT='dfu-util@lists.gnumonks.org'
PACKAGE_NAME='dfu-util'
PACKAGE_STRING='dfu-util 0.8.1'
PACKAGE_TARNAME='dfu-util'
PACKAGE_URL='http://dfu-util.gnumonks.org'
PACKAGE_VERSION='0.8.1'
PATH_SEPARATOR=':'
PKG_CONFIG='/usr/bin/pkg-config'
PKG_CONFIG_LIBDIR=''
PKG_CONFIG_PATH=''
SET_MAKE=''
SHELL='/bin/bash'
STRIP=''
USB_CFLAGS='-I/usr/local/include/libusb-1.0  '
USB_LIBS='-pthread -L/usr/local/lib -lusb-1.0 -lrt  '
VERSION='0.8.1'
ac_ct_CC='gcc'
am__EXEEXT_FALSE=''
am__EXEEXT_TRUE='#'
am__fastdepCC_FALSE='#'
am__fastdepCC_TRUE=''
am__include='include'
am__isrc=''
am__leading_dot='.'
am__nodep='_no'
am__quote=''
am__tar='$${TAR-tar} chof - "$$tardir"'
am__untar='$${TAR-tar} xf -'
bindir='${exec_prefix}/bin'
build_alias=''
datadir='${datarootdir}'
datarootdir='${prefix}/share'
docdir='${datarootdir}/doc/${PACKAGE_TARNAME}'
dvidir='${docdir}'
exec_prefix='${prefix}'
host_alias=''
htmldir='${docdir}'
includedir='${prefix}/include'
infodir='${datarootdir}/info'
install_sh='${SHELL} /usr/local/src/c.cpp.h/_/plex/build/devkitpro/dfu-util-0.8.1/m4/install-sh'
libdir='${exec_prefix}/lib'
libexecdir='${exec_prefix}/libexec'
localedir='${datarootdir}/locale'
localstatedir='${prefix}/var'
mandir='${datarootdir}/man'
mkdir_p='/bin/mkdir -p'
oldincludedir='/usr/include'
pdfdir='${docdir}'
prefix='/opt/radiofreedom/arm'
program_transform_name='s,x,x,'
psdir='${docdir}'
sbindir='${exec_prefix}/sbin'
sharedstatedir='${prefix}/com'
sysconfdir='${prefix}/etc'
target_alias=''

## ----------- ##
## confdefs.h. ##
## ----------- ##

/* confdefs.h */
#define PACKAGE_NAME "dfu-util"
#define PACKAGE_TARNAME "dfu-util"
#define PACKAGE_VERSION "0.8.1"
#define PACKAGE_STRING "dfu-util 0.8.1"
#define PACKAGE_BUGREPORT "dfu-util@lists.gnumonks.org"
#define PACKAGE_URL "http://dfu-util.gnumonks.org"
#define PACKAGE "dfu-util"
#define VERSION "0.8.1"
#define STDC_HEADERS 1
#define HAVE_SYS_TYPES_H 1
#define HAVE_SYS_STAT_H 1
#define HAVE_STDLIB_H 1
#define HAVE_STRING_H 1
#define HAVE_MEMORY_H 1
#define HAVE_STRINGS_H 1
#define HAVE_INTTYPES_H 1
#define HAVE_STDINT_H 1
#define HAVE_UNISTD_H 1
#define HAVE_SYSEXITS_H 1
#define HAVE_FTRUNCATE 1
#define HAVE_GETPAGESIZE 1
#define HAVE_NANOSLEEP 1
#define HAVE_ERR 1

configure: exit 0
