This file contains any messages produced by compilers while
running configure, to aid debugging if configure makes a mistake.

It was created by configure, which was
generated by GNU Autoconf 2.64.  Invocation command line was

  $ ../../gcc/5.3.0/configure --enable-languages=c,c++,objc,obj-c++ --with-gnu-as --with-gnu-ld --with-gcc --with-march=armv4t --enable-cxx-flags=-ffunction-sections --disable-libstdcxx-verbose --enable-poison-system-directories --enable-interwork --enable-multilib --disable-dependency-tracking --enable-threads --disable-win32-registry --disable-nls --disable-debug --disable-libmudflap --disable-libssp --disable-libgomp --disable-libstdcxx-pch --target=arm-gnu-eabi --with-newlib --with-headers=../../newlib/2.2.0/newlib/libc/include --prefix=/opt/radiofreedom/arm --enable-lto --with-pkgversion=devkitARM release 45

## --------- ##
## Platform. ##
## --------- ##

hostname = nookie
uname -m = x86_64
uname -r = 3.13.0-48-generic
uname -s = Linux
uname -v = #80-Ubuntu SMP Thu Mar 12 11:16:15 UTC 2015

/usr/bin/uname -p = unknown
/bin/uname -X     = unknown

/bin/arch              = unknown
/usr/bin/arch -k       = unknown
/usr/convex/getsysinfo = unknown
/usr/bin/hostinfo      = unknown
/bin/machine           = unknown
/usr/bin/oslevel       = unknown
/bin/universe          = unknown

PATH: /usr/local/sbin
PATH: /usr/local/bin
PATH: /usr/sbin
PATH: /usr/bin
PATH: /sbin
PATH: /bin
PATH: /opt/radiofreedom/arm/bin


## ----------- ##
## Core tests. ##
## ----------- ##

configure:2292: checking build system type
configure:2306: result: x86_64-unknown-linux-gnu
configure:2353: checking host system type
configure:2366: result: x86_64-unknown-linux-gnu
configure:2386: checking target system type
configure:2399: result: arm-gnu-eabi
configure:2453: checking for a BSD-compatible install
configure:2521: result: /usr/bin/install -c
configure:2532: checking whether ln works
configure:2554: result: yes
configure:2558: checking whether ln -s works
configure:2562: result: yes
configure:2569: checking for a sed that does not truncate output
configure:2633: result: /bin/sed
configure:2642: checking for gawk
configure:2672: result: no
configure:2642: checking for mawk
configure:2658: found /usr/bin/mawk
configure:2669: result: mawk
configure:3183: checking for libatomic support
configure:3189: result: no
configure:3202: checking for libcilkrts support
configure:3208: result: no
configure:3240: checking for libitm support
configure:3246: result: no
configure:3259: checking for libsanitizer support
configure:3265: result: no
configure:3278: checking for libvtv support
configure:3284: result: no
configure:4074: checking for gcc
configure:4090: found /usr/bin/gcc
configure:4101: result: gcc
configure:4330: checking for C compiler version
configure:4339: gcc --version >&5
gcc (Ubuntu 4.8.2-19ubuntu1) 4.8.2
Copyright (C) 2013 Free Software Foundation, Inc.
This is free software; see the source for copying conditions.  There is NO
warranty; not even for MERCHANTABILITY or FITNESS FOR A PARTICULAR PURPOSE.

configure:4350: $? = 0
configure:4339: gcc -v >&5
Using built-in specs.
COLLECT_GCC=gcc
COLLECT_LTO_WRAPPER=/usr/lib/gcc/x86_64-linux-gnu/4.8/lto-wrapper
Target: x86_64-linux-gnu
Configured with: ../src/configure -v --with-pkgversion='Ubuntu 4.8.2-19ubuntu1' --with-bugurl=file:///usr/share/doc/gcc-4.8/README.Bugs --enable-languages=c,c++,java,go,d,fortran,objc,obj-c++ --prefix=/usr --program-suffix=-4.8 --enable-shared --enable-linker-build-id --libexecdir=/usr/lib --without-included-gettext --enable-threads=posix --with-gxx-include-dir=/usr/include/c++/4.8 --libdir=/usr/lib --enable-nls --with-sysroot=/ --enable-clocale=gnu --enable-libstdcxx-debug --enable-libstdcxx-time=yes --enable-gnu-unique-object --disable-libmudflap --enable-plugin --with-system-zlib --disable-browser-plugin --enable-java-awt=gtk --enable-gtk-cairo --with-java-home=/usr/lib/jvm/java-1.5.0-gcj-4.8-amd64/jre --enable-java-home --with-jvm-root-dir=/usr/lib/jvm/java-1.5.0-gcj-4.8-amd64 --with-jvm-jar-dir=/usr/lib/jvm-exports/java-1.5.0-gcj-4.8-amd64 --with-arch-directory=amd64 --with-ecj-jar=/usr/share/java/eclipse-ecj.jar --enable-objc-gc --enable-multiarch --disable-werror --with-arch-32=i686 --with-abi=m64 --with-multilib-list=m32,m64,mx32 --with-tune=generic --enable-checking=release --build=x86_64-linux-gnu --host=x86_64-linux-gnu --target=x86_64-linux-gnu
Thread model: posix
gcc version 4.8.2 (Ubuntu 4.8.2-19ubuntu1) 
configure:4350: $? = 0
configure:4339: gcc -V >&5
gcc: error: unrecognized command line option '-V'
gcc: fatal error: no input files
compilation terminated.
configure:4350: $? = 4
configure:4339: gcc -qversion >&5
gcc: error: unrecognized command line option '-qversion'
gcc: fatal error: no input files
compilation terminated.
configure:4350: $? = 4
configure:4370: checking for C compiler default output file name
configure:4392: gcc    conftest.c  >&5
configure:4396: $? = 0
configure:4433: result: a.out
configure:4449: checking whether the C compiler works
configure:4458: ./a.out
configure:4462: $? = 0
configure:4477: result: yes
configure:4484: checking whether we are cross compiling
configure:4486: result: no
configure:4489: checking for suffix of executables
configure:4496: gcc -o conftest    conftest.c  >&5
configure:4500: $? = 0
configure:4522: result: 
configure:4528: checking for suffix of object files
configure:4550: gcc -c   conftest.c >&5
configure:4554: $? = 0
configure:4575: result: o
configure:4579: checking whether we are using the GNU C compiler
configure:4598: gcc -c   conftest.c >&5
configure:4598: $? = 0
configure:4607: result: yes
configure:4616: checking whether gcc accepts -g
configure:4636: gcc -c -g  conftest.c >&5
configure:4636: $? = 0
configure:4677: result: yes
configure:4694: checking for gcc option to accept ISO C89
configure:4758: gcc  -c   conftest.c >&5
configure:4758: $? = 0
configure:4771: result: none needed
configure:4849: checking for g++
configure:4865: found /usr/bin/g++
configure:4876: result: g++
configure:4903: checking for C++ compiler version
configure:4912: g++ --version >&5
g++ (Ubuntu 4.8.2-19ubuntu1) 4.8.2
Copyright (C) 2013 Free Software Foundation, Inc.
This is free software; see the source for copying conditions.  There is NO
warranty; not even for MERCHANTABILITY or FITNESS FOR A PARTICULAR PURPOSE.

configure:4923: $? = 0
configure:4912: g++ -v >&5
Using built-in specs.
COLLECT_GCC=g++
COLLECT_LTO_WRAPPER=/usr/lib/gcc/x86_64-linux-gnu/4.8/lto-wrapper
Target: x86_64-linux-gnu
Configured with: ../src/configure -v --with-pkgversion='Ubuntu 4.8.2-19ubuntu1' --with-bugurl=file:///usr/share/doc/gcc-4.8/README.Bugs --enable-languages=c,c++,java,go,d,fortran,objc,obj-c++ --prefix=/usr --program-suffix=-4.8 --enable-shared --enable-linker-build-id --libexecdir=/usr/lib --without-included-gettext --enable-threads=posix --with-gxx-include-dir=/usr/include/c++/4.8 --libdir=/usr/lib --enable-nls --with-sysroot=/ --enable-clocale=gnu --enable-libstdcxx-debug --enable-libstdcxx-time=yes --enable-gnu-unique-object --disable-libmudflap --enable-plugin --with-system-zlib --disable-browser-plugin --enable-java-awt=gtk --enable-gtk-cairo --with-java-home=/usr/lib/jvm/java-1.5.0-gcj-4.8-amd64/jre --enable-java-home --with-jvm-root-dir=/usr/lib/jvm/java-1.5.0-gcj-4.8-amd64 --with-jvm-jar-dir=/usr/lib/jvm-exports/java-1.5.0-gcj-4.8-amd64 --with-arch-directory=amd64 --with-ecj-jar=/usr/share/java/eclipse-ecj.jar --enable-objc-gc --enable-multiarch --disable-werror --with-arch-32=i686 --with-abi=m64 --with-multilib-list=m32,m64,mx32 --with-tune=generic --enable-checking=release --build=x86_64-linux-gnu --host=x86_64-linux-gnu --target=x86_64-linux-gnu
Thread model: posix
gcc version 4.8.2 (Ubuntu 4.8.2-19ubuntu1) 
configure:4923: $? = 0
configure:4912: g++ -V >&5
g++: error: unrecognized command line option '-V'
g++: fatal error: no input files
compilation terminated.
configure:4923: $? = 4
configure:4912: g++ -qversion >&5
g++: error: unrecognized command line option '-qversion'
g++: fatal error: no input files
compilation terminated.
configure:4923: $? = 4
configure:4927: checking whether we are using the GNU C++ compiler
configure:4946: g++ -c   conftest.cpp >&5
configure:4946: $? = 0
configure:4955: result: yes
configure:4964: checking whether g++ accepts -g
configure:4984: g++ -c -g  conftest.cpp >&5
configure:4984: $? = 0
configure:5025: result: yes
configure:5074: checking whether g++ accepts -static-libstdc++ -static-libgcc
configure:5091: g++ -o conftest    -static-libstdc++ -static-libgcc conftest.cpp  >&5
configure:5091: $? = 0
configure:5092: result: yes
configure:5156: checking for gnatbind
configure:5186: result: no
configure:5248: checking for gnatmake
configure:5278: result: no
configure:5297: checking whether compiler driver understands Ada
configure:5320: result: no
configure:5329: checking how to compare bootstrapped objects
configure:5354: result: cmp --ignore-initial=16 $$f1 $$f2
configure:5408: checking for objdir
configure:5423: result: .libs
configure:5597: checking for the correct version of gmp.h
configure:5617: gcc -c    conftest.c >&5
configure:5617: $? = 0
configure:5635: gcc -c    conftest.c >&5
configure:5635: $? = 0
configure:5636: result: yes
configure:5652: checking for the correct version of mpfr.h
configure:5670: gcc -c    conftest.c >&5
configure:5670: $? = 0
configure:5687: gcc -c    conftest.c >&5
configure:5687: $? = 0
configure:5688: result: yes
configure:5705: checking for the correct version of mpc.h
configure:5722: gcc -c    conftest.c >&5
configure:5722: $? = 0
configure:5738: gcc -c    conftest.c >&5
configure:5738: $? = 0
configure:5739: result: yes
configure:5757: checking for the correct version of the gmp/mpfr/mpc libraries
configure:5788: gcc -o conftest     conftest.c  -lmpc -lmpfr -lgmp >&5
configure:5788: $? = 0
configure:5789: result: yes
configure:5989: checking for compatible ISL
configure:6002: gcc -o conftest       -lisl conftest.c  -lisl >&5
conftest.c:10:21: fatal error: isl/val.h: No such file or directory
 #include <isl/val.h>
                     ^
compilation terminated.
configure:6002: $? = 1
configure: failed program was:
| /* confdefs.h */
| #define PACKAGE_NAME ""
| #define PACKAGE_TARNAME ""
| #define PACKAGE_VERSION ""
| #define PACKAGE_STRING ""
| #define PACKAGE_BUGREPORT ""
| #define PACKAGE_URL ""
| #define LT_OBJDIR ".libs/"
| /* end confdefs.h.  */
| #include <isl/val.h>
| int
| main ()
| {
| ;
|   ;
|   return 0;
| }
configure:6009: result: no
configure:6990: checking for default BUILD_CONFIG
configure:7022: result: 
configure:7027: checking for --enable-vtable-verify
configure:7040: result: no
configure:7636: checking for bison
configure:7652: found /usr/bin/bison
configure:7663: result: bison -y
configure:7683: checking for bison
configure:7699: found /usr/bin/bison
configure:7710: result: bison
configure:7730: checking for gm4
configure:7760: result: no
configure:7730: checking for gnum4
configure:7760: result: no
configure:7730: checking for m4
configure:7746: found /usr/bin/m4
configure:7757: result: m4
configure:7777: checking for flex
configure:7793: found /usr/bin/flex
configure:7804: result: flex
configure:7825: checking for flex
configure:7841: found /usr/bin/flex
configure:7852: result: flex
configure:7872: checking for makeinfo
configure:7888: found /usr/bin/makeinfo
configure:7899: result: makeinfo

## ---------------- ##
## Cache variables. ##
## ---------------- ##

ac_cv_build=x86_64-unknown-linux-gnu
ac_cv_c_compiler_gnu=yes
ac_cv_cxx_compiler_gnu=yes
ac_cv_env_AR_FOR_TARGET_set=
ac_cv_env_AR_FOR_TARGET_value=
ac_cv_env_AR_set=
ac_cv_env_AR_value=
ac_cv_env_AS_FOR_TARGET_set=
ac_cv_env_AS_FOR_TARGET_value=
ac_cv_env_AS_set=
ac_cv_env_AS_value=
ac_cv_env_CCC_set=
ac_cv_env_CCC_value=
ac_cv_env_CC_FOR_TARGET_set=
ac_cv_env_CC_FOR_TARGET_value=
ac_cv_env_CC_set=
ac_cv_env_CC_value=
ac_cv_env_CFLAGS_set=set
ac_cv_env_CFLAGS_value=
ac_cv_env_CPPFLAGS_set=
ac_cv_env_CPPFLAGS_value=
ac_cv_env_CXXFLAGS_set=set
ac_cv_env_CXXFLAGS_value=
ac_cv_env_CXX_FOR_TARGET_set=
ac_cv_env_CXX_FOR_TARGET_value=
ac_cv_env_CXX_set=
ac_cv_env_CXX_value=
ac_cv_env_DLLTOOL_FOR_TARGET_set=
ac_cv_env_DLLTOOL_FOR_TARGET_value=
ac_cv_env_DLLTOOL_set=
ac_cv_env_DLLTOOL_value=
ac_cv_env_GCC_FOR_TARGET_set=
ac_cv_env_GCC_FOR_TARGET_value=
ac_cv_env_GCJ_FOR_TARGET_set=
ac_cv_env_GCJ_FOR_TARGET_value=
ac_cv_env_GFORTRAN_FOR_TARGET_set=
ac_cv_env_GFORTRAN_FOR_TARGET_value=
ac_cv_env_GOC_FOR_TARGET_set=
ac_cv_env_GOC_FOR_TARGET_value=
ac_cv_env_LDFLAGS_set=set
ac_cv_env_LDFLAGS_value=
ac_cv_env_LD_FOR_TARGET_set=
ac_cv_env_LD_FOR_TARGET_value=
ac_cv_env_LD_set=
ac_cv_env_LD_value=
ac_cv_env_LIBS_set=
ac_cv_env_LIBS_value=
ac_cv_env_LIPO_FOR_TARGET_set=
ac_cv_env_LIPO_FOR_TARGET_value=
ac_cv_env_LIPO_set=
ac_cv_env_LIPO_value=
ac_cv_env_NM_FOR_TARGET_set=
ac_cv_env_NM_FOR_TARGET_value=
ac_cv_env_NM_set=
ac_cv_env_NM_value=
ac_cv_env_OBJCOPY_FOR_TARGET_set=
ac_cv_env_OBJCOPY_FOR_TARGET_value=
ac_cv_env_OBJCOPY_set=
ac_cv_env_OBJCOPY_value=
ac_cv_env_OBJDUMP_FOR_TARGET_set=
ac_cv_env_OBJDUMP_FOR_TARGET_value=
ac_cv_env_OBJDUMP_set=
ac_cv_env_OBJDUMP_value=
ac_cv_env_RANLIB_FOR_TARGET_set=
ac_cv_env_RANLIB_FOR_TARGET_value=
ac_cv_env_RANLIB_set=
ac_cv_env_RANLIB_value=
ac_cv_env_READELF_FOR_TARGET_set=
ac_cv_env_READELF_FOR_TARGET_value=
ac_cv_env_READELF_set=
ac_cv_env_READELF_value=
ac_cv_env_STRIP_FOR_TARGET_set=
ac_cv_env_STRIP_FOR_TARGET_value=
ac_cv_env_STRIP_set=
ac_cv_env_STRIP_value=
ac_cv_env_WINDMC_FOR_TARGET_set=
ac_cv_env_WINDMC_FOR_TARGET_value=
ac_cv_env_WINDMC_set=
ac_cv_env_WINDMC_value=
ac_cv_env_WINDRES_FOR_TARGET_set=
ac_cv_env_WINDRES_FOR_TARGET_value=
ac_cv_env_WINDRES_set=
ac_cv_env_WINDRES_value=
ac_cv_env_build_alias_set=
ac_cv_env_build_alias_value=
ac_cv_env_build_configargs_set=
ac_cv_env_build_configargs_value=
ac_cv_env_host_alias_set=
ac_cv_env_host_alias_value=
ac_cv_env_host_configargs_set=
ac_cv_env_host_configargs_value=
ac_cv_env_target_alias_set=set
ac_cv_env_target_alias_value=arm-gnu-eabi
ac_cv_env_target_configargs_set=
ac_cv_env_target_configargs_value=
ac_cv_host=x86_64-unknown-linux-gnu
ac_cv_objext=o
ac_cv_path_SED=/bin/sed
ac_cv_path_install='/usr/bin/install -c'
ac_cv_prog_AWK=mawk
ac_cv_prog_BISON=bison
ac_cv_prog_FLEX=flex
ac_cv_prog_LEX=flex
ac_cv_prog_M4=m4
ac_cv_prog_MAKEINFO=makeinfo
ac_cv_prog_YACC='bison -y'
ac_cv_prog_ac_ct_CC=gcc
ac_cv_prog_ac_ct_CXX=g++
ac_cv_prog_cc_c89=
ac_cv_prog_cc_g=yes
ac_cv_prog_cxx_g=yes
ac_cv_target=arm-gnu-eabi
acx_cv_cc_gcc_supports_ada=no
acx_cv_prog_LN=ln
gcc_cv_isl=no
gcc_cv_prog_cmp_skip='cmp --ignore-initial=16 $$f1 $$f2'
gcc_cv_tool_dirs=/opt/radiofreedom/arm/libexec/gcc/arm-gnu-eabi/5.3.0:/opt/radiofreedom/arm/libexec/gcc/arm-gnu-eabi:/usr/lib/gcc/arm-gnu-eabi/5.3.0:/usr/lib/gcc/arm-gnu-eabi:/opt/radiofreedom/arm/arm-gnu-eabi/bin/arm-gnu-eabi/5.3.0:/opt/radiofreedom/arm/arm-gnu-eabi/bin:
gcc_cv_tool_prefix=/opt/radiofreedom/arm
lt_cv_objdir=.libs

## ----------------- ##
## Output variables. ##
## ----------------- ##

AR=''
AR_FOR_BUILD='$(AR)'
AR_FOR_TARGET=''
AS=''
AS_FOR_BUILD='$(AS)'
AS_FOR_TARGET=''
AWK='mawk'
BISON='bison'
BUILD_CONFIG=''
CC='gcc'
CC_FOR_BUILD='$(CC)'
CC_FOR_TARGET=''
CFLAGS=''
CFLAGS_FOR_BUILD=''
CFLAGS_FOR_TARGET='-O2'
COMPILER_AS_FOR_TARGET=''
COMPILER_LD_FOR_TARGET=''
COMPILER_NM_FOR_TARGET=''
CONFIGURE_GDB_TK=''
CPPFLAGS=''
CXX='g++'
CXXFLAGS=''
CXXFLAGS_FOR_BUILD=''
CXXFLAGS_FOR_TARGET='-O2'
CXX_FOR_BUILD='$(CXX)'
CXX_FOR_TARGET=''
DEBUG_PREFIX_CFLAGS_FOR_TARGET=''
DEFS=''
DLLTOOL=''
DLLTOOL_FOR_BUILD='$(DLLTOOL)'
DLLTOOL_FOR_TARGET=''
ECHO_C=''
ECHO_N='-n'
ECHO_T=''
EXEEXT=''
EXPECT=''
EXTRA_CONFIGARGS_LIBJAVA='--disable-static'
FLAGS_FOR_TARGET=' -B$(build_tooldir)/bin/ -B$(build_tooldir)/lib/ -isystem $(build_tooldir)/include -isystem $(build_tooldir)/sys-include'
FLEX='flex'
GCC_FOR_TARGET=''
GCC_SHLIB_SUBDIR=''
GCJ_FOR_BUILD='$(GCJ)'
GCJ_FOR_TARGET=''
GDB_TK=''
GFORTRAN_FOR_BUILD='$(GFORTRAN)'
GFORTRAN_FOR_TARGET=''
GNATBIND='no'
GNATMAKE='no'
GOC_FOR_BUILD='$(GOC)'
GOC_FOR_TARGET=''
INSTALL_DATA='${INSTALL} -m 644'
INSTALL_GDB_TK=''
INSTALL_PROGRAM='${INSTALL}'
INSTALL_SCRIPT='${INSTALL}'
LD=''
LDFLAGS=''
LDFLAGS_FOR_BUILD=''
LDFLAGS_FOR_TARGET=''
LD_FOR_BUILD='$(LD)'
LD_FOR_TARGET=''
LEX='flex'
LIBOBJS=''
LIBS=''
LIPO=''
LIPO_FOR_TARGET=''
LN='ln'
LN_S='ln -s'
LTLIBOBJS=''
M4='m4'
MAINT=''
MAINTAINER_MODE_FALSE=''
MAINTAINER_MODE_TRUE=''
MAKEINFO='makeinfo'
NM=''
NM_FOR_BUILD='$(NM)'
NM_FOR_TARGET=''
OBJCOPY=''
OBJCOPY_FOR_TARGET=''
OBJDUMP=''
OBJDUMP_FOR_TARGET=''
OBJEXT='o'
PACKAGE_BUGREPORT=''
PACKAGE_NAME=''
PACKAGE_STRING=''
PACKAGE_TARNAME=''
PACKAGE_URL=''
PACKAGE_VERSION=''
PATH_SEPARATOR=':'
RANLIB=''
RANLIB_FOR_BUILD='$(RANLIB)'
RANLIB_FOR_TARGET=''
RAW_CXX_FOR_TARGET=''
READELF=''
READELF_FOR_TARGET=''
RPATH_ENVVAR='LD_LIBRARY_PATH'
RUNTEST=''
SED='/bin/sed'
SHELL='/bin/bash'
STRIP=''
STRIP_FOR_TARGET=''
SYSROOT_CFLAGS_FOR_TARGET=''
TOPLEVEL_CONFIGURE_ARGUMENTS='../../gcc/5.3.0/configure --enable-languages=c,c++,objc,obj-c++ --with-gnu-as --with-gnu-ld --with-gcc --with-march=armv4t --enable-cxx-flags=-ffunction-sections --disable-libstdcxx-verbose --enable-poison-system-directories --enable-interwork --enable-multilib --disable-dependency-tracking --enable-threads --disable-win32-registry --disable-nls --disable-debug --disable-libmudflap --disable-libssp --disable-libgomp --disable-libstdcxx-pch --target=arm-gnu-eabi --with-newlib --with-headers=../../newlib/2.2.0/newlib/libc/include --prefix=/opt/radiofreedom/arm --enable-lto --with-pkgversion='\''devkitARM release 45'\'''
WINDMC=''
WINDMC_FOR_BUILD='$(WINDMC)'
WINDMC_FOR_TARGET=''
WINDRES=''
WINDRES_FOR_BUILD='$(WINDRES)'
WINDRES_FOR_TARGET=''
YACC='bison -y'
ac_ct_CC='gcc'
ac_ct_CXX='g++'
bindir='${exec_prefix}/bin'
build='x86_64-unknown-linux-gnu'
build_alias=''
build_configargs=' --cache-file=./config.cache '\''--with-gnu-as'\'' '\''--with-gnu-ld'\'' '\''--with-gcc'\'' '\''--with-march=armv4t'\'' '\''--enable-cxx-flags=-ffunction-sections'\'' '\''--disable-libstdcxx-verbose'\'' '\''--enable-poison-system-directories'\'' '\''--enable-interwork'\'' '\''--enable-multilib'\'' '\''--disable-dependency-tracking'\'' '\''--enable-threads'\'' '\''--disable-win32-registry'\'' '\''--disable-nls'\'' '\''--disable-debug'\'' '\''--disable-libmudflap'\'' '\''--disable-libssp'\'' '\''--disable-libgomp'\'' '\''--disable-libstdcxx-pch'\'' '\''--with-newlib'\'' '\''--with-headers=../../newlib/2.2.0/newlib/libc/include'\'' '\''--prefix=/opt/radiofreedom/arm'\'' '\''--enable-lto'\'' '\''--with-pkgversion=devkitARM release 45'\'' '\''--enable-languages=c,c++,lto,objc,obj-c++'\'' --program-transform-name='\''s&^&arm-gnu-eabi-&'\'' --disable-option-checking'
build_configdirs=' libiberty libcpp fixincludes'
build_cpu='x86_64'
build_libsubdir='build-x86_64-unknown-linux-gnu'
build_noncanonical='x86_64-unknown-linux-gnu'
build_os='linux-gnu'
build_subdir='build-x86_64-unknown-linux-gnu'
build_tooldir='${exec_prefix}/arm-gnu-eabi'
build_vendor='unknown'
compare_exclusions=''
configdirs=' intl libiberty zlib libbacktrace libcpp libdecnumber fixincludes gcc libcc1 lto-plugin'
datadir='${datarootdir}'
datarootdir='${prefix}/share'
do_compare='cmp --ignore-initial=16 $$f1 $$f2'
docdir='${datarootdir}/doc/${PACKAGE}'
dvidir='${docdir}'
exec_prefix='NONE'
extra_host_libiberty_configure_flags='--enable-shared'
extra_isl_gmp_configure_flags=''
extra_liboffloadmic_configure_flags=''
extra_linker_plugin_configure_flags=''
extra_linker_plugin_flags=''
extra_mpc_gmp_configure_flags=''
extra_mpc_mpfr_configure_flags=''
extra_mpfr_configure_flags=''
gmpinc=''
gmplibs='-lmpc -lmpfr -lgmp'
host='x86_64-unknown-linux-gnu'
host_alias=''
host_configargs=' --cache-file=./config.cache  '\''--with-gnu-as'\'' '\''--with-gnu-ld'\'' '\''--with-gcc'\'' '\''--with-march=armv4t'\'' '\''--enable-cxx-flags=-ffunction-sections'\'' '\''--disable-libstdcxx-verbose'\'' '\''--enable-poison-system-directories'\'' '\''--enable-interwork'\'' '\''--enable-multilib'\'' '\''--disable-dependency-tracking'\'' '\''--enable-threads'\'' '\''--disable-win32-registry'\'' '\''--disable-nls'\'' '\''--disable-debug'\'' '\''--disable-libmudflap'\'' '\''--disable-libssp'\'' '\''--disable-libgomp'\'' '\''--disable-libstdcxx-pch'\'' '\''--with-newlib'\'' '\''--with-headers=../../newlib/2.2.0/newlib/libc/include'\'' '\''--prefix=/opt/radiofreedom/arm'\'' '\''--enable-lto'\'' '\''--with-pkgversion=devkitARM release 45'\'' '\''--enable-languages=c,c++,lto,objc,obj-c++'\'' --program-transform-name='\''s&^&arm-gnu-eabi-&'\'' --disable-option-checking'
host_cpu='x86_64'
host_noncanonical='x86_64-unknown-linux-gnu'
host_os='linux-gnu'
host_shared=''
host_subdir='.'
host_vendor='unknown'
htmldir='${docdir}'
includedir='${prefix}/include'
infodir='${datarootdir}/info'
islinc=''
isllibs=''
libdir='${exec_prefix}/lib'
libexecdir='${exec_prefix}/libexec'
localedir='${datarootdir}/locale'
localstatedir='${prefix}/var'
mandir='${datarootdir}/man'
oldincludedir='/usr/include'
pdfdir='${docdir}'
poststage1_ldflags='-static-libstdc++ -static-libgcc'
poststage1_libs=''
prefix='/opt/radiofreedom/arm'
program_transform_name='s&^&arm-gnu-eabi-&'
psdir='${docdir}'
sbindir='${exec_prefix}/sbin'
sharedstatedir='${prefix}/com'
stage1_cflags=''
stage1_checking=''
stage1_languages='c,c++,lto'
stage1_ldflags='-static-libstdc++ -static-libgcc'
stage1_libs=''
stage2_werror_flag=''
sysconfdir='${prefix}/etc'
target='arm-gnu-eabi'
target_alias='arm-gnu-eabi'
target_configargs='--cache-file=./config.cache --with-cross-host=x86_64-unknown-linux-gnu   '\''--with-gnu-as'\'' '\''--with-gnu-ld'\'' '\''--with-gcc'\'' '\''--with-march=armv4t'\'' '\''--enable-cxx-flags=-ffunction-sections'\'' '\''--disable-libstdcxx-verbose'\'' '\''--enable-poison-system-directories'\'' '\''--enable-interwork'\'' '\''--enable-multilib'\'' '\''--disable-dependency-tracking'\'' '\''--enable-threads'\'' '\''--disable-win32-registry'\'' '\''--disable-nls'\'' '\''--disable-debug'\'' '\''--disable-libmudflap'\'' '\''--disable-libssp'\'' '\''--disable-libgomp'\'' '\''--disable-libstdcxx-pch'\'' '\''--with-newlib'\'' '\''--with-headers=../../newlib/2.2.0/newlib/libc/include'\'' '\''--prefix=/opt/radiofreedom/arm'\'' '\''--enable-lto'\'' '\''--with-pkgversion=devkitARM release 45'\'' '\''--enable-languages=c,c++,lto,objc,obj-c++'\'' --program-transform-name='\''s&^&arm-gnu-eabi-&'\'' --disable-option-checking'
target_configdirs=' libgcc libstdc++-v3 libquadmath libobjc'
target_cpu='arm'
target_noncanonical='arm-gnu-eabi'
target_os='eabi'
target_subdir='arm-gnu-eabi'
target_vendor='gnu'
tooldir='${exec_prefix}/arm-gnu-eabi'

## ------------------- ##
## File substitutions. ##
## ------------------- ##

alphaieee_frag='/dev/null'
host_makefile_frag='/dev/null'
ospace_frag='/dev/null'
serialization_dependencies='serdep.tmp'
target_makefile_frag='/dev/null'

## ----------- ##
## confdefs.h. ##
## ----------- ##

/* confdefs.h */
#define PACKAGE_NAME ""
#define PACKAGE_TARNAME ""
#define PACKAGE_VERSION ""
#define PACKAGE_STRING ""
#define PACKAGE_BUGREPORT ""
#define PACKAGE_URL ""
#define LT_OBJDIR ".libs/"

configure: caught signal 2
configure: exit 1
