This file contains any messages produced by compilers while
running configure, to aid debugging if configure makes a mistake.

It was created by 3dslink configure 0.5.0, which was
generated by GNU Autoconf 2.69.  Invocation command line was

  $ ./configure --prefix=/opt/radiofreedom/arm

## --------- ##
## Platform. ##
## --------- ##

hostname = nookie
uname -m = x86_64
uname -r = 3.13.0-48-generic
uname -s = Linux
uname -v = #80-Ubuntu SMP Thu Mar 12 11:16:15 UTC 2015

/usr/bin/uname -p = unknown
/bin/uname -X     = unknown

/bin/arch              = unknown
/usr/bin/arch -k       = unknown
/usr/convex/getsysinfo = unknown
/usr/bin/hostinfo      = unknown
/bin/machine           = unknown
/usr/bin/oslevel       = unknown
/bin/universe          = unknown

PATH: /usr/local/sbin
PATH: /usr/local/bin
PATH: /usr/sbin
PATH: /usr/bin
PATH: /sbin
PATH: /bin
PATH: /opt/radiofreedom/arm/bin


## ----------- ##
## Core tests. ##
## ----------- ##

configure:1899: checking for a BSD-compatible install
configure:1967: result: /usr/bin/install -c
configure:1978: checking whether build environment is sane
configure:2028: result: yes
configure:2169: checking for a thread-safe mkdir -p
configure:2208: result: /bin/mkdir -p
configure:2221: checking for gawk
configure:2251: result: no
configure:2221: checking for mawk
configure:2237: found /usr/bin/mawk
configure:2248: result: mawk
configure:2259: checking whether make sets $(MAKE)
configure:2281: result: yes
configure:2366: checking build system type
configure:2380: result: x86_64-unknown-linux-gnu
configure:2400: checking host system type
configure:2413: result: x86_64-unknown-linux-gnu
configure:2482: checking for gcc
configure:2498: found /usr/bin/gcc
configure:2509: result: gcc
configure:2738: checking for C compiler version
configure:2747: gcc --version >&5
gcc (Ubuntu 4.8.2-19ubuntu1) 4.8.2
Copyright (C) 2013 Free Software Foundation, Inc.
This is free software; see the source for copying conditions.  There is NO
warranty; not even for MERCHANTABILITY or FITNESS FOR A PARTICULAR PURPOSE.

configure:2758: $? = 0
configure:2747: gcc -v >&5
Using built-in specs.
COLLECT_GCC=gcc
COLLECT_LTO_WRAPPER=/usr/lib/gcc/x86_64-linux-gnu/4.8/lto-wrapper
Target: x86_64-linux-gnu
Configured with: ../src/configure -v --with-pkgversion='Ubuntu 4.8.2-19ubuntu1' --with-bugurl=file:///usr/share/doc/gcc-4.8/README.Bugs --enable-languages=c,c++,java,go,d,fortran,objc,obj-c++ --prefix=/usr --program-suffix=-4.8 --enable-shared --enable-linker-build-id --libexecdir=/usr/lib --without-included-gettext --enable-threads=posix --with-gxx-include-dir=/usr/include/c++/4.8 --libdir=/usr/lib --enable-nls --with-sysroot=/ --enable-clocale=gnu --enable-libstdcxx-debug --enable-libstdcxx-time=yes --enable-gnu-unique-object --disable-libmudflap --enable-plugin --with-system-zlib --disable-browser-plugin --enable-java-awt=gtk --enable-gtk-cairo --with-java-home=/usr/lib/jvm/java-1.5.0-gcj-4.8-amd64/jre --enable-java-home --with-jvm-root-dir=/usr/lib/jvm/java-1.5.0-gcj-4.8-amd64 --with-jvm-jar-dir=/usr/lib/jvm-exports/java-1.5.0-gcj-4.8-amd64 --with-arch-directory=amd64 --with-ecj-jar=/usr/share/java/eclipse-ecj.jar --enable-objc-gc --enable-multiarch --disable-werror --with-arch-32=i686 --with-abi=m64 --with-multilib-list=m32,m64,mx32 --with-tune=generic --enable-checking=release --build=x86_64-linux-gnu --host=x86_64-linux-gnu --target=x86_64-linux-gnu
Thread model: posix
gcc version 4.8.2 (Ubuntu 4.8.2-19ubuntu1) 
configure:2758: $? = 0
configure:2747: gcc -V >&5
gcc: error: unrecognized command line option '-V'
gcc: fatal error: no input files
compilation terminated.
configure:2758: $? = 4
configure:2747: gcc -qversion >&5
gcc: error: unrecognized command line option '-qversion'
gcc: fatal error: no input files
compilation terminated.
configure:2758: $? = 4
configure:2778: checking whether the C compiler works
configure:2800: gcc -O2   conftest.c  >&5
configure:2804: $? = 0
configure:2852: result: yes
configure:2855: checking for C compiler default output file name
configure:2857: result: a.out
configure:2863: checking for suffix of executables
configure:2870: gcc -o conftest -O2   conftest.c  >&5
configure:2874: $? = 0
configure:2896: result: 
configure:2918: checking whether we are cross compiling
configure:2926: gcc -o conftest -O2   conftest.c  >&5
configure:2930: $? = 0
configure:2937: ./conftest
configure:2941: $? = 0
configure:2956: result: no
configure:2961: checking for suffix of object files
configure:2983: gcc -c -O2  conftest.c >&5
configure:2987: $? = 0
configure:3008: result: o
configure:3012: checking whether we are using the GNU C compiler
configure:3031: gcc -c -O2  conftest.c >&5
configure:3031: $? = 0
configure:3040: result: yes
configure:3049: checking whether gcc accepts -g
configure:3069: gcc -c -g  conftest.c >&5
configure:3069: $? = 0
configure:3110: result: yes
configure:3127: checking for gcc option to accept ISO C89
configure:3190: gcc  -c -O2  conftest.c >&5
configure:3190: $? = 0
configure:3203: result: none needed
configure:3234: checking for style of include used by make
configure:3262: result: GNU
configure:3288: checking dependency style of gcc
configure:3399: result: gcc3
configure:3469: checking for pkg-config
configure:3487: found /usr/bin/pkg-config
configure:3499: result: /usr/bin/pkg-config
configure:3524: checking pkg-config is at least version 0.9.0
configure:3527: result: yes
configure:3538: checking for ZLIB
configure:3545: $PKG_CONFIG --exists --print-errors "zlib"
configure:3548: $? = 0
configure:3562: $PKG_CONFIG --exists --print-errors "zlib"
configure:3565: $? = 0
configure:3695: result: yes
configure:3882: creating ./config.status

## ---------------------- ##
## Running config.status. ##
## ---------------------- ##

This file was extended by 3dslink config.status 0.5.0, which was
generated by GNU Autoconf 2.69.  Invocation command line was

  CONFIG_FILES    = 
  CONFIG_HEADERS  = 
  CONFIG_LINKS    = 
  CONFIG_COMMANDS = 
  $ ./config.status 

on nookie

config.status:781: creating Makefile
config.status:953: executing depfiles commands

## ---------------- ##
## Cache variables. ##
## ---------------- ##

ac_cv_build=x86_64-unknown-linux-gnu
ac_cv_c_compiler_gnu=yes
ac_cv_env_CC_set=
ac_cv_env_CC_value=
ac_cv_env_CFLAGS_set=set
ac_cv_env_CFLAGS_value=-O2
ac_cv_env_CPPFLAGS_set=
ac_cv_env_CPPFLAGS_value=
ac_cv_env_LDFLAGS_set=
ac_cv_env_LDFLAGS_value=
ac_cv_env_LIBS_set=
ac_cv_env_LIBS_value=
ac_cv_env_PKG_CONFIG_LIBDIR_set=
ac_cv_env_PKG_CONFIG_LIBDIR_value=
ac_cv_env_PKG_CONFIG_PATH_set=
ac_cv_env_PKG_CONFIG_PATH_value=
ac_cv_env_PKG_CONFIG_set=
ac_cv_env_PKG_CONFIG_value=
ac_cv_env_ZLIB_CFLAGS_set=
ac_cv_env_ZLIB_CFLAGS_value=
ac_cv_env_ZLIB_LIBS_set=
ac_cv_env_ZLIB_LIBS_value=
ac_cv_env_build_alias_set=
ac_cv_env_build_alias_value=
ac_cv_env_host_alias_set=
ac_cv_env_host_alias_value=
ac_cv_env_target_alias_set=
ac_cv_env_target_alias_value=
ac_cv_host=x86_64-unknown-linux-gnu
ac_cv_objext=o
ac_cv_path_ac_pt_PKG_CONFIG=/usr/bin/pkg-config
ac_cv_path_install='/usr/bin/install -c'
ac_cv_path_mkdir=/bin/mkdir
ac_cv_prog_AWK=mawk
ac_cv_prog_ac_ct_CC=gcc
ac_cv_prog_cc_c89=
ac_cv_prog_cc_g=yes
ac_cv_prog_make_make_set=yes
am_cv_CC_dependencies_compiler_type=gcc3
pkg_cv_ZLIB_CFLAGS='-I/usr/local/include  '
pkg_cv_ZLIB_LIBS='-L/usr/local/lib -lz  '

## ----------------- ##
## Output variables. ##
## ----------------- ##

ACLOCAL='${SHELL} /usr/local/src/c.cpp.h/_/plex/build/devkitpro/3dslink-0.5.0/missing --run aclocal-1.11'
AMDEPBACKSLASH='\'
AMDEP_FALSE='#'
AMDEP_TRUE=''
AMTAR='$${TAR-tar}'
AUTOCONF='${SHELL} /usr/local/src/c.cpp.h/_/plex/build/devkitpro/3dslink-0.5.0/missing --run autoconf'
AUTOHEADER='${SHELL} /usr/local/src/c.cpp.h/_/plex/build/devkitpro/3dslink-0.5.0/missing --run autoheader'
AUTOMAKE='${SHELL} /usr/local/src/c.cpp.h/_/plex/build/devkitpro/3dslink-0.5.0/missing --run automake-1.11'
AWK='mawk'
CC='gcc'
CCDEPMODE='depmode=gcc3'
CFLAGS='-I/usr/local/include   -O2 -std=gnu99'
CPPFLAGS=''
CYGPATH_W='echo'
DEFS='-DPACKAGE_NAME=\"3dslink\" -DPACKAGE_TARNAME=\"3dslink\" -DPACKAGE_VERSION=\"0.5.0\" -DPACKAGE_STRING=\"3dslink\ 0.5.0\" -DPACKAGE_BUGREPORT=\"davem@devkitpro.org\" -DPACKAGE_URL=\"\" -DPACKAGE=\"3dslink\" -DVERSION=\"0.5.0\" -DHAVE_LIBZ=1'
DEPDIR='.deps'
ECHO_C=''
ECHO_N='-n'
ECHO_T=''
EXEEXT=''
INSTALL_DATA='${INSTALL} -m 644'
INSTALL_PROGRAM='${INSTALL}'
INSTALL_SCRIPT='${INSTALL}'
INSTALL_STRIP_PROGRAM='$(install_sh) -c -s'
LDFLAGS=''
LIBOBJS=''
LIBS='-L/usr/local/lib -lz   '
LTLIBOBJS=''
MAKEINFO='${SHELL} /usr/local/src/c.cpp.h/_/plex/build/devkitpro/3dslink-0.5.0/missing --run makeinfo'
MKDIR_P='/bin/mkdir -p'
OBJEXT='o'
PACKAGE='3dslink'
PACKAGE_BUGREPORT='davem@devkitpro.org'
PACKAGE_NAME='3dslink'
PACKAGE_STRING='3dslink 0.5.0'
PACKAGE_TARNAME='3dslink'
PACKAGE_URL=''
PACKAGE_VERSION='0.5.0'
PATH_SEPARATOR=':'
PKG_CONFIG='/usr/bin/pkg-config'
PKG_CONFIG_LIBDIR=''
PKG_CONFIG_PATH=''
SET_MAKE=''
SHELL='/bin/bash'
STRIP=''
VERSION='0.5.0'
ZLIB_CFLAGS='-I/usr/local/include  '
ZLIB_LIBS='-L/usr/local/lib -lz  '
ac_ct_CC='gcc'
am__EXEEXT_FALSE=''
am__EXEEXT_TRUE='#'
am__fastdepCC_FALSE='#'
am__fastdepCC_TRUE=''
am__include='include'
am__isrc=''
am__leading_dot='.'
am__nodep='_no'
am__quote=''
am__tar='$${TAR-tar} chof - "$$tardir"'
am__untar='$${TAR-tar} xf -'
bindir='${exec_prefix}/bin'
build='x86_64-unknown-linux-gnu'
build_alias=''
build_cpu='x86_64'
build_os='linux-gnu'
build_vendor='unknown'
datadir='${datarootdir}'
datarootdir='${prefix}/share'
docdir='${datarootdir}/doc/${PACKAGE_TARNAME}'
dvidir='${docdir}'
exec_prefix='${prefix}'
host='x86_64-unknown-linux-gnu'
host_alias=''
host_cpu='x86_64'
host_os='linux-gnu'
host_vendor='unknown'
htmldir='${docdir}'
includedir='${prefix}/include'
infodir='${datarootdir}/info'
install_sh='${SHELL} /usr/local/src/c.cpp.h/_/plex/build/devkitpro/3dslink-0.5.0/install-sh'
libdir='${exec_prefix}/lib'
libexecdir='${exec_prefix}/libexec'
localedir='${datarootdir}/locale'
localstatedir='${prefix}/var'
mandir='${datarootdir}/man'
mkdir_p='/bin/mkdir -p'
oldincludedir='/usr/include'
pdfdir='${docdir}'
prefix='/opt/radiofreedom/arm'
program_transform_name='s,x,x,'
psdir='${docdir}'
sbindir='${exec_prefix}/sbin'
sharedstatedir='${prefix}/com'
sysconfdir='${prefix}/etc'
target_alias=''

## ----------- ##
## confdefs.h. ##
## ----------- ##

/* confdefs.h */
#define PACKAGE_NAME "3dslink"
#define PACKAGE_TARNAME "3dslink"
#define PACKAGE_VERSION "0.5.0"
#define PACKAGE_STRING "3dslink 0.5.0"
#define PACKAGE_BUGREPORT "davem@devkitpro.org"
#define PACKAGE_URL ""
#define PACKAGE "3dslink"
#define VERSION "0.5.0"
#define HAVE_LIBZ 1

configure: exit 0
