This file contains any messages produced by compilers while
running configure, to aid debugging if configure makes a mistake.

It was created by 3dstools configure 1.1.4, which was
generated by GNU Autoconf 2.69.  Invocation command line was

  $ ./configure --prefix=/opt/radiofreedom/arm

## --------- ##
## Platform. ##
## --------- ##

hostname = nookie
uname -m = x86_64
uname -r = 3.13.0-119-generic
uname -s = Linux
uname -v = #166-Ubuntu SMP Wed May 3 12:18:55 UTC 2017

/usr/bin/uname -p = unknown
/bin/uname -X     = unknown

/bin/arch              = unknown
/usr/bin/arch -k       = unknown
/usr/convex/getsysinfo = unknown
/usr/bin/hostinfo      = unknown
/bin/machine           = unknown
/usr/bin/oslevel       = unknown
/bin/universe          = unknown

PATH: /usr/local/sbin
PATH: /usr/local/bin
PATH: /usr/sbin
PATH: /usr/bin
PATH: /sbin
PATH: /bin
PATH: /snap/bin
PATH: /opt/radiofreedom/arm/bin


## ----------- ##
## Core tests. ##
## ----------- ##

configure:1895: checking for a BSD-compatible install
configure:1963: result: /usr/bin/install -c
configure:1974: checking whether build environment is sane
configure:2029: result: yes
configure:2180: checking for a thread-safe mkdir -p
configure:2219: result: /bin/mkdir -p
configure:2226: checking for gawk
configure:2256: result: no
configure:2226: checking for mawk
configure:2242: found /usr/bin/mawk
configure:2253: result: mawk
configure:2264: checking whether make sets $(MAKE)
configure:2286: result: yes
configure:2315: checking whether make supports nested variables
configure:2332: result: yes
configure:2463: checking build system type
configure:2477: result: x86_64-unknown-linux-gnu
configure:2497: checking host system type
configure:2510: result: x86_64-unknown-linux-gnu
configure:2579: checking for gcc
configure:2595: found /usr/bin/gcc
configure:2606: result: gcc
configure:2835: checking for C compiler version
configure:2844: gcc --version >&5
gcc (Ubuntu 4.8.4-2ubuntu1~14.04.3) 4.8.4
Copyright (C) 2013 Free Software Foundation, Inc.
This is free software; see the source for copying conditions.  There is NO
warranty; not even for MERCHANTABILITY or FITNESS FOR A PARTICULAR PURPOSE.

configure:2855: $? = 0
configure:2844: gcc -v >&5
Using built-in specs.
COLLECT_GCC=gcc
COLLECT_LTO_WRAPPER=/usr/lib/gcc/x86_64-linux-gnu/4.8/lto-wrapper
Target: x86_64-linux-gnu
Configured with: ../src/configure -v --with-pkgversion='Ubuntu 4.8.4-2ubuntu1~14.04.3' --with-bugurl=file:///usr/share/doc/gcc-4.8/README.Bugs --enable-languages=c,c++,java,go,d,fortran,objc,obj-c++ --prefix=/usr --program-suffix=-4.8 --enable-shared --enable-linker-build-id --libexecdir=/usr/lib --without-included-gettext --enable-threads=posix --with-gxx-include-dir=/usr/include/c++/4.8 --libdir=/usr/lib --enable-nls --with-sysroot=/ --enable-clocale=gnu --enable-libstdcxx-debug --enable-libstdcxx-time=yes --enable-gnu-unique-object --disable-libmudflap --enable-plugin --with-system-zlib --disable-browser-plugin --enable-java-awt=gtk --enable-gtk-cairo --with-java-home=/usr/lib/jvm/java-1.5.0-gcj-4.8-amd64/jre --enable-java-home --with-jvm-root-dir=/usr/lib/jvm/java-1.5.0-gcj-4.8-amd64 --with-jvm-jar-dir=/usr/lib/jvm-exports/java-1.5.0-gcj-4.8-amd64 --with-arch-directory=amd64 --with-ecj-jar=/usr/share/java/eclipse-ecj.jar --enable-objc-gc --enable-multiarch --disable-werror --with-arch-32=i686 --with-abi=m64 --with-multilib-list=m32,m64,mx32 --with-tune=generic --enable-checking=release --build=x86_64-linux-gnu --host=x86_64-linux-gnu --target=x86_64-linux-gnu
Thread model: posix
gcc version 4.8.4 (Ubuntu 4.8.4-2ubuntu1~14.04.3) 
configure:2855: $? = 0
configure:2844: gcc -V >&5
gcc: error: unrecognized command line option '-V'
gcc: fatal error: no input files
compilation terminated.
configure:2855: $? = 4
configure:2844: gcc -qversion >&5
gcc: error: unrecognized command line option '-qversion'
gcc: fatal error: no input files
compilation terminated.
configure:2855: $? = 4
configure:2875: checking whether the C compiler works
configure:2897: gcc -O2   conftest.c  >&5
configure:2901: $? = 0
configure:2949: result: yes
configure:2952: checking for C compiler default output file name
configure:2954: result: a.out
configure:2960: checking for suffix of executables
configure:2967: gcc -o conftest -O2   conftest.c  >&5
configure:2971: $? = 0
configure:2993: result: 
configure:3015: checking whether we are cross compiling
configure:3023: gcc -o conftest -O2   conftest.c  >&5
configure:3027: $? = 0
configure:3034: ./conftest
configure:3038: $? = 0
configure:3053: result: no
configure:3058: checking for suffix of object files
configure:3080: gcc -c -O2  conftest.c >&5
configure:3084: $? = 0
configure:3105: result: o
configure:3109: checking whether we are using the GNU C compiler
configure:3128: gcc -c -O2  conftest.c >&5
configure:3128: $? = 0
configure:3137: result: yes
configure:3146: checking whether gcc accepts -g
configure:3166: gcc -c -g  conftest.c >&5
configure:3166: $? = 0
configure:3207: result: yes
configure:3224: checking for gcc option to accept ISO C89
configure:3287: gcc  -c -O2  conftest.c >&5
configure:3287: $? = 0
configure:3300: result: none needed
configure:3325: checking whether gcc understands -c and -o together
configure:3347: gcc -c conftest.c -o conftest2.o
configure:3350: $? = 0
configure:3347: gcc -c conftest.c -o conftest2.o
configure:3350: $? = 0
configure:3362: result: yes
configure:3390: checking for style of include used by make
configure:3418: result: GNU
configure:3444: checking dependency style of gcc
configure:3555: result: gcc3
configure:3628: checking for g++
configure:3644: found /usr/bin/g++
configure:3655: result: g++
configure:3682: checking for C++ compiler version
configure:3691: g++ --version >&5
g++ (Ubuntu 4.8.4-2ubuntu1~14.04.3) 4.8.4
Copyright (C) 2013 Free Software Foundation, Inc.
This is free software; see the source for copying conditions.  There is NO
warranty; not even for MERCHANTABILITY or FITNESS FOR A PARTICULAR PURPOSE.

configure:3702: $? = 0
configure:3691: g++ -v >&5
Using built-in specs.
COLLECT_GCC=g++
COLLECT_LTO_WRAPPER=/usr/lib/gcc/x86_64-linux-gnu/4.8/lto-wrapper
Target: x86_64-linux-gnu
Configured with: ../src/configure -v --with-pkgversion='Ubuntu 4.8.4-2ubuntu1~14.04.3' --with-bugurl=file:///usr/share/doc/gcc-4.8/README.Bugs --enable-languages=c,c++,java,go,d,fortran,objc,obj-c++ --prefix=/usr --program-suffix=-4.8 --enable-shared --enable-linker-build-id --libexecdir=/usr/lib --without-included-gettext --enable-threads=posix --with-gxx-include-dir=/usr/include/c++/4.8 --libdir=/usr/lib --enable-nls --with-sysroot=/ --enable-clocale=gnu --enable-libstdcxx-debug --enable-libstdcxx-time=yes --enable-gnu-unique-object --disable-libmudflap --enable-plugin --with-system-zlib --disable-browser-plugin --enable-java-awt=gtk --enable-gtk-cairo --with-java-home=/usr/lib/jvm/java-1.5.0-gcj-4.8-amd64/jre --enable-java-home --with-jvm-root-dir=/usr/lib/jvm/java-1.5.0-gcj-4.8-amd64 --with-jvm-jar-dir=/usr/lib/jvm-exports/java-1.5.0-gcj-4.8-amd64 --with-arch-directory=amd64 --with-ecj-jar=/usr/share/java/eclipse-ecj.jar --enable-objc-gc --enable-multiarch --disable-werror --with-arch-32=i686 --with-abi=m64 --with-multilib-list=m32,m64,mx32 --with-tune=generic --enable-checking=release --build=x86_64-linux-gnu --host=x86_64-linux-gnu --target=x86_64-linux-gnu
Thread model: posix
gcc version 4.8.4 (Ubuntu 4.8.4-2ubuntu1~14.04.3) 
configure:3702: $? = 0
configure:3691: g++ -V >&5
g++: error: unrecognized command line option '-V'
g++: fatal error: no input files
compilation terminated.
configure:3702: $? = 4
configure:3691: g++ -qversion >&5
g++: error: unrecognized command line option '-qversion'
g++: fatal error: no input files
compilation terminated.
configure:3702: $? = 4
configure:3706: checking whether we are using the GNU C++ compiler
configure:3725: g++ -c -O2  conftest.cpp >&5
configure:3725: $? = 0
configure:3734: result: yes
configure:3743: checking whether g++ accepts -g
configure:3763: g++ -c -g  conftest.cpp >&5
configure:3763: $? = 0
configure:3804: result: yes
configure:3829: checking dependency style of g++
configure:3940: result: gcc3
configure:4103: checking that generated files are newer than configure
configure:4109: result: done
configure:4136: creating ./config.status

## ---------------------- ##
## Running config.status. ##
## ---------------------- ##

This file was extended by 3dstools config.status 1.1.4, which was
generated by GNU Autoconf 2.69.  Invocation command line was

  CONFIG_FILES    = 
  CONFIG_HEADERS  = 
  CONFIG_LINKS    = 
  CONFIG_COMMANDS = 
  $ ./config.status 

on nookie

config.status:786: creating Makefile
config.status:958: executing depfiles commands

## ---------------- ##
## Cache variables. ##
## ---------------- ##

ac_cv_build=x86_64-unknown-linux-gnu
ac_cv_c_compiler_gnu=yes
ac_cv_cxx_compiler_gnu=yes
ac_cv_env_CCC_set=
ac_cv_env_CCC_value=
ac_cv_env_CC_set=
ac_cv_env_CC_value=
ac_cv_env_CFLAGS_set=set
ac_cv_env_CFLAGS_value=-O2
ac_cv_env_CPPFLAGS_set=
ac_cv_env_CPPFLAGS_value=
ac_cv_env_CXXFLAGS_set=set
ac_cv_env_CXXFLAGS_value=-O2
ac_cv_env_CXX_set=
ac_cv_env_CXX_value=
ac_cv_env_LDFLAGS_set=
ac_cv_env_LDFLAGS_value=
ac_cv_env_LIBS_set=
ac_cv_env_LIBS_value=
ac_cv_env_build_alias_set=
ac_cv_env_build_alias_value=
ac_cv_env_host_alias_set=
ac_cv_env_host_alias_value=
ac_cv_env_target_alias_set=
ac_cv_env_target_alias_value=
ac_cv_host=x86_64-unknown-linux-gnu
ac_cv_objext=o
ac_cv_path_install='/usr/bin/install -c'
ac_cv_path_mkdir=/bin/mkdir
ac_cv_prog_AWK=mawk
ac_cv_prog_ac_ct_CC=gcc
ac_cv_prog_ac_ct_CXX=g++
ac_cv_prog_cc_c89=
ac_cv_prog_cc_g=yes
ac_cv_prog_cxx_g=yes
ac_cv_prog_make_make_set=yes
am_cv_CC_dependencies_compiler_type=gcc3
am_cv_CXX_dependencies_compiler_type=gcc3
am_cv_make_support_nested_variables=yes
am_cv_prog_cc_c_o=yes

## ----------------- ##
## Output variables. ##
## ----------------- ##

ACLOCAL='${SHELL} /usr/local/src/c.cpp.h/_/plex/build/devkitpro/3dstools/1.1.4/missing aclocal-1.15'
AMDEPBACKSLASH='\'
AMDEP_FALSE='#'
AMDEP_TRUE=''
AMTAR='$${TAR-tar}'
AM_BACKSLASH='\'
AM_DEFAULT_V='$(AM_DEFAULT_VERBOSITY)'
AM_DEFAULT_VERBOSITY='1'
AM_V='$(V)'
AUTOCONF='${SHELL} /usr/local/src/c.cpp.h/_/plex/build/devkitpro/3dstools/1.1.4/missing autoconf'
AUTOHEADER='${SHELL} /usr/local/src/c.cpp.h/_/plex/build/devkitpro/3dstools/1.1.4/missing autoheader'
AUTOMAKE='${SHELL} /usr/local/src/c.cpp.h/_/plex/build/devkitpro/3dstools/1.1.4/missing automake-1.15'
AWK='mawk'
CC='gcc'
CCDEPMODE='depmode=gcc3'
CFLAGS='-O2'
CPPFLAGS=''
CXX='g++'
CXXDEPMODE='depmode=gcc3'
CXXFLAGS='-O2'
CYGPATH_W='echo'
DEFS='-DPACKAGE_NAME=\"3dstools\" -DPACKAGE_TARNAME=\"3dstools\" -DPACKAGE_VERSION=\"1.1.4\" -DPACKAGE_STRING=\"3dstools\ 1.1.4\" -DPACKAGE_BUGREPORT=\"https://github.com/devkitPro/3dstools/issues\" -DPACKAGE_URL=\"\" -DPACKAGE=\"3dstools\" -DVERSION=\"1.1.4\"'
DEPDIR='.deps'
ECHO_C=''
ECHO_N='-n'
ECHO_T=''
EXEEXT=''
INSTALL_DATA='${INSTALL} -m 644'
INSTALL_PROGRAM='${INSTALL}'
INSTALL_SCRIPT='${INSTALL}'
INSTALL_STRIP_PROGRAM='$(install_sh) -c -s'
LDFLAGS=''
LIBOBJS=''
LIBS=''
LTLIBOBJS=''
MAKEINFO='${SHELL} /usr/local/src/c.cpp.h/_/plex/build/devkitpro/3dstools/1.1.4/missing makeinfo'
MKDIR_P='/bin/mkdir -p'
OBJEXT='o'
PACKAGE='3dstools'
PACKAGE_BUGREPORT='https://github.com/devkitPro/3dstools/issues'
PACKAGE_NAME='3dstools'
PACKAGE_STRING='3dstools 1.1.4'
PACKAGE_TARNAME='3dstools'
PACKAGE_URL=''
PACKAGE_VERSION='1.1.4'
PATH_SEPARATOR=':'
SET_MAKE=''
SHELL='/bin/bash'
STRIP=''
VERSION='1.1.4'
ac_ct_CC='gcc'
ac_ct_CXX='g++'
am__EXEEXT_FALSE=''
am__EXEEXT_TRUE='#'
am__fastdepCC_FALSE='#'
am__fastdepCC_TRUE=''
am__fastdepCXX_FALSE='#'
am__fastdepCXX_TRUE=''
am__include='include'
am__isrc=''
am__leading_dot='.'
am__nodep='_no'
am__quote=''
am__tar='$${TAR-tar} chof - "$$tardir"'
am__untar='$${TAR-tar} xf -'
bindir='${exec_prefix}/bin'
build='x86_64-unknown-linux-gnu'
build_alias=''
build_cpu='x86_64'
build_os='linux-gnu'
build_vendor='unknown'
datadir='${datarootdir}'
datarootdir='${prefix}/share'
docdir='${datarootdir}/doc/${PACKAGE_TARNAME}'
dvidir='${docdir}'
exec_prefix='${prefix}'
host='x86_64-unknown-linux-gnu'
host_alias=''
host_cpu='x86_64'
host_os='linux-gnu'
host_vendor='unknown'
htmldir='${docdir}'
includedir='${prefix}/include'
infodir='${datarootdir}/info'
install_sh='${SHELL} /usr/local/src/c.cpp.h/_/plex/build/devkitpro/3dstools/1.1.4/install-sh'
libdir='${exec_prefix}/lib'
libexecdir='${exec_prefix}/libexec'
localedir='${datarootdir}/locale'
localstatedir='${prefix}/var'
mandir='${datarootdir}/man'
mkdir_p='$(MKDIR_P)'
oldincludedir='/usr/include'
pdfdir='${docdir}'
prefix='/opt/radiofreedom/arm'
program_transform_name='s,x,x,'
psdir='${docdir}'
sbindir='${exec_prefix}/sbin'
sharedstatedir='${prefix}/com'
sysconfdir='${prefix}/etc'
target_alias=''

## ----------- ##
## confdefs.h. ##
## ----------- ##

/* confdefs.h */
#define PACKAGE_NAME "3dstools"
#define PACKAGE_TARNAME "3dstools"
#define PACKAGE_VERSION "1.1.4"
#define PACKAGE_STRING "3dstools 1.1.4"
#define PACKAGE_BUGREPORT "https://github.com/devkitPro/3dstools/issues"
#define PACKAGE_URL ""
#define PACKAGE "3dstools"
#define VERSION "1.1.4"

configure: exit 0
