This file contains any messages produced by compilers while
running configure, to aid debugging if configure makes a mistake.

It was created by grit configure 0.8.12, which was
generated by GNU Autoconf 2.69.  Invocation command line was

  $ ./configure --prefix=/opt/radiofreedom/arm

## --------- ##
## Platform. ##
## --------- ##

hostname = nookie
uname -m = x86_64
uname -r = 3.13.0-48-generic
uname -s = Linux
uname -v = #80-Ubuntu SMP Thu Mar 12 11:16:15 UTC 2015

/usr/bin/uname -p = unknown
/bin/uname -X     = unknown

/bin/arch              = unknown
/usr/bin/arch -k       = unknown
/usr/convex/getsysinfo = unknown
/usr/bin/hostinfo      = unknown
/bin/machine           = unknown
/usr/bin/oslevel       = unknown
/bin/universe          = unknown

PATH: /usr/local/sbin
PATH: /usr/local/bin
PATH: /usr/sbin
PATH: /usr/bin
PATH: /sbin
PATH: /bin
PATH: /opt/radiofreedom/arm/bin


## ----------- ##
## Core tests. ##
## ----------- ##

configure:2379: checking for a BSD-compatible install
configure:2447: result: /usr/bin/install -c
configure:2458: checking whether build environment is sane
configure:2508: result: yes
configure:2649: checking for a thread-safe mkdir -p
configure:2688: result: /bin/mkdir -p
configure:2701: checking for gawk
configure:2731: result: no
configure:2701: checking for mawk
configure:2717: found /usr/bin/mawk
configure:2728: result: mawk
configure:2739: checking whether make sets $(MAKE)
configure:2761: result: yes
configure:2902: checking for g++
configure:2918: found /usr/bin/g++
configure:2929: result: g++
configure:2956: checking for C++ compiler version
configure:2965: g++ --version >&5
g++ (Ubuntu 4.8.2-19ubuntu1) 4.8.2
Copyright (C) 2013 Free Software Foundation, Inc.
This is free software; see the source for copying conditions.  There is NO
warranty; not even for MERCHANTABILITY or FITNESS FOR A PARTICULAR PURPOSE.

configure:2976: $? = 0
configure:2965: g++ -v >&5
Using built-in specs.
COLLECT_GCC=g++
COLLECT_LTO_WRAPPER=/usr/lib/gcc/x86_64-linux-gnu/4.8/lto-wrapper
Target: x86_64-linux-gnu
Configured with: ../src/configure -v --with-pkgversion='Ubuntu 4.8.2-19ubuntu1' --with-bugurl=file:///usr/share/doc/gcc-4.8/README.Bugs --enable-languages=c,c++,java,go,d,fortran,objc,obj-c++ --prefix=/usr --program-suffix=-4.8 --enable-shared --enable-linker-build-id --libexecdir=/usr/lib --without-included-gettext --enable-threads=posix --with-gxx-include-dir=/usr/include/c++/4.8 --libdir=/usr/lib --enable-nls --with-sysroot=/ --enable-clocale=gnu --enable-libstdcxx-debug --enable-libstdcxx-time=yes --enable-gnu-unique-object --disable-libmudflap --enable-plugin --with-system-zlib --disable-browser-plugin --enable-java-awt=gtk --enable-gtk-cairo --with-java-home=/usr/lib/jvm/java-1.5.0-gcj-4.8-amd64/jre --enable-java-home --with-jvm-root-dir=/usr/lib/jvm/java-1.5.0-gcj-4.8-amd64 --with-jvm-jar-dir=/usr/lib/jvm-exports/java-1.5.0-gcj-4.8-amd64 --with-arch-directory=amd64 --with-ecj-jar=/usr/share/java/eclipse-ecj.jar --enable-objc-gc --enable-multiarch --disable-werror --with-arch-32=i686 --with-abi=m64 --with-multilib-list=m32,m64,mx32 --with-tune=generic --enable-checking=release --build=x86_64-linux-gnu --host=x86_64-linux-gnu --target=x86_64-linux-gnu
Thread model: posix
gcc version 4.8.2 (Ubuntu 4.8.2-19ubuntu1) 
configure:2976: $? = 0
configure:2965: g++ -V >&5
g++: error: unrecognized command line option '-V'
g++: fatal error: no input files
compilation terminated.
configure:2976: $? = 4
configure:2965: g++ -qversion >&5
g++: error: unrecognized command line option '-qversion'
g++: fatal error: no input files
compilation terminated.
configure:2976: $? = 4
configure:2996: checking whether the C++ compiler works
configure:3018: g++ -O2   conftest.cpp  >&5
configure:3022: $? = 0
configure:3070: result: yes
configure:3073: checking for C++ compiler default output file name
configure:3075: result: a.out
configure:3081: checking for suffix of executables
configure:3088: g++ -o conftest -O2   conftest.cpp  >&5
configure:3092: $? = 0
configure:3114: result: 
configure:3136: checking whether we are cross compiling
configure:3144: g++ -o conftest -O2   conftest.cpp  >&5
configure:3148: $? = 0
configure:3155: ./conftest
configure:3159: $? = 0
configure:3174: result: no
configure:3179: checking for suffix of object files
configure:3201: g++ -c -O2  conftest.cpp >&5
configure:3205: $? = 0
configure:3226: result: o
configure:3230: checking whether we are using the GNU C++ compiler
configure:3249: g++ -c -O2  conftest.cpp >&5
configure:3249: $? = 0
configure:3258: result: yes
configure:3267: checking whether g++ accepts -g
configure:3287: g++ -c -g  conftest.cpp >&5
configure:3287: $? = 0
configure:3328: result: yes
configure:3362: checking for style of include used by make
configure:3390: result: GNU
configure:3416: checking dependency style of g++
configure:3527: result: gcc3
configure:3547: checking build system type
configure:3561: result: x86_64-unknown-linux-gnu
configure:3581: checking host system type
configure:3594: result: x86_64-unknown-linux-gnu
configure:3661: checking how to print strings
configure:3688: result: printf
configure:3757: checking for gcc
configure:3773: found /usr/bin/gcc
configure:3784: result: gcc
configure:4013: checking for C compiler version
configure:4022: gcc --version >&5
gcc (Ubuntu 4.8.2-19ubuntu1) 4.8.2
Copyright (C) 2013 Free Software Foundation, Inc.
This is free software; see the source for copying conditions.  There is NO
warranty; not even for MERCHANTABILITY or FITNESS FOR A PARTICULAR PURPOSE.

configure:4033: $? = 0
configure:4022: gcc -v >&5
Using built-in specs.
COLLECT_GCC=gcc
COLLECT_LTO_WRAPPER=/usr/lib/gcc/x86_64-linux-gnu/4.8/lto-wrapper
Target: x86_64-linux-gnu
Configured with: ../src/configure -v --with-pkgversion='Ubuntu 4.8.2-19ubuntu1' --with-bugurl=file:///usr/share/doc/gcc-4.8/README.Bugs --enable-languages=c,c++,java,go,d,fortran,objc,obj-c++ --prefix=/usr --program-suffix=-4.8 --enable-shared --enable-linker-build-id --libexecdir=/usr/lib --without-included-gettext --enable-threads=posix --with-gxx-include-dir=/usr/include/c++/4.8 --libdir=/usr/lib --enable-nls --with-sysroot=/ --enable-clocale=gnu --enable-libstdcxx-debug --enable-libstdcxx-time=yes --enable-gnu-unique-object --disable-libmudflap --enable-plugin --with-system-zlib --disable-browser-plugin --enable-java-awt=gtk --enable-gtk-cairo --with-java-home=/usr/lib/jvm/java-1.5.0-gcj-4.8-amd64/jre --enable-java-home --with-jvm-root-dir=/usr/lib/jvm/java-1.5.0-gcj-4.8-amd64 --with-jvm-jar-dir=/usr/lib/jvm-exports/java-1.5.0-gcj-4.8-amd64 --with-arch-directory=amd64 --with-ecj-jar=/usr/share/java/eclipse-ecj.jar --enable-objc-gc --enable-multiarch --disable-werror --with-arch-32=i686 --with-abi=m64 --with-multilib-list=m32,m64,mx32 --with-tune=generic --enable-checking=release --build=x86_64-linux-gnu --host=x86_64-linux-gnu --target=x86_64-linux-gnu
Thread model: posix
gcc version 4.8.2 (Ubuntu 4.8.2-19ubuntu1) 
configure:4033: $? = 0
configure:4022: gcc -V >&5
gcc: error: unrecognized command line option '-V'
gcc: fatal error: no input files
compilation terminated.
configure:4033: $? = 4
configure:4022: gcc -qversion >&5
gcc: error: unrecognized command line option '-qversion'
gcc: fatal error: no input files
compilation terminated.
configure:4033: $? = 4
configure:4037: checking whether we are using the GNU C compiler
configure:4056: gcc -c -O2  conftest.c >&5
configure:4056: $? = 0
configure:4065: result: yes
configure:4074: checking whether gcc accepts -g
configure:4094: gcc -c -g  conftest.c >&5
configure:4094: $? = 0
configure:4135: result: yes
configure:4152: checking for gcc option to accept ISO C89
configure:4215: gcc  -c -O2  conftest.c >&5
configure:4215: $? = 0
configure:4228: result: none needed
configure:4250: checking dependency style of gcc
configure:4361: result: gcc3
configure:4376: checking for a sed that does not truncate output
configure:4440: result: /bin/sed
configure:4458: checking for grep that handles long lines and -e
configure:4516: result: /bin/grep
configure:4521: checking for egrep
configure:4583: result: /bin/grep -E
configure:4588: checking for fgrep
configure:4650: result: /bin/grep -F
configure:4685: checking for ld used by gcc
configure:4752: result: /usr/bin/ld
configure:4759: checking if the linker (/usr/bin/ld) is GNU ld
configure:4774: result: yes
configure:4786: checking for BSD- or MS-compatible name lister (nm)
configure:4835: result: /usr/bin/nm -B
configure:4965: checking the name lister (/usr/bin/nm -B) interface
configure:4972: gcc -c -O2  conftest.c >&5
configure:4975: /usr/bin/nm -B "conftest.o"
configure:4978: output
0000000000000000 B some_variable
configure:4985: result: BSD nm
configure:4988: checking whether ln -s works
configure:4992: result: yes
configure:5000: checking the maximum length of command line arguments
configure:5130: result: 1572864
configure:5147: checking whether the shell understands some XSI constructs
configure:5157: result: yes
configure:5161: checking whether the shell understands "+="
configure:5167: result: yes
configure:5202: checking how to convert x86_64-unknown-linux-gnu file names to x86_64-unknown-linux-gnu format
configure:5242: result: func_convert_file_noop
configure:5249: checking how to convert x86_64-unknown-linux-gnu file names to toolchain format
configure:5269: result: func_convert_file_noop
configure:5276: checking for /usr/bin/ld option to reload object files
configure:5283: result: -r
configure:5357: checking for objdump
configure:5373: found /usr/bin/objdump
configure:5384: result: objdump
configure:5416: checking how to recognize dependent libraries
configure:5614: result: pass_all
configure:5699: checking for dlltool
configure:5729: result: no
configure:5759: checking how to associate runtime and link libraries
configure:5786: result: printf %s\n
configure:5847: checking for ar
configure:5863: found /usr/bin/ar
configure:5874: result: ar
configure:5911: checking for archiver @FILE support
configure:5928: gcc -c -O2  conftest.c >&5
configure:5928: $? = 0
configure:5931: ar cru libconftest.a @conftest.lst >&5
configure:5934: $? = 0
configure:5939: ar cru libconftest.a @conftest.lst >&5
ar: conftest.o: No such file or directory
configure:5942: $? = 1
configure:5954: result: @
configure:6012: checking for strip
configure:6028: found /usr/bin/strip
configure:6039: result: strip
configure:6111: checking for ranlib
configure:6127: found /usr/bin/ranlib
configure:6138: result: ranlib
configure:6240: checking command to parse /usr/bin/nm -B output from gcc object
configure:6360: gcc -c -O2  conftest.c >&5
configure:6363: $? = 0
configure:6367: /usr/bin/nm -B conftest.o \| sed -n -e 's/^.*[ ]\([ABCDGIRSTW][ABCDGIRSTW]*\)[ ][ ]*\([_A-Za-z][_A-Za-z0-9]*\)$/\1 \2 \2/p' | sed '/ __gnu_lto/d' \> conftest.nm
configure:6370: $? = 0
configure:6436: gcc -o conftest -O2   conftest.c conftstm.o >&5
configure:6439: $? = 0
configure:6477: result: ok
configure:6514: checking for sysroot
configure:6544: result: no
configure:6621: gcc -c -O2  conftest.c >&5
configure:6624: $? = 0
configure:6800: checking for mt
configure:6816: found /bin/mt
configure:6827: result: mt
configure:6850: checking if mt is a manifest tool
configure:6856: mt '-?'
configure:6864: result: no
configure:7506: checking how to run the C preprocessor
configure:7537: gcc -E  conftest.c
configure:7537: $? = 0
configure:7551: gcc -E  conftest.c
conftest.c:11:28: fatal error: ac_nonexistent.h: No such file or directory
 #include <ac_nonexistent.h>
                            ^
compilation terminated.
configure:7551: $? = 1
configure: failed program was:
| /* confdefs.h */
| #define PACKAGE_NAME "grit"
| #define PACKAGE_TARNAME "grit"
| #define PACKAGE_VERSION "0.8.12"
| #define PACKAGE_STRING "grit 0.8.12"
| #define PACKAGE_BUGREPORT "davem@devkitpro.org"
| #define PACKAGE_URL ""
| #define PACKAGE "grit"
| #define VERSION "0.8.12"
| /* end confdefs.h.  */
| #include <ac_nonexistent.h>
configure:7576: result: gcc -E
configure:7596: gcc -E  conftest.c
configure:7596: $? = 0
configure:7610: gcc -E  conftest.c
conftest.c:11:28: fatal error: ac_nonexistent.h: No such file or directory
 #include <ac_nonexistent.h>
                            ^
compilation terminated.
configure:7610: $? = 1
configure: failed program was:
| /* confdefs.h */
| #define PACKAGE_NAME "grit"
| #define PACKAGE_TARNAME "grit"
| #define PACKAGE_VERSION "0.8.12"
| #define PACKAGE_STRING "grit 0.8.12"
| #define PACKAGE_BUGREPORT "davem@devkitpro.org"
| #define PACKAGE_URL ""
| #define PACKAGE "grit"
| #define VERSION "0.8.12"
| /* end confdefs.h.  */
| #include <ac_nonexistent.h>
configure:7639: checking for ANSI C header files
configure:7659: gcc -c -O2  conftest.c >&5
configure:7659: $? = 0
configure:7732: gcc -o conftest -O2   conftest.c  >&5
configure:7732: $? = 0
configure:7732: ./conftest
configure:7732: $? = 0
configure:7743: result: yes
configure:7756: checking for sys/types.h
configure:7756: gcc -c -O2  conftest.c >&5
configure:7756: $? = 0
configure:7756: result: yes
configure:7756: checking for sys/stat.h
configure:7756: gcc -c -O2  conftest.c >&5
configure:7756: $? = 0
configure:7756: result: yes
configure:7756: checking for stdlib.h
configure:7756: gcc -c -O2  conftest.c >&5
configure:7756: $? = 0
configure:7756: result: yes
configure:7756: checking for string.h
configure:7756: gcc -c -O2  conftest.c >&5
configure:7756: $? = 0
configure:7756: result: yes
configure:7756: checking for memory.h
configure:7756: gcc -c -O2  conftest.c >&5
configure:7756: $? = 0
configure:7756: result: yes
configure:7756: checking for strings.h
configure:7756: gcc -c -O2  conftest.c >&5
configure:7756: $? = 0
configure:7756: result: yes
configure:7756: checking for inttypes.h
configure:7756: gcc -c -O2  conftest.c >&5
configure:7756: $? = 0
configure:7756: result: yes
configure:7756: checking for stdint.h
configure:7756: gcc -c -O2  conftest.c >&5
configure:7756: $? = 0
configure:7756: result: yes
configure:7756: checking for unistd.h
configure:7756: gcc -c -O2  conftest.c >&5
configure:7756: $? = 0
configure:7756: result: yes
configure:7770: checking for dlfcn.h
configure:7770: gcc -c -O2  conftest.c >&5
configure:7770: $? = 0
configure:7770: result: yes
configure:7987: checking for objdir
configure:8002: result: .libs
configure:8269: checking if gcc supports -fno-rtti -fno-exceptions
configure:8287: gcc -c -O2  -fno-rtti -fno-exceptions conftest.c >&5
cc1: warning: command line option '-fno-rtti' is valid for C++/ObjC++ but not for C [enabled by default]
configure:8291: $? = 0
configure:8304: result: no
configure:8631: checking for gcc option to produce PIC
configure:8638: result: -fPIC -DPIC
configure:8646: checking if gcc PIC flag -fPIC -DPIC works
configure:8664: gcc -c -O2  -fPIC -DPIC -DPIC conftest.c >&5
configure:8668: $? = 0
configure:8681: result: yes
configure:8710: checking if gcc static flag -static works
configure:8738: result: yes
configure:8753: checking if gcc supports -c -o file.o
configure:8774: gcc -c -O2  -o out/conftest2.o conftest.c >&5
configure:8778: $? = 0
configure:8800: result: yes
configure:8808: checking if gcc supports -c -o file.o
configure:8855: result: yes
configure:8888: checking whether the gcc linker (/usr/bin/ld -m elf_x86_64) supports shared libraries
configure:10045: result: yes
configure:10082: checking whether -lc should be explicitly linked in
configure:10090: gcc -c -O2  conftest.c >&5
configure:10093: $? = 0
configure:10108: gcc -shared  -fPIC -DPIC conftest.o  -v -Wl,-soname -Wl,conftest -o conftest 2\>\&1 \| /bin/grep  -lc  \>/dev/null 2\>\&1
configure:10111: $? = 0
configure:10125: result: no
configure:10285: checking dynamic linker characteristics
configure:10785: gcc -o conftest -O2   -Wl,-rpath -Wl,/foo conftest.c  >&5
configure:10785: $? = 0
configure:11019: result: GNU/Linux ld.so
configure:11126: checking how to hardcode library paths into programs
configure:11151: result: immediate
configure:11691: checking whether stripping libraries is possible
configure:11696: result: yes
configure:11731: checking if libtool supports shared libraries
configure:11733: result: yes
configure:11736: checking whether to build shared libraries
configure:11757: result: yes
configure:11760: checking whether to build static libraries
configure:11764: result: yes
configure:11787: checking how to run the C++ preprocessor
configure:11814: g++ -E  conftest.cpp
configure:11814: $? = 0
configure:11828: g++ -E  conftest.cpp
conftest.cpp:23:28: fatal error: ac_nonexistent.h: No such file or directory
 #include <ac_nonexistent.h>
                            ^
compilation terminated.
configure:11828: $? = 1
configure: failed program was:
| /* confdefs.h */
| #define PACKAGE_NAME "grit"
| #define PACKAGE_TARNAME "grit"
| #define PACKAGE_VERSION "0.8.12"
| #define PACKAGE_STRING "grit 0.8.12"
| #define PACKAGE_BUGREPORT "davem@devkitpro.org"
| #define PACKAGE_URL ""
| #define PACKAGE "grit"
| #define VERSION "0.8.12"
| #define STDC_HEADERS 1
| #define HAVE_SYS_TYPES_H 1
| #define HAVE_SYS_STAT_H 1
| #define HAVE_STDLIB_H 1
| #define HAVE_STRING_H 1
| #define HAVE_MEMORY_H 1
| #define HAVE_STRINGS_H 1
| #define HAVE_INTTYPES_H 1
| #define HAVE_STDINT_H 1
| #define HAVE_UNISTD_H 1
| #define HAVE_DLFCN_H 1
| #define LT_OBJDIR ".libs/"
| /* end confdefs.h.  */
| #include <ac_nonexistent.h>
configure:11853: result: g++ -E
configure:11873: g++ -E  conftest.cpp
configure:11873: $? = 0
configure:11887: g++ -E  conftest.cpp
conftest.cpp:23:28: fatal error: ac_nonexistent.h: No such file or directory
 #include <ac_nonexistent.h>
                            ^
compilation terminated.
configure:11887: $? = 1
configure: failed program was:
| /* confdefs.h */
| #define PACKAGE_NAME "grit"
| #define PACKAGE_TARNAME "grit"
| #define PACKAGE_VERSION "0.8.12"
| #define PACKAGE_STRING "grit 0.8.12"
| #define PACKAGE_BUGREPORT "davem@devkitpro.org"
| #define PACKAGE_URL ""
| #define PACKAGE "grit"
| #define VERSION "0.8.12"
| #define STDC_HEADERS 1
| #define HAVE_SYS_TYPES_H 1
| #define HAVE_SYS_STAT_H 1
| #define HAVE_STDLIB_H 1
| #define HAVE_STRING_H 1
| #define HAVE_MEMORY_H 1
| #define HAVE_STRINGS_H 1
| #define HAVE_INTTYPES_H 1
| #define HAVE_STDINT_H 1
| #define HAVE_UNISTD_H 1
| #define HAVE_DLFCN_H 1
| #define LT_OBJDIR ".libs/"
| /* end confdefs.h.  */
| #include <ac_nonexistent.h>
configure:12056: checking for ld used by g++
configure:12123: result: /usr/bin/ld -m elf_x86_64
configure:12130: checking if the linker (/usr/bin/ld -m elf_x86_64) is GNU ld
configure:12145: result: yes
configure:12200: checking whether the g++ linker (/usr/bin/ld -m elf_x86_64) supports shared libraries
configure:13202: result: yes
configure:13238: g++ -c -O2  conftest.cpp >&5
configure:13241: $? = 0
configure:13761: checking for g++ option to produce PIC
configure:13768: result: -fPIC -DPIC
configure:13776: checking if g++ PIC flag -fPIC -DPIC works
configure:13794: g++ -c -O2  -fPIC -DPIC -DPIC conftest.cpp >&5
configure:13798: $? = 0
configure:13811: result: yes
configure:13834: checking if g++ static flag -static works
configure:13862: result: yes
configure:13874: checking if g++ supports -c -o file.o
configure:13895: g++ -c -O2  -o out/conftest2.o conftest.cpp >&5
configure:13899: $? = 0
configure:13921: result: yes
configure:13926: checking if g++ supports -c -o file.o
configure:13973: result: yes
configure:14003: checking whether the g++ linker (/usr/bin/ld -m elf_x86_64) supports shared libraries
configure:14042: result: yes
configure:14183: checking dynamic linker characteristics
configure:14851: result: GNU/Linux ld.so
configure:14904: checking how to hardcode library paths into programs
configure:14929: result: immediate
configure:15000: checking FreeImage.h usability
configure:15000: gcc -c -O2  conftest.c >&5
configure:15000: $? = 0
configure:15000: result: yes
configure:15000: checking FreeImage.h presence
configure:15000: gcc -E  conftest.c
configure:15000: $? = 0
configure:15000: result: yes
configure:15000: checking for FreeImage.h
configure:15000: result: yes
configure:15007: checking for libfreeimage
configure:15022: gcc -o conftest -O2   conftest.c  -lfreeimage  -lstdc++ >&5
configure:15022: $? = 0
configure:15029: result: yes
configure:15213: creating ./config.status

## ---------------------- ##
## Running config.status. ##
## ---------------------- ##

This file was extended by grit config.status 0.8.12, which was
generated by GNU Autoconf 2.69.  Invocation command line was

  CONFIG_FILES    = 
  CONFIG_HEADERS  = 
  CONFIG_LINKS    = 
  CONFIG_COMMANDS = 
  $ ./config.status 

on nookie

config.status:1062: creating Makefile
config.status:1234: executing depfiles commands
config.status:1234: executing libtool commands

## ---------------- ##
## Cache variables. ##
## ---------------- ##

ac_cv_build=x86_64-unknown-linux-gnu
ac_cv_c_compiler_gnu=yes
ac_cv_cxx_compiler_gnu=yes
ac_cv_env_CCC_set=
ac_cv_env_CCC_value=
ac_cv_env_CC_set=
ac_cv_env_CC_value=
ac_cv_env_CFLAGS_set=set
ac_cv_env_CFLAGS_value=-O2
ac_cv_env_CPPFLAGS_set=
ac_cv_env_CPPFLAGS_value=
ac_cv_env_CPP_set=
ac_cv_env_CPP_value=
ac_cv_env_CXXCPP_set=
ac_cv_env_CXXCPP_value=
ac_cv_env_CXXFLAGS_set=set
ac_cv_env_CXXFLAGS_value=-O2
ac_cv_env_CXX_set=
ac_cv_env_CXX_value=
ac_cv_env_LDFLAGS_set=
ac_cv_env_LDFLAGS_value=
ac_cv_env_LIBS_set=
ac_cv_env_LIBS_value=
ac_cv_env_build_alias_set=
ac_cv_env_build_alias_value=
ac_cv_env_host_alias_set=
ac_cv_env_host_alias_value=
ac_cv_env_target_alias_set=
ac_cv_env_target_alias_value=
ac_cv_header_FreeImage_h=yes
ac_cv_header_dlfcn_h=yes
ac_cv_header_inttypes_h=yes
ac_cv_header_memory_h=yes
ac_cv_header_stdc=yes
ac_cv_header_stdint_h=yes
ac_cv_header_stdlib_h=yes
ac_cv_header_string_h=yes
ac_cv_header_strings_h=yes
ac_cv_header_sys_stat_h=yes
ac_cv_header_sys_types_h=yes
ac_cv_header_unistd_h=yes
ac_cv_host=x86_64-unknown-linux-gnu
ac_cv_objext=o
ac_cv_path_EGREP='/bin/grep -E'
ac_cv_path_FGREP='/bin/grep -F'
ac_cv_path_GREP=/bin/grep
ac_cv_path_SED=/bin/sed
ac_cv_path_install='/usr/bin/install -c'
ac_cv_path_mkdir=/bin/mkdir
ac_cv_prog_AWK=mawk
ac_cv_prog_CPP='gcc -E'
ac_cv_prog_CXXCPP='g++ -E'
ac_cv_prog_ac_ct_AR=ar
ac_cv_prog_ac_ct_CC=gcc
ac_cv_prog_ac_ct_CXX=g++
ac_cv_prog_ac_ct_MANIFEST_TOOL=mt
ac_cv_prog_ac_ct_OBJDUMP=objdump
ac_cv_prog_ac_ct_RANLIB=ranlib
ac_cv_prog_ac_ct_STRIP=strip
ac_cv_prog_cc_c89=
ac_cv_prog_cc_g=yes
ac_cv_prog_cxx_g=yes
ac_cv_prog_make_make_set=yes
am_cv_CC_dependencies_compiler_type=gcc3
am_cv_CXX_dependencies_compiler_type=gcc3
lt_cv_ar_at_file=@
lt_cv_archive_cmds_need_lc=no
lt_cv_deplibs_check_method=pass_all
lt_cv_file_magic_cmd='$MAGIC_CMD'
lt_cv_file_magic_test_file=
lt_cv_ld_reload_flag=-r
lt_cv_nm_interface='BSD nm'
lt_cv_objdir=.libs
lt_cv_path_LD=/usr/bin/ld
lt_cv_path_LDCXX='/usr/bin/ld -m elf_x86_64'
lt_cv_path_NM='/usr/bin/nm -B'
lt_cv_path_mainfest_tool=no
lt_cv_prog_compiler_c_o=yes
lt_cv_prog_compiler_c_o_CXX=yes
lt_cv_prog_compiler_pic='-fPIC -DPIC'
lt_cv_prog_compiler_pic_CXX='-fPIC -DPIC'
lt_cv_prog_compiler_pic_works=yes
lt_cv_prog_compiler_pic_works_CXX=yes
lt_cv_prog_compiler_rtti_exceptions=no
lt_cv_prog_compiler_static_works=yes
lt_cv_prog_compiler_static_works_CXX=yes
lt_cv_prog_gnu_ld=yes
lt_cv_prog_gnu_ldcxx=yes
lt_cv_sharedlib_from_linklib_cmd='printf %s\n'
lt_cv_shlibpath_overrides_runpath=no
lt_cv_sys_global_symbol_pipe='sed -n -e '\''s/^.*[	 ]\([ABCDGIRSTW][ABCDGIRSTW]*\)[	 ][	 ]*\([_A-Za-z][_A-Za-z0-9]*\)$/\1 \2 \2/p'\'' | sed '\''/ __gnu_lto/d'\'''
lt_cv_sys_global_symbol_to_c_name_address='sed -n -e '\''s/^: \([^ ]*\)[ ]*$/  {\"\1\", (void *) 0},/p'\'' -e '\''s/^[ABCDGIRSTW]* \([^ ]*\) \([^ ]*\)$/  {"\2", (void *) \&\2},/p'\'''
lt_cv_sys_global_symbol_to_c_name_address_lib_prefix='sed -n -e '\''s/^: \([^ ]*\)[ ]*$/  {\"\1\", (void *) 0},/p'\'' -e '\''s/^[ABCDGIRSTW]* \([^ ]*\) \(lib[^ ]*\)$/  {"\2", (void *) \&\2},/p'\'' -e '\''s/^[ABCDGIRSTW]* \([^ ]*\) \([^ ]*\)$/  {"lib\2", (void *) \&\2},/p'\'''
lt_cv_sys_global_symbol_to_cdecl='sed -n -e '\''s/^T .* \(.*\)$/extern int \1();/p'\'' -e '\''s/^[ABCDGIRSTW]* .* \(.*\)$/extern char \1;/p'\'''
lt_cv_sys_max_cmd_len=1572864
lt_cv_to_host_file_cmd=func_convert_file_noop
lt_cv_to_tool_file_cmd=func_convert_file_noop

## ----------------- ##
## Output variables. ##
## ----------------- ##

ACLOCAL='${SHELL} /usr/local/src/c.cpp.h/_/plex/build/devkitpro/grit-0.8.12/missing --run aclocal-1.11'
AMDEPBACKSLASH='\'
AMDEP_FALSE='#'
AMDEP_TRUE=''
AMTAR='$${TAR-tar}'
AR='ar'
AUTOCONF='${SHELL} /usr/local/src/c.cpp.h/_/plex/build/devkitpro/grit-0.8.12/missing --run autoconf'
AUTOHEADER='${SHELL} /usr/local/src/c.cpp.h/_/plex/build/devkitpro/grit-0.8.12/missing --run autoheader'
AUTOMAKE='${SHELL} /usr/local/src/c.cpp.h/_/plex/build/devkitpro/grit-0.8.12/missing --run automake-1.11'
AWK='mawk'
CC='gcc'
CCDEPMODE='depmode=gcc3'
CFLAGS='-O2'
CPP='gcc -E'
CPPFLAGS=''
CXX='g++'
CXXCPP='g++ -E'
CXXDEPMODE='depmode=gcc3'
CXXFLAGS='-O2'
CYGPATH_W='echo'
DEFS='-DPACKAGE_NAME=\"grit\" -DPACKAGE_TARNAME=\"grit\" -DPACKAGE_VERSION=\"0.8.12\" -DPACKAGE_STRING=\"grit\ 0.8.12\" -DPACKAGE_BUGREPORT=\"davem@devkitpro.org\" -DPACKAGE_URL=\"\" -DPACKAGE=\"grit\" -DVERSION=\"0.8.12\" -DSTDC_HEADERS=1 -DHAVE_SYS_TYPES_H=1 -DHAVE_SYS_STAT_H=1 -DHAVE_STDLIB_H=1 -DHAVE_STRING_H=1 -DHAVE_MEMORY_H=1 -DHAVE_STRINGS_H=1 -DHAVE_INTTYPES_H=1 -DHAVE_STDINT_H=1 -DHAVE_UNISTD_H=1 -DHAVE_DLFCN_H=1 -DLT_OBJDIR=\".libs/\"'
DEPDIR='.deps'
DLLTOOL='false'
DSYMUTIL=''
DUMPBIN=''
ECHO_C=''
ECHO_N='-n'
ECHO_T=''
EGREP='/bin/grep -E'
EXEEXT=''
FGREP='/bin/grep -F'
FREEIMAGE_LIBS='-lfreeimage  -lstdc++'
GREP='/bin/grep'
INSTALL_DATA='${INSTALL} -m 644'
INSTALL_PROGRAM='${INSTALL}'
INSTALL_SCRIPT='${INSTALL}'
INSTALL_STRIP_PROGRAM='$(install_sh) -c -s'
LD='/usr/bin/ld -m elf_x86_64'
LDFLAGS=''
LIBOBJS=''
LIBS=''
LIBTOOL='$(SHELL) $(top_builddir)/libtool'
LIPO=''
LN_S='ln -s'
LTLIBOBJS=''
MAKEINFO='${SHELL} /usr/local/src/c.cpp.h/_/plex/build/devkitpro/grit-0.8.12/missing --run makeinfo'
MANIFEST_TOOL=':'
MKDIR_P='/bin/mkdir -p'
NM='/usr/bin/nm -B'
NMEDIT=''
OBJDUMP='objdump'
OBJEXT='o'
OTOOL64=''
OTOOL=''
PACKAGE='grit'
PACKAGE_BUGREPORT='davem@devkitpro.org'
PACKAGE_NAME='grit'
PACKAGE_STRING='grit 0.8.12'
PACKAGE_TARNAME='grit'
PACKAGE_URL=''
PACKAGE_VERSION='0.8.12'
PATH_SEPARATOR=':'
RANLIB='ranlib'
SED='/bin/sed'
SET_MAKE=''
SHELL='/bin/bash'
STRIP='strip'
VERSION='0.8.12'
ac_ct_AR='ar'
ac_ct_CC='gcc'
ac_ct_CXX='g++'
ac_ct_DUMPBIN=''
am__EXEEXT_FALSE=''
am__EXEEXT_TRUE='#'
am__fastdepCC_FALSE='#'
am__fastdepCC_TRUE=''
am__fastdepCXX_FALSE='#'
am__fastdepCXX_TRUE=''
am__include='include'
am__isrc=''
am__leading_dot='.'
am__nodep='_no'
am__quote=''
am__tar='$${TAR-tar} chof - "$$tardir"'
am__untar='$${TAR-tar} xf -'
bindir='${exec_prefix}/bin'
build='x86_64-unknown-linux-gnu'
build_alias=''
build_cpu='x86_64'
build_os='linux-gnu'
build_vendor='unknown'
datadir='${datarootdir}'
datarootdir='${prefix}/share'
docdir='${datarootdir}/doc/${PACKAGE_TARNAME}'
dvidir='${docdir}'
exec_prefix='${prefix}'
host='x86_64-unknown-linux-gnu'
host_alias=''
host_cpu='x86_64'
host_os='linux-gnu'
host_vendor='unknown'
htmldir='${docdir}'
includedir='${prefix}/include'
infodir='${datarootdir}/info'
install_sh='${SHELL} /usr/local/src/c.cpp.h/_/plex/build/devkitpro/grit-0.8.12/install-sh'
libdir='${exec_prefix}/lib'
libexecdir='${exec_prefix}/libexec'
localedir='${datarootdir}/locale'
localstatedir='${prefix}/var'
mandir='${datarootdir}/man'
mkdir_p='/bin/mkdir -p'
oldincludedir='/usr/include'
pdfdir='${docdir}'
prefix='/opt/radiofreedom/arm'
program_transform_name='s,x,x,'
psdir='${docdir}'
sbindir='${exec_prefix}/sbin'
sharedstatedir='${prefix}/com'
sysconfdir='${prefix}/etc'
target_alias=''

## ----------- ##
## confdefs.h. ##
## ----------- ##

/* confdefs.h */
#define PACKAGE_NAME "grit"
#define PACKAGE_TARNAME "grit"
#define PACKAGE_VERSION "0.8.12"
#define PACKAGE_STRING "grit 0.8.12"
#define PACKAGE_BUGREPORT "davem@devkitpro.org"
#define PACKAGE_URL ""
#define PACKAGE "grit"
#define VERSION "0.8.12"
#define STDC_HEADERS 1
#define HAVE_SYS_TYPES_H 1
#define HAVE_SYS_STAT_H 1
#define HAVE_STDLIB_H 1
#define HAVE_STRING_H 1
#define HAVE_MEMORY_H 1
#define HAVE_STRINGS_H 1
#define HAVE_INTTYPES_H 1
#define HAVE_STDINT_H 1
#define HAVE_UNISTD_H 1
#define HAVE_DLFCN_H 1
#define LT_OBJDIR ".libs/"

configure: exit 0
